#
# There is insufficient memory for the Java Runtime Environment to continue.
# Native memory allocation (mmap) failed to map 132120576 bytes. Error detail: G1 virtual space
# Possible reasons:
#   The system is out of physical RAM or swap space
#   This process is running with CompressedOops enabled, and the Java Heap may be blocking the growth of the native heap
# Possible solutions:
#   Reduce memory load on the system
#   Increase physical memory or swap space
#   Check if swap backing store is full
#   Decrease Java heap size (-Xmx/-Xms)
#   Decrease number of Java threads
#   Decrease Java thread stack sizes (-Xss)
#   Set larger code cache with -XX:ReservedCodeCacheSize=
#   JVM is running with Unscaled Compressed Oops mode in which the Java heap is
#     placed in the first 4GB address space. The Java Heap base address is the
#     maximum limit for the native heap growth. Please use -XX:HeapBaseMinAddress
#     to set the Java Heap base and to place the Java Heap above 4GB virtual address.
# This output file may be truncated or incomplete.
#
#  Out of Memory Error (os_windows.cpp:3631), pid=8808, tid=16204
#
# JRE version:  (22.0.1+8) (build )
# Java VM: OpenJDK 64-Bit Server VM (22.0.1+8-16, mixed mode, sharing, tiered, compressed oops, compressed class ptrs, g1 gc, windows-amd64)
# No core dump will be written. Minidumps are not enabled by default on client versions of Windows
#

---------------  S U M M A R Y ------------

Command Line: -Dnet.bytebuddy.agent.attacher.dump= net.bytebuddy.agent.Attacher com.sun.tools.attach.VirtualMachine 16188 C:\Users\Jacob\.m2\repository\net\bytebuddy\byte-buddy-agent\1.14.19\byte-buddy-agent-1.14.19.jar false 

Host: Intel(R) Core(TM) i5-10300H CPU @ 2.50GHz, 8 cores, 7G,  Windows 11 , 64 bit Build 22621 (10.0.22621.3958)
Time: Sun Nov 17 21:17:55 2024 Pacific Standard Time elapsed time: 0.013407 seconds (0d 0h 0m 0s)

---------------  T H R E A D  ---------------

Current thread (0x000001dfb6c79920):  JavaThread "Unknown thread" [_thread_in_vm, id=16204, stack(0x0000009f2ab00000,0x0000009f2ac00000) (1024K)]

Stack: [0x0000009f2ab00000,0x0000009f2ac00000]
Native frames: (J=compiled Java code, j=interpreted, Vv=VM code, C=native code)
V  [jvm.dll+0x6e2279]  (no source info available)
V  [jvm.dll+0x874e33]  (no source info available)
V  [jvm.dll+0x87725e]  (no source info available)
V  [jvm.dll+0x877933]  (no source info available)
V  [jvm.dll+0x27fd76]  (no source info available)
V  [jvm.dll+0x6de915]  (no source info available)
V  [jvm.dll+0x6d341a]  (no source info available)
V  [jvm.dll+0x3589da]  (no source info available)
V  [jvm.dll+0x360f06]  (no source info available)
V  [jvm.dll+0x3b3e2e]  (no source info available)
V  [jvm.dll+0x3b40d8]  (no source info available)
V  [jvm.dll+0x32c59c]  (no source info available)
V  [jvm.dll+0x32d158]  (no source info available)
V  [jvm.dll+0x83ccdc]  (no source info available)
V  [jvm.dll+0x3c0d71]  (no source info available)
V  [jvm.dll+0x825ccc]  (no source info available)
V  [jvm.dll+0x45b8fe]  (no source info available)
V  [jvm.dll+0x45d781]  (no source info available)
C  [jli.dll+0x52a3]  (no source info available)
C  [ucrtbase.dll+0x29333]  (no source info available)
C  [KERNEL32.DLL+0x1257d]  (no source info available)
C  [ntdll.dll+0x5af08]  (no source info available)


---------------  P R O C E S S  ---------------

Threads class SMR info:
_java_thread_list=0x00007ffb3a45b1c8, length=0, elements={
}

Java Threads: ( => current thread )
Total: 0

Other Threads:
  0x000001dfb6e608f0 WorkerThread "GC Thread#0"                     [id=11316, stack(0x0000009f2ac00000,0x0000009f2ad00000) (1024K)]
  0x000001dfb6e711f0 ConcurrentGCThread "G1 Main Marker"            [id=12400, stack(0x0000009f2ad00000,0x0000009f2ae00000) (1024K)]
  0x000001dfb6e71cc0 WorkerThread "G1 Conc#0"                       [id=10740, stack(0x0000009f2ae00000,0x0000009f2af00000) (1024K)]

[error occurred during error reporting (printing all threads), id 0xc0000005, EXCEPTION_ACCESS_VIOLATION (0xc0000005) at pc=0x00007ffb39baf367]
VM state: not at safepoint (not fully initialized)

VM Mutex/Monitor currently owned by a thread:  ([mutex/lock_event])
[0x00007ffb3a4dbcb8] Heap_lock - owner thread: 0x000001dfb6c79920

Heap address: 0x0000000082800000, size: 2008 MB, Compressed Oops mode: 32-bit

CDS archive(s) mapped at: [0x0000000000000000-0x0000000000000000-0x0000000000000000), size 0, SharedBaseAddress: 0x0000000800000000, ArchiveRelocationMode: 1.
Narrow klass base: 0x0000000000000000, Narrow klass shift: 0, Narrow klass range: 0x0

GC Precious Log:
 CardTable entry size: 512
 Card Set container configuration: InlinePtr #cards 5 size 8 Array Of Cards #cards 12 size 40 Howl #buckets 4 coarsen threshold 1843 Howl Bitmap #cards 512 size 80 coarsen threshold 460 Card regions per heap region 1 cards per card region 2048

Heap:
 garbage-first heap   total reserved 2056192K, committed 0K, used 0K [0x0000000082800000, 0x0000000100000000)
  region size 1024K, 0 young (0K), 0 survivors (0K)

[error occurred during error reporting (printing heap information), id 0xc0000005, EXCEPTION_ACCESS_VIOLATION (0xc0000005) at pc=0x00007ffb39fae429]
GC Heap History (0 events):
No events

Dll operation events (1 events):
Event: 0.009 Loaded shared library C:\Users\Jacob\.jdks\openjdk-22.0.1\bin\java.dll

Deoptimization events (0 events):
No events

Classes loaded (0 events):
No events

Classes unloaded (0 events):
No events

Classes redefined (0 events):
No events

Internal exceptions (0 events):
No events

ZGC Phase Switch (0 events):
No events

VM Operations (0 events):
No events

Events (0 events):
No events


Dynamic libraries:
0x00007ff7d1ac0000 - 0x00007ff7d1ace000 	C:\Users\Jacob\.jdks\openjdk-22.0.1\bin\java.exe
0x00007ffbb16f0000 - 0x00007ffbb1907000 	C:\WINDOWS\SYSTEM32\ntdll.dll
0x00007ffbafba0000 - 0x00007ffbafc64000 	C:\WINDOWS\System32\KERNEL32.DLL
0x00007ffbaec90000 - 0x00007ffbaf047000 	C:\WINDOWS\System32\KERNELBASE.dll
0x00007ffbaf110000 - 0x00007ffbaf221000 	C:\WINDOWS\System32\ucrtbase.dll
0x00007ffbaa480000 - 0x00007ffbaa49b000 	C:\Users\Jacob\.jdks\openjdk-22.0.1\bin\VCRUNTIME140.dll
0x00007ffbaa4d0000 - 0x00007ffbaa4e7000 	C:\Users\Jacob\.jdks\openjdk-22.0.1\bin\jli.dll
0x00007ffbaf650000 - 0x00007ffbaf7ff000 	C:\WINDOWS\System32\USER32.dll
0x00007ffb97df0000 - 0x00007ffb98083000 	C:\WINDOWS\WinSxS\amd64_microsoft.windows.common-controls_6595b64144ccf1df_6.0.22621.3672_none_2713b9d173822955\COMCTL32.dll
0x00007ffbaea00000 - 0x00007ffbaea26000 	C:\WINDOWS\System32\win32u.dll
0x00007ffbb0f80000 - 0x00007ffbb1027000 	C:\WINDOWS\System32\msvcrt.dll
0x00007ffbb15e0000 - 0x00007ffbb1609000 	C:\WINDOWS\System32\GDI32.dll
0x00007ffbaf2d0000 - 0x00007ffbaf3e8000 	C:\WINDOWS\System32\gdi32full.dll
0x00007ffbaf230000 - 0x00007ffbaf2ca000 	C:\WINDOWS\System32\msvcp_win.dll
0x00007ffbafb10000 - 0x00007ffbafb41000 	C:\WINDOWS\System32\IMM32.DLL
0x00007ffbaa4c0000 - 0x00007ffbaa4cc000 	C:\Users\Jacob\.jdks\openjdk-22.0.1\bin\vcruntime140_1.dll
0x00007ffb957f0000 - 0x00007ffb9587e000 	C:\Users\Jacob\.jdks\openjdk-22.0.1\bin\msvcp140.dll
0x00007ffb39870000 - 0x00007ffb3a5b7000 	C:\Users\Jacob\.jdks\openjdk-22.0.1\bin\server\jvm.dll
0x00007ffbb1110000 - 0x00007ffbb11c2000 	C:\WINDOWS\System32\ADVAPI32.dll
0x00007ffbb0db0000 - 0x00007ffbb0e58000 	C:\WINDOWS\System32\sechost.dll
0x00007ffbaf3f0000 - 0x00007ffbaf418000 	C:\WINDOWS\System32\bcrypt.dll
0x00007ffbb0e60000 - 0x00007ffbb0f74000 	C:\WINDOWS\System32\RPCRT4.dll
0x00007ffbb13a0000 - 0x00007ffbb1411000 	C:\WINDOWS\System32\WS2_32.dll
0x00007ffba7270000 - 0x00007ffba72a4000 	C:\WINDOWS\SYSTEM32\WINMM.dll
0x00007ffbadbc0000 - 0x00007ffbadc0d000 	C:\WINDOWS\SYSTEM32\POWRPROF.dll
0x00007ffba68e0000 - 0x00007ffba68ea000 	C:\WINDOWS\SYSTEM32\VERSION.dll
0x00007ffbadba0000 - 0x00007ffbadbb3000 	C:\WINDOWS\SYSTEM32\UMPDC.dll
0x00007ffbada70000 - 0x00007ffbada88000 	C:\WINDOWS\SYSTEM32\kernel.appcore.dll
0x00007ffbaa470000 - 0x00007ffbaa47a000 	C:\Users\Jacob\.jdks\openjdk-22.0.1\bin\jimage.dll
0x00007ffbac2a0000 - 0x00007ffbac4d2000 	C:\WINDOWS\SYSTEM32\DBGHELP.DLL
0x00007ffbb00f0000 - 0x00007ffbb047e000 	C:\WINDOWS\System32\combase.dll
0x00007ffbb1030000 - 0x00007ffbb1107000 	C:\WINDOWS\System32\OLEAUT32.dll
0x00007ffb8de60000 - 0x00007ffb8de92000 	C:\WINDOWS\SYSTEM32\dbgcore.DLL
0x00007ffbaea30000 - 0x00007ffbaeaab000 	C:\WINDOWS\System32\bcryptPrimitives.dll
0x00007ffbaa450000 - 0x00007ffbaa46e000 	C:\Users\Jacob\.jdks\openjdk-22.0.1\bin\java.dll
0x00007ffbb0480000 - 0x00007ffbb0ce9000 	C:\WINDOWS\System32\SHELL32.dll
0x00007ffbaf4a0000 - 0x00007ffbaf645000 	C:\WINDOWS\System32\ole32.dll

dbghelp: loaded successfully - version: 4.0.5 - missing functions: none
symbol engine: initialized successfully - sym options: 0x614 - pdb path: .;C:\Users\Jacob\.jdks\openjdk-22.0.1\bin;C:\WINDOWS\SYSTEM32;C:\WINDOWS\WinSxS\amd64_microsoft.windows.common-controls_6595b64144ccf1df_6.0.22621.3672_none_2713b9d173822955;C:\Users\Jacob\.jdks\openjdk-22.0.1\bin\server

VM Arguments:
jvm_args: -Dnet.bytebuddy.agent.attacher.dump= 
java_command: net.bytebuddy.agent.Attacher com.sun.tools.attach.VirtualMachine 16188 C:\Users\Jacob\.m2\repository\net\bytebuddy\byte-buddy-agent\1.14.19\byte-buddy-agent-1.14.19.jar false 
java_class_path (initial): C:\Users\Jacob\.m2\repository\net\bytebuddy\byte-buddy-agent\1.14.19\byte-buddy-agent-1.14.19.jar
Launcher Type: SUN_STANDARD

[Global flags]
     intx CICompilerCount                          = 4                                         {product} {ergonomic}
     uint ConcGCThreads                            = 2                                         {product} {ergonomic}
     uint G1ConcRefinementThreads                  = 8                                         {product} {ergonomic}
   size_t G1HeapRegionSize                         = 1048576                                   {product} {ergonomic}
   size_t InitialHeapSize                          = 132120576                                 {product} {ergonomic}
   size_t MarkStackSize                            = 4194304                                   {product} {ergonomic}
   size_t MaxHeapSize                              = 2105540608                                {product} {ergonomic}
   size_t MinHeapDeltaBytes                        = 1048576                                   {product} {ergonomic}
   size_t MinHeapSize                              = 8388608                                   {product} {ergonomic}
    uintx NonNMethodCodeHeapSize                   = 5839372                                {pd product} {ergonomic}
    uintx NonProfiledCodeHeapSize                  = 122909434                              {pd product} {ergonomic}
     bool PerfDisableSharedMem                     = true                                      {product} {ergonomic}
    uintx ProfiledCodeHeapSize                     = 122909434                              {pd product} {ergonomic}
    uintx ReservedCodeCacheSize                    = 251658240                              {pd product} {ergonomic}
     bool SegmentedCodeCache                       = true                                      {product} {ergonomic}
   size_t SoftMaxHeapSize                          = 2105540608                             {manageable} {ergonomic}
     bool UseCompressedOops                        = true                           {product lp64_product} {ergonomic}
     bool UseG1GC                                  = true                                      {product} {ergonomic}
     bool UseLargePagesIndividualAllocation        = false                                  {pd product} {ergonomic}

Logging:
Log output configuration:
 #0: stdout all=warning uptime,level,tags foldmultilines=false
 #1: stderr all=off uptime,level,tags foldmultilines=false

Environment Variables:
JAVA_HOME=C:\Users\Jacob\Documents\jdk-21_windows-x64_bin\jdk-21.0.4
PATH=C:\Program Files (x86)\Common Files\Oracle\Java\javapath;C:\Windows\system32;C:\Windows;C:\Windows\System32\Wbem;C:\Windows\System32\WindowsPowerShell\v1.0\;C:\Windows\System32\OpenSSH\;C:\Program Files (x86)\NVIDIA Corporation\PhysX\Common;C:\Program Files\NVIDIA Corporation\NVIDIA NvDLISR;C:\WINDOWS\system32;C:\WINDOWS;C:\WINDOWS\System32\Wbem;C:\WINDOWS\System32\WindowsPowerShell\v1.0\;C:\WINDOWS\System32\OpenSSH\;C:\TDM-GCC-64\bin;C:\Program Files\nodejs\;C:\Program Files\Git\cmd;C:\Program Files\Docker\Docker\resources\bin;C:\Users\Jacob\Documents\jdk-21_windows-x64_bin\jdk-21.0.4\bin;C:\Users\Jacob\AppData\Local\Microsoft\WindowsApps;;C:\Users\Jacob\AppData\Local\Programs\Microsoft VS Code\bin;C:\Users\Jacob\AppData\Roaming\npm;C:\Users\Jacob\Desktop\IntelliJ IDEA Community Edition 2024.1.3\bin;
USERNAME=Jacob
OS=Windows_NT
PROCESSOR_IDENTIFIER=Intel64 Family 6 Model 165 Stepping 2, GenuineIntel
TMP=C:\Users\Jacob\AppData\Local\Temp
TEMP=C:\Users\Jacob\AppData\Local\Temp




Periodic native trim disabled

---------------  S Y S T E M  ---------------

OS:
 Windows 11 , 64 bit Build 22621 (10.0.22621.3958)
OS uptime: 0 days 0:57 hours
Hyper-V role detected

CPU: total 8 (initial active 8) (4 cores per cpu, 2 threads per core) family 6 model 165 stepping 2 microcode 0xe0, cx8, cmov, fxsr, ht, mmx, 3dnowpref, sse, sse2, sse3, ssse3, sse4.1, sse4.2, popcnt, lzcnt, tsc, tscinvbit, avx, avx2, aes, erms, clmul, bmi1, bmi2, adx, fma, vzeroupper, clflush, clflushopt, hv, rdtscp, f16c
Processor Information for all 8 processors :
  Max Mhz: 2496, Current Mhz: 2496, Mhz Limit: 2496

Memory: 4k page, system-wide physical 8029M (826M free)
TotalPageFile size 9928M (AvailPageFile size 40M)
current process WorkingSet (physical memory assigned to process): 12M, peak: 12M
current process commit charge ("private bytes"): 60M, peak: 186M

vm_info: OpenJDK 64-Bit Server VM (22.0.1+8-16) for windows-amd64 JRE (22.0.1+8-16), built on 2024-03-12T10:33:16Z by "mach5one" with MS VC++ 17.6 (VS2022)

END.
