#
# There is insufficient memory for the Java Runtime Environment to continue.
# Native memory allocation (mmap) failed to map 65536 bytes. Error detail: Failed to commit metaspace.
# Possible reasons:
#   The system is out of physical RAM or swap space
#   This process is running with CompressedOops enabled, and the Java Heap may be blocking the growth of the native heap
# Possible solutions:
#   Reduce memory load on the system
#   Increase physical memory or swap space
#   Check if swap backing store is full
#   Decrease Java heap size (-Xmx/-Xms)
#   Decrease number of Java threads
#   Decrease Java thread stack sizes (-Xss)
#   Set larger code cache with -XX:ReservedCodeCacheSize=
#   JVM is running with Unscaled Compressed Oops mode in which the Java heap is
#     placed in the first 4GB address space. The Java Heap base address is the
#     maximum limit for the native heap growth. Please use -XX:HeapBaseMinAddress
#     to set the Java Heap base and to place the Java Heap above 4GB virtual address.
# This output file may be truncated or incomplete.
#
#  Out of Memory Error (virtualSpaceNode.cpp:112), pid=2752, tid=16256
#
# JRE version: OpenJDK Runtime Environment (22.0.1+8) (build 22.0.1+8-16)
# Java VM: OpenJDK 64-Bit Server VM (22.0.1+8-16, mixed mode, sharing, tiered, compressed oops, compressed class ptrs, g1 gc, windows-amd64)
# No core dump will be written. Minidumps are not enabled by default on client versions of Windows
#

---------------  S U M M A R Y ------------

Command Line: -Dnet.bytebuddy.agent.attacher.dump= net.bytebuddy.agent.Attacher com.sun.tools.attach.VirtualMachine 11508 C:\Users\Jacob\.m2\repository\net\bytebuddy\byte-buddy-agent\1.14.19\byte-buddy-agent-1.14.19.jar false 

Host: Intel(R) Core(TM) i5-10300H CPU @ 2.50GHz, 8 cores, 7G,  Windows 11 , 64 bit Build 22621 (10.0.22621.3958)
Time: Sun Nov 17 21:28:30 2024 Pacific Standard Time elapsed time: 0.166199 seconds (0d 0h 0m 0s)

---------------  T H R E A D  ---------------

Current thread (0x000001797e07d710):  JavaThread "C1 CompilerThread0" daemon [_thread_in_vm, id=16256, stack(0x0000004f36c00000,0x0000004f36d00000) (1024K)]


Current CompileTask:
C1:166  264       3       jdk.internal.org.objectweb.asm.MethodWriter::visitVarInsn (302 bytes)

Stack: [0x0000004f36c00000,0x0000004f36d00000]
Native frames: (J=compiled Java code, j=interpreted, Vv=VM code, C=native code)
V  [jvm.dll+0x6e2279]  (no source info available)
V  [jvm.dll+0x874e33]  (no source info available)
V  [jvm.dll+0x87725e]  (no source info available)
V  [jvm.dll+0x877933]  (no source info available)
V  [jvm.dll+0x27fd76]  (no source info available)
V  [jvm.dll+0x870a7e]  (no source info available)
V  [jvm.dll+0x6852e5]  (no source info available)
V  [jvm.dll+0x68534a]  (no source info available)
V  [jvm.dll+0x687b8a]  (no source info available)
V  [jvm.dll+0x2250ac]  (no source info available)
V  [jvm.dll+0x685cfe]  (no source info available)
V  [jvm.dll+0x6973da]  (no source info available)
V  [jvm.dll+0x690262]  (no source info available)
V  [jvm.dll+0x1f1c60]  (no source info available)
V  [jvm.dll+0x1f1e48]  (no source info available)
V  [jvm.dll+0x153462]  (no source info available)
V  [jvm.dll+0x1538a0]  (no source info available)
V  [jvm.dll+0x152c1d]  (no source info available)
V  [jvm.dll+0x154add]  (no source info available)
V  [jvm.dll+0x2569fe]  (no source info available)
V  [jvm.dll+0x254cba]  (no source info available)
V  [jvm.dll+0x3f5336]  (no source info available)
V  [jvm.dll+0x81d44b]  (no source info available)
V  [jvm.dll+0x6e0915]  (no source info available)
C  [ucrtbase.dll+0x29333]  (no source info available)
C  [KERNEL32.DLL+0x1257d]  (no source info available)
C  [ntdll.dll+0x5af08]  (no source info available)


---------------  P R O C E S S  ---------------

Threads class SMR info:
_java_thread_list=0x0000017945270200, length=11, elements={
0x000001795f63d130, 0x000001797e0601f0, 0x000001797e061110, 0x000001797e06a450,
0x000001797e06ee40, 0x000001797e06f4b0, 0x000001797e06fb20, 0x000001797e071a10,
0x000001797e07d710, 0x00000179452910e0, 0x000001794529b3a0
}

Java Threads: ( => current thread )
  0x000001795f63d130 JavaThread "main"                              [_thread_in_vm, id=6648, stack(0x0000004f35d00000,0x0000004f35e00000) (1024K)]
  0x000001797e0601f0 JavaThread "Reference Handler"          daemon [_thread_blocked, id=15456, stack(0x0000004f36500000,0x0000004f36600000) (1024K)]
  0x000001797e061110 JavaThread "Finalizer"                  daemon [_thread_blocked, id=7300, stack(0x0000004f36600000,0x0000004f36700000) (1024K)]
  0x000001797e06a450 JavaThread "Signal Dispatcher"          daemon [_thread_blocked, id=17152, stack(0x0000004f36700000,0x0000004f36800000) (1024K)]
  0x000001797e06ee40 JavaThread "Attach Listener"            daemon [_thread_blocked, id=12132, stack(0x0000004f36800000,0x0000004f36900000) (1024K)]
  0x000001797e06f4b0 JavaThread "Service Thread"             daemon [_thread_blocked, id=7304, stack(0x0000004f36900000,0x0000004f36a00000) (1024K)]
  0x000001797e06fb20 JavaThread "Monitor Deflation Thread"   daemon [_thread_blocked, id=14316, stack(0x0000004f36a00000,0x0000004f36b00000) (1024K)]
  0x000001797e071a10 JavaThread "C2 CompilerThread0"         daemon [_thread_blocked, id=13760, stack(0x0000004f36b00000,0x0000004f36c00000) (1024K)]
=>0x000001797e07d710 JavaThread "C1 CompilerThread0"         daemon [_thread_in_vm, id=16256, stack(0x0000004f36c00000,0x0000004f36d00000) (1024K)]
  0x00000179452910e0 JavaThread "Notification Thread"        daemon [_thread_blocked, id=10084, stack(0x0000004f36d00000,0x0000004f36e00000) (1024K)]
  0x000001794529b3a0 JavaThread "Common-Cleaner"             daemon [_thread_blocked, id=16676, stack(0x0000004f36e00000,0x0000004f36f00000) (1024K)]
Total: 11

Other Threads:
  0x000001797e047c40 VMThread "VM Thread"                           [id=8700, stack(0x0000004f36400000,0x0000004f36500000) (1024K)]
  0x000001797e02d2b0 WatcherThread "VM Periodic Task Thread"        [id=7736, stack(0x0000004f36300000,0x0000004f36400000) (1024K)]
  0x000001796189dc90 WorkerThread "GC Thread#0"                     [id=10992, stack(0x0000004f35e00000,0x0000004f35f00000) (1024K)]
  0x00000179618ae930 ConcurrentGCThread "G1 Main Marker"            [id=13600, stack(0x0000004f35f00000,0x0000004f36000000) (1024K)]
  0x00000179618af440 WorkerThread "G1 Conc#0"                       [id=7172, stack(0x0000004f36000000,0x0000004f36100000) (1024K)]
  0x000001797defe2d0 ConcurrentGCThread "G1 Refine#0"               [id=6312, stack(0x0000004f36100000,0x0000004f36200000) (1024K)]
  0x000001797defec60 ConcurrentGCThread "G1 Service"                [id=12244, stack(0x0000004f36200000,0x0000004f36300000) (1024K)]
Total: 7

Threads with active compile tasks:
C1 CompilerThread0  224  264       3       jdk.internal.org.objectweb.asm.MethodWriter::visitVarInsn (302 bytes)
Total: 1

VM state: not at safepoint (normal execution)

VM Mutex/Monitor currently owned by a thread:  ([mutex/lock_event])
[0x00007ffb3a4d9b38] Metaspace_lock - owner thread: 0x000001797e07d710

Heap address: 0x0000000082800000, size: 2008 MB, Compressed Oops mode: 32-bit

CDS archive(s) mapped at: [0x0000017900000000-0x0000017900c50000-0x0000017900c50000), size 12910592, SharedBaseAddress: 0x0000017900000000, ArchiveRelocationMode: 1.
Compressed class space mapped at: 0x0000017901000000-0x0000017941000000, reserved size: 1073741824
Narrow klass base: 0x0000017900000000, Narrow klass shift: 0, Narrow klass range: 0x41000000

GC Precious Log:
 CardTable entry size: 512
 Card Set container configuration: InlinePtr #cards 5 size 8 Array Of Cards #cards 12 size 40 Howl #buckets 4 coarsen threshold 1843 Howl Bitmap #cards 512 size 80 coarsen threshold 460 Card regions per heap region 1 cards per card region 2048
 CPUs: 8 total, 8 available
 Memory: 8029M
 Large Page Support: Disabled
 NUMA Support: Disabled
 Compressed Oops: Enabled (32-bit)
 Heap Region Size: 1M
 Heap Min Capacity: 8M
 Heap Initial Capacity: 126M
 Heap Max Capacity: 2008M
 Pre-touch: Disabled
 Parallel Workers: 8
 Concurrent Workers: 2
 Concurrent Refinement Workers: 8
 Periodic GC: Disabled

Heap:
 garbage-first heap   total reserved 2056192K, committed 129024K, used 2048K [0x0000000082800000, 0x0000000100000000)
  region size 1024K, 3 young (3072K), 0 survivors (0K)
 Metaspace       used 746K, committed 832K, reserved 1114112K
  class space    used 72K, committed 128K, reserved 1048576K

Heap Regions: E=young(eden), S=young(survivor), O=old, HS=humongous(starts), HC=humongous(continues), CS=collection set, F=free, TAMS=top-at-mark-start, PB=parsable bottom
|   0|0x0000000082800000, 0x0000000082800000, 0x0000000082900000|  0%| F|  |TAMS 0x0000000082800000| PB 0x0000000082800000| Untracked |  0
|   1|0x0000000082900000, 0x0000000082900000, 0x0000000082a00000|  0%| F|  |TAMS 0x0000000082900000| PB 0x0000000082900000| Untracked |  0
|   2|0x0000000082a00000, 0x0000000082a00000, 0x0000000082b00000|  0%| F|  |TAMS 0x0000000082a00000| PB 0x0000000082a00000| Untracked |  0
|   3|0x0000000082b00000, 0x0000000082b00000, 0x0000000082c00000|  0%| F|  |TAMS 0x0000000082b00000| PB 0x0000000082b00000| Untracked |  0
|   4|0x0000000082c00000, 0x0000000082c00000, 0x0000000082d00000|  0%| F|  |TAMS 0x0000000082c00000| PB 0x0000000082c00000| Untracked |  0
|   5|0x0000000082d00000, 0x0000000082d00000, 0x0000000082e00000|  0%| F|  |TAMS 0x0000000082d00000| PB 0x0000000082d00000| Untracked |  0
|   6|0x0000000082e00000, 0x0000000082e00000, 0x0000000082f00000|  0%| F|  |TAMS 0x0000000082e00000| PB 0x0000000082e00000| Untracked |  0
|   7|0x0000000082f00000, 0x0000000082f00000, 0x0000000083000000|  0%| F|  |TAMS 0x0000000082f00000| PB 0x0000000082f00000| Untracked |  0
|   8|0x0000000083000000, 0x0000000083000000, 0x0000000083100000|  0%| F|  |TAMS 0x0000000083000000| PB 0x0000000083000000| Untracked |  0
|   9|0x0000000083100000, 0x0000000083100000, 0x0000000083200000|  0%| F|  |TAMS 0x0000000083100000| PB 0x0000000083100000| Untracked |  0
|  10|0x0000000083200000, 0x0000000083200000, 0x0000000083300000|  0%| F|  |TAMS 0x0000000083200000| PB 0x0000000083200000| Untracked |  0
|  11|0x0000000083300000, 0x0000000083300000, 0x0000000083400000|  0%| F|  |TAMS 0x0000000083300000| PB 0x0000000083300000| Untracked |  0
|  12|0x0000000083400000, 0x0000000083400000, 0x0000000083500000|  0%| F|  |TAMS 0x0000000083400000| PB 0x0000000083400000| Untracked |  0
|  13|0x0000000083500000, 0x0000000083500000, 0x0000000083600000|  0%| F|  |TAMS 0x0000000083500000| PB 0x0000000083500000| Untracked |  0
|  14|0x0000000083600000, 0x0000000083600000, 0x0000000083700000|  0%| F|  |TAMS 0x0000000083600000| PB 0x0000000083600000| Untracked |  0
|  15|0x0000000083700000, 0x0000000083700000, 0x0000000083800000|  0%| F|  |TAMS 0x0000000083700000| PB 0x0000000083700000| Untracked |  0
|  16|0x0000000083800000, 0x0000000083800000, 0x0000000083900000|  0%| F|  |TAMS 0x0000000083800000| PB 0x0000000083800000| Untracked |  0
|  17|0x0000000083900000, 0x0000000083900000, 0x0000000083a00000|  0%| F|  |TAMS 0x0000000083900000| PB 0x0000000083900000| Untracked |  0
|  18|0x0000000083a00000, 0x0000000083a00000, 0x0000000083b00000|  0%| F|  |TAMS 0x0000000083a00000| PB 0x0000000083a00000| Untracked |  0
|  19|0x0000000083b00000, 0x0000000083b00000, 0x0000000083c00000|  0%| F|  |TAMS 0x0000000083b00000| PB 0x0000000083b00000| Untracked |  0
|  20|0x0000000083c00000, 0x0000000083c00000, 0x0000000083d00000|  0%| F|  |TAMS 0x0000000083c00000| PB 0x0000000083c00000| Untracked |  0
|  21|0x0000000083d00000, 0x0000000083d00000, 0x0000000083e00000|  0%| F|  |TAMS 0x0000000083d00000| PB 0x0000000083d00000| Untracked |  0
|  22|0x0000000083e00000, 0x0000000083e00000, 0x0000000083f00000|  0%| F|  |TAMS 0x0000000083e00000| PB 0x0000000083e00000| Untracked |  0
|  23|0x0000000083f00000, 0x0000000083f00000, 0x0000000084000000|  0%| F|  |TAMS 0x0000000083f00000| PB 0x0000000083f00000| Untracked |  0
|  24|0x0000000084000000, 0x0000000084000000, 0x0000000084100000|  0%| F|  |TAMS 0x0000000084000000| PB 0x0000000084000000| Untracked |  0
|  25|0x0000000084100000, 0x0000000084100000, 0x0000000084200000|  0%| F|  |TAMS 0x0000000084100000| PB 0x0000000084100000| Untracked |  0
|  26|0x0000000084200000, 0x0000000084200000, 0x0000000084300000|  0%| F|  |TAMS 0x0000000084200000| PB 0x0000000084200000| Untracked |  0
|  27|0x0000000084300000, 0x0000000084300000, 0x0000000084400000|  0%| F|  |TAMS 0x0000000084300000| PB 0x0000000084300000| Untracked |  0
|  28|0x0000000084400000, 0x0000000084400000, 0x0000000084500000|  0%| F|  |TAMS 0x0000000084400000| PB 0x0000000084400000| Untracked |  0
|  29|0x0000000084500000, 0x0000000084500000, 0x0000000084600000|  0%| F|  |TAMS 0x0000000084500000| PB 0x0000000084500000| Untracked |  0
|  30|0x0000000084600000, 0x0000000084600000, 0x0000000084700000|  0%| F|  |TAMS 0x0000000084600000| PB 0x0000000084600000| Untracked |  0
|  31|0x0000000084700000, 0x0000000084700000, 0x0000000084800000|  0%| F|  |TAMS 0x0000000084700000| PB 0x0000000084700000| Untracked |  0
|  32|0x0000000084800000, 0x0000000084800000, 0x0000000084900000|  0%| F|  |TAMS 0x0000000084800000| PB 0x0000000084800000| Untracked |  0
|  33|0x0000000084900000, 0x0000000084900000, 0x0000000084a00000|  0%| F|  |TAMS 0x0000000084900000| PB 0x0000000084900000| Untracked |  0
|  34|0x0000000084a00000, 0x0000000084a00000, 0x0000000084b00000|  0%| F|  |TAMS 0x0000000084a00000| PB 0x0000000084a00000| Untracked |  0
|  35|0x0000000084b00000, 0x0000000084b00000, 0x0000000084c00000|  0%| F|  |TAMS 0x0000000084b00000| PB 0x0000000084b00000| Untracked |  0
|  36|0x0000000084c00000, 0x0000000084c00000, 0x0000000084d00000|  0%| F|  |TAMS 0x0000000084c00000| PB 0x0000000084c00000| Untracked |  0
|  37|0x0000000084d00000, 0x0000000084d00000, 0x0000000084e00000|  0%| F|  |TAMS 0x0000000084d00000| PB 0x0000000084d00000| Untracked |  0
|  38|0x0000000084e00000, 0x0000000084e00000, 0x0000000084f00000|  0%| F|  |TAMS 0x0000000084e00000| PB 0x0000000084e00000| Untracked |  0
|  39|0x0000000084f00000, 0x0000000084f00000, 0x0000000085000000|  0%| F|  |TAMS 0x0000000084f00000| PB 0x0000000084f00000| Untracked |  0
|  40|0x0000000085000000, 0x0000000085000000, 0x0000000085100000|  0%| F|  |TAMS 0x0000000085000000| PB 0x0000000085000000| Untracked |  0
|  41|0x0000000085100000, 0x0000000085100000, 0x0000000085200000|  0%| F|  |TAMS 0x0000000085100000| PB 0x0000000085100000| Untracked |  0
|  42|0x0000000085200000, 0x0000000085200000, 0x0000000085300000|  0%| F|  |TAMS 0x0000000085200000| PB 0x0000000085200000| Untracked |  0
|  43|0x0000000085300000, 0x0000000085300000, 0x0000000085400000|  0%| F|  |TAMS 0x0000000085300000| PB 0x0000000085300000| Untracked |  0
|  44|0x0000000085400000, 0x0000000085400000, 0x0000000085500000|  0%| F|  |TAMS 0x0000000085400000| PB 0x0000000085400000| Untracked |  0
|  45|0x0000000085500000, 0x0000000085500000, 0x0000000085600000|  0%| F|  |TAMS 0x0000000085500000| PB 0x0000000085500000| Untracked |  0
|  46|0x0000000085600000, 0x0000000085600000, 0x0000000085700000|  0%| F|  |TAMS 0x0000000085600000| PB 0x0000000085600000| Untracked |  0
|  47|0x0000000085700000, 0x0000000085700000, 0x0000000085800000|  0%| F|  |TAMS 0x0000000085700000| PB 0x0000000085700000| Untracked |  0
|  48|0x0000000085800000, 0x0000000085800000, 0x0000000085900000|  0%| F|  |TAMS 0x0000000085800000| PB 0x0000000085800000| Untracked |  0
|  49|0x0000000085900000, 0x0000000085900000, 0x0000000085a00000|  0%| F|  |TAMS 0x0000000085900000| PB 0x0000000085900000| Untracked |  0
|  50|0x0000000085a00000, 0x0000000085a00000, 0x0000000085b00000|  0%| F|  |TAMS 0x0000000085a00000| PB 0x0000000085a00000| Untracked |  0
|  51|0x0000000085b00000, 0x0000000085b00000, 0x0000000085c00000|  0%| F|  |TAMS 0x0000000085b00000| PB 0x0000000085b00000| Untracked |  0
|  52|0x0000000085c00000, 0x0000000085c00000, 0x0000000085d00000|  0%| F|  |TAMS 0x0000000085c00000| PB 0x0000000085c00000| Untracked |  0
|  53|0x0000000085d00000, 0x0000000085d00000, 0x0000000085e00000|  0%| F|  |TAMS 0x0000000085d00000| PB 0x0000000085d00000| Untracked |  0
|  54|0x0000000085e00000, 0x0000000085e00000, 0x0000000085f00000|  0%| F|  |TAMS 0x0000000085e00000| PB 0x0000000085e00000| Untracked |  0
|  55|0x0000000085f00000, 0x0000000085f00000, 0x0000000086000000|  0%| F|  |TAMS 0x0000000085f00000| PB 0x0000000085f00000| Untracked |  0
|  56|0x0000000086000000, 0x0000000086000000, 0x0000000086100000|  0%| F|  |TAMS 0x0000000086000000| PB 0x0000000086000000| Untracked |  0
|  57|0x0000000086100000, 0x0000000086100000, 0x0000000086200000|  0%| F|  |TAMS 0x0000000086100000| PB 0x0000000086100000| Untracked |  0
|  58|0x0000000086200000, 0x0000000086200000, 0x0000000086300000|  0%| F|  |TAMS 0x0000000086200000| PB 0x0000000086200000| Untracked |  0
|  59|0x0000000086300000, 0x0000000086300000, 0x0000000086400000|  0%| F|  |TAMS 0x0000000086300000| PB 0x0000000086300000| Untracked |  0
|  60|0x0000000086400000, 0x0000000086400000, 0x0000000086500000|  0%| F|  |TAMS 0x0000000086400000| PB 0x0000000086400000| Untracked |  0
|  61|0x0000000086500000, 0x0000000086500000, 0x0000000086600000|  0%| F|  |TAMS 0x0000000086500000| PB 0x0000000086500000| Untracked |  0
|  62|0x0000000086600000, 0x0000000086600000, 0x0000000086700000|  0%| F|  |TAMS 0x0000000086600000| PB 0x0000000086600000| Untracked |  0
|  63|0x0000000086700000, 0x0000000086700000, 0x0000000086800000|  0%| F|  |TAMS 0x0000000086700000| PB 0x0000000086700000| Untracked |  0
|  64|0x0000000086800000, 0x0000000086800000, 0x0000000086900000|  0%| F|  |TAMS 0x0000000086800000| PB 0x0000000086800000| Untracked |  0
|  65|0x0000000086900000, 0x0000000086900000, 0x0000000086a00000|  0%| F|  |TAMS 0x0000000086900000| PB 0x0000000086900000| Untracked |  0
|  66|0x0000000086a00000, 0x0000000086a00000, 0x0000000086b00000|  0%| F|  |TAMS 0x0000000086a00000| PB 0x0000000086a00000| Untracked |  0
|  67|0x0000000086b00000, 0x0000000086b00000, 0x0000000086c00000|  0%| F|  |TAMS 0x0000000086b00000| PB 0x0000000086b00000| Untracked |  0
|  68|0x0000000086c00000, 0x0000000086c00000, 0x0000000086d00000|  0%| F|  |TAMS 0x0000000086c00000| PB 0x0000000086c00000| Untracked |  0
|  69|0x0000000086d00000, 0x0000000086d00000, 0x0000000086e00000|  0%| F|  |TAMS 0x0000000086d00000| PB 0x0000000086d00000| Untracked |  0
|  70|0x0000000086e00000, 0x0000000086e00000, 0x0000000086f00000|  0%| F|  |TAMS 0x0000000086e00000| PB 0x0000000086e00000| Untracked |  0
|  71|0x0000000086f00000, 0x0000000086f00000, 0x0000000087000000|  0%| F|  |TAMS 0x0000000086f00000| PB 0x0000000086f00000| Untracked |  0
|  72|0x0000000087000000, 0x0000000087000000, 0x0000000087100000|  0%| F|  |TAMS 0x0000000087000000| PB 0x0000000087000000| Untracked |  0
|  73|0x0000000087100000, 0x0000000087100000, 0x0000000087200000|  0%| F|  |TAMS 0x0000000087100000| PB 0x0000000087100000| Untracked |  0
|  74|0x0000000087200000, 0x0000000087200000, 0x0000000087300000|  0%| F|  |TAMS 0x0000000087200000| PB 0x0000000087200000| Untracked |  0
|  75|0x0000000087300000, 0x0000000087300000, 0x0000000087400000|  0%| F|  |TAMS 0x0000000087300000| PB 0x0000000087300000| Untracked |  0
|  76|0x0000000087400000, 0x0000000087400000, 0x0000000087500000|  0%| F|  |TAMS 0x0000000087400000| PB 0x0000000087400000| Untracked |  0
|  77|0x0000000087500000, 0x0000000087500000, 0x0000000087600000|  0%| F|  |TAMS 0x0000000087500000| PB 0x0000000087500000| Untracked |  0
|  78|0x0000000087600000, 0x0000000087600000, 0x0000000087700000|  0%| F|  |TAMS 0x0000000087600000| PB 0x0000000087600000| Untracked |  0
|  79|0x0000000087700000, 0x0000000087700000, 0x0000000087800000|  0%| F|  |TAMS 0x0000000087700000| PB 0x0000000087700000| Untracked |  0
|  80|0x0000000087800000, 0x0000000087800000, 0x0000000087900000|  0%| F|  |TAMS 0x0000000087800000| PB 0x0000000087800000| Untracked |  0
|  81|0x0000000087900000, 0x0000000087900000, 0x0000000087a00000|  0%| F|  |TAMS 0x0000000087900000| PB 0x0000000087900000| Untracked |  0
|  82|0x0000000087a00000, 0x0000000087a00000, 0x0000000087b00000|  0%| F|  |TAMS 0x0000000087a00000| PB 0x0000000087a00000| Untracked |  0
|  83|0x0000000087b00000, 0x0000000087b00000, 0x0000000087c00000|  0%| F|  |TAMS 0x0000000087b00000| PB 0x0000000087b00000| Untracked |  0
|  84|0x0000000087c00000, 0x0000000087c00000, 0x0000000087d00000|  0%| F|  |TAMS 0x0000000087c00000| PB 0x0000000087c00000| Untracked |  0
|  85|0x0000000087d00000, 0x0000000087d00000, 0x0000000087e00000|  0%| F|  |TAMS 0x0000000087d00000| PB 0x0000000087d00000| Untracked |  0
|  86|0x0000000087e00000, 0x0000000087e00000, 0x0000000087f00000|  0%| F|  |TAMS 0x0000000087e00000| PB 0x0000000087e00000| Untracked |  0
|  87|0x0000000087f00000, 0x0000000087f00000, 0x0000000088000000|  0%| F|  |TAMS 0x0000000087f00000| PB 0x0000000087f00000| Untracked |  0
|  88|0x0000000088000000, 0x0000000088000000, 0x0000000088100000|  0%| F|  |TAMS 0x0000000088000000| PB 0x0000000088000000| Untracked |  0
|  89|0x0000000088100000, 0x0000000088100000, 0x0000000088200000|  0%| F|  |TAMS 0x0000000088100000| PB 0x0000000088100000| Untracked |  0
|  90|0x0000000088200000, 0x0000000088200000, 0x0000000088300000|  0%| F|  |TAMS 0x0000000088200000| PB 0x0000000088200000| Untracked |  0
|  91|0x0000000088300000, 0x0000000088300000, 0x0000000088400000|  0%| F|  |TAMS 0x0000000088300000| PB 0x0000000088300000| Untracked |  0
|  92|0x0000000088400000, 0x0000000088400000, 0x0000000088500000|  0%| F|  |TAMS 0x0000000088400000| PB 0x0000000088400000| Untracked |  0
|  93|0x0000000088500000, 0x0000000088500000, 0x0000000088600000|  0%| F|  |TAMS 0x0000000088500000| PB 0x0000000088500000| Untracked |  0
|  94|0x0000000088600000, 0x0000000088600000, 0x0000000088700000|  0%| F|  |TAMS 0x0000000088600000| PB 0x0000000088600000| Untracked |  0
|  95|0x0000000088700000, 0x0000000088700000, 0x0000000088800000|  0%| F|  |TAMS 0x0000000088700000| PB 0x0000000088700000| Untracked |  0
|  96|0x0000000088800000, 0x0000000088800000, 0x0000000088900000|  0%| F|  |TAMS 0x0000000088800000| PB 0x0000000088800000| Untracked |  0
|  97|0x0000000088900000, 0x0000000088900000, 0x0000000088a00000|  0%| F|  |TAMS 0x0000000088900000| PB 0x0000000088900000| Untracked |  0
|  98|0x0000000088a00000, 0x0000000088a00000, 0x0000000088b00000|  0%| F|  |TAMS 0x0000000088a00000| PB 0x0000000088a00000| Untracked |  0
|  99|0x0000000088b00000, 0x0000000088b00000, 0x0000000088c00000|  0%| F|  |TAMS 0x0000000088b00000| PB 0x0000000088b00000| Untracked |  0
| 100|0x0000000088c00000, 0x0000000088c00000, 0x0000000088d00000|  0%| F|  |TAMS 0x0000000088c00000| PB 0x0000000088c00000| Untracked |  0
| 101|0x0000000088d00000, 0x0000000088d00000, 0x0000000088e00000|  0%| F|  |TAMS 0x0000000088d00000| PB 0x0000000088d00000| Untracked |  0
| 102|0x0000000088e00000, 0x0000000088e00000, 0x0000000088f00000|  0%| F|  |TAMS 0x0000000088e00000| PB 0x0000000088e00000| Untracked |  0
| 103|0x0000000088f00000, 0x0000000088f00000, 0x0000000089000000|  0%| F|  |TAMS 0x0000000088f00000| PB 0x0000000088f00000| Untracked |  0
| 104|0x0000000089000000, 0x0000000089000000, 0x0000000089100000|  0%| F|  |TAMS 0x0000000089000000| PB 0x0000000089000000| Untracked |  0
| 105|0x0000000089100000, 0x0000000089100000, 0x0000000089200000|  0%| F|  |TAMS 0x0000000089100000| PB 0x0000000089100000| Untracked |  0
| 106|0x0000000089200000, 0x0000000089200000, 0x0000000089300000|  0%| F|  |TAMS 0x0000000089200000| PB 0x0000000089200000| Untracked |  0
| 107|0x0000000089300000, 0x0000000089300000, 0x0000000089400000|  0%| F|  |TAMS 0x0000000089300000| PB 0x0000000089300000| Untracked |  0
| 108|0x0000000089400000, 0x0000000089400000, 0x0000000089500000|  0%| F|  |TAMS 0x0000000089400000| PB 0x0000000089400000| Untracked |  0
| 109|0x0000000089500000, 0x0000000089500000, 0x0000000089600000|  0%| F|  |TAMS 0x0000000089500000| PB 0x0000000089500000| Untracked |  0
| 110|0x0000000089600000, 0x0000000089600000, 0x0000000089700000|  0%| F|  |TAMS 0x0000000089600000| PB 0x0000000089600000| Untracked |  0
| 111|0x0000000089700000, 0x0000000089700000, 0x0000000089800000|  0%| F|  |TAMS 0x0000000089700000| PB 0x0000000089700000| Untracked |  0
| 112|0x0000000089800000, 0x0000000089800000, 0x0000000089900000|  0%| F|  |TAMS 0x0000000089800000| PB 0x0000000089800000| Untracked |  0
| 113|0x0000000089900000, 0x0000000089900000, 0x0000000089a00000|  0%| F|  |TAMS 0x0000000089900000| PB 0x0000000089900000| Untracked |  0
| 114|0x0000000089a00000, 0x0000000089a00000, 0x0000000089b00000|  0%| F|  |TAMS 0x0000000089a00000| PB 0x0000000089a00000| Untracked |  0
| 115|0x0000000089b00000, 0x0000000089b00000, 0x0000000089c00000|  0%| F|  |TAMS 0x0000000089b00000| PB 0x0000000089b00000| Untracked |  0
| 116|0x0000000089c00000, 0x0000000089c00000, 0x0000000089d00000|  0%| F|  |TAMS 0x0000000089c00000| PB 0x0000000089c00000| Untracked |  0
| 117|0x0000000089d00000, 0x0000000089d00000, 0x0000000089e00000|  0%| F|  |TAMS 0x0000000089d00000| PB 0x0000000089d00000| Untracked |  0
| 118|0x0000000089e00000, 0x0000000089e00000, 0x0000000089f00000|  0%| F|  |TAMS 0x0000000089e00000| PB 0x0000000089e00000| Untracked |  0
| 119|0x0000000089f00000, 0x0000000089f00000, 0x000000008a000000|  0%| F|  |TAMS 0x0000000089f00000| PB 0x0000000089f00000| Untracked |  0
| 120|0x000000008a000000, 0x000000008a000000, 0x000000008a100000|  0%| F|  |TAMS 0x000000008a000000| PB 0x000000008a000000| Untracked |  0
| 121|0x000000008a100000, 0x000000008a100000, 0x000000008a200000|  0%| F|  |TAMS 0x000000008a100000| PB 0x000000008a100000| Untracked |  0
| 122|0x000000008a200000, 0x000000008a200000, 0x000000008a300000|  0%| F|  |TAMS 0x000000008a200000| PB 0x000000008a200000| Untracked |  0
| 123|0x000000008a300000, 0x000000008a37ae38, 0x000000008a400000| 48%| E|  |TAMS 0x000000008a300000| PB 0x000000008a300000| Complete |  0
| 124|0x000000008a400000, 0x000000008a500000, 0x000000008a500000|100%| E|CS|TAMS 0x000000008a400000| PB 0x000000008a400000| Complete |  0
| 125|0x000000008a500000, 0x000000008a600000, 0x000000008a600000|100%| E|CS|TAMS 0x000000008a500000| PB 0x000000008a500000| Complete |  0

Card table byte_map: [0x00000179792b0000,0x00000179796a0000] _byte_map_base: 0x0000017978e9c000

Marking Bits: (CMBitMap*) 0x000001796189e3a0
 Bits: [0x00000179796a0000, 0x000001797b600000)

Polling page: 0x0000017961010000

Metaspace:

Usage:
  Non-class:    674.45 KB used.
      Class:     72.04 KB used.
       Both:    746.48 KB used.

Virtual space:
  Non-class space:       64.00 MB reserved,     704.00 KB (  1%) committed,  1 nodes.
      Class space:        1.00 GB reserved,     128.00 KB ( <1%) committed,  1 nodes.
             Both:        1.06 GB reserved,     832.00 KB ( <1%) committed. 

Chunk freelists:
   Non-Class:  11.82 MB
       Class:  15.70 MB
        Both:  27.51 MB

MaxMetaspaceSize: unlimited
CompressedClassSpaceSize: 1.00 GB
Initial GC threshold: 21.00 MB
Current GC threshold: 21.00 MB
CDS: on
 - commit_granule_bytes: 65536.
 - commit_granule_words: 8192.
 - virtual_space_node_default_size: 8388608.
 - enlarge_chunks_in_place: 1.
 - use_allocation_guard: 0.


Internal statistics:

num_allocs_failed_limit: 0.
num_arena_births: 58.
num_arena_deaths: 0.
num_vsnodes_births: 2.
num_vsnodes_deaths: 0.
num_space_committed: 13.
num_space_uncommitted: 0.
num_chunks_returned_to_freelist: 0.
num_chunks_taken_from_freelist: 73.
num_chunk_merges: 0.
num_chunk_splits: 49.
num_chunks_enlarged: 29.
num_inconsistent_stats: 0.

CodeHeap 'non-profiled nmethods': size=120000Kb used=84Kb max_used=84Kb free=119915Kb
 bounds [0x0000017971660000, 0x00000179718d0000, 0x0000017978b90000]
CodeHeap 'profiled nmethods': size=120000Kb used=303Kb max_used=303Kb free=119696Kb
 bounds [0x0000017969b90000, 0x0000017969e00000, 0x00000179710c0000]
CodeHeap 'non-nmethods': size=5760Kb used=1321Kb max_used=1332Kb free=4438Kb
 bounds [0x00000179710c0000, 0x0000017971330000, 0x0000017971660000]
 total_blobs=692 nmethods=262 adapters=335
 compilation: enabled
              stopped_count=0, restarted_count=0
 full_count=0

Compilation events (20 events):
Event: 0.159 Thread 0x000001797e07d710 nmethod 247 0x0000017969bd5910 code [0x0000017969bd5ac0, 0x0000017969bd5c20]
Event: 0.159 Thread 0x000001797e07d710  248       1       java.lang.invoke.LambdaForm$Name::type (5 bytes)
Event: 0.159 Thread 0x000001797e07d710 nmethod 248 0x0000017971673e90 code [0x0000017971674020, 0x00000179716740e8]
Event: 0.160 Thread 0x000001797e07d710  249       3       jdk.internal.org.objectweb.asm.Frame::push (109 bytes)
Event: 0.160 Thread 0x000001797e07d710 nmethod 249 0x0000017969bd5d10 code [0x0000017969bd5ee0, 0x0000017969bd6428]
Event: 0.160 Thread 0x000001797e07d710  251       3       jdk.internal.org.objectweb.asm.SymbolTable::addConstantUtf8Reference (101 bytes)
Event: 0.161 Thread 0x000001797e07d710 nmethod 251 0x0000017969bd6610 code [0x0000017969bd6840, 0x0000017969bd6e20]
Event: 0.161 Thread 0x000001797e07d710  250       3       jdk.internal.org.objectweb.asm.SymbolTable::addConstantClass (8 bytes)
Event: 0.161 Thread 0x000001797e07d710 nmethod 250 0x0000017969bd7190 code [0x0000017969bd7340, 0x0000017969bd7488]
Event: 0.161 Thread 0x000001797e07d710  252       3       java.lang.invoke.MethodType::makeImpl (109 bytes)
Event: 0.162 Thread 0x000001797e07d710 nmethod 252 0x0000017969bd7510 code [0x0000017969bd7860, 0x0000017969bd8d20]
Event: 0.162 Thread 0x000001797e07d710  257       3       java.lang.invoke.MethodTypeForm::canonicalizeAll (63 bytes)
Event: 0.163 Thread 0x000001797e07d710 nmethod 257 0x0000017969bd9410 code [0x0000017969bd9600, 0x0000017969bd9bf8]
Event: 0.163 Thread 0x000001797e07d710  258       3       java.lang.String::<init> (98 bytes)
Event: 0.163 Thread 0x000001797e07d710 nmethod 258 0x0000017969bd9e10 code [0x0000017969bda020, 0x0000017969bda608]
Event: 0.163 Thread 0x000001797e07d710  254       3       java.lang.ref.WeakReference::<init> (7 bytes)
Event: 0.164 Thread 0x000001797e07d710 nmethod 254 0x0000017969bda810 code [0x0000017969bda9c0, 0x0000017969bdac90]
Event: 0.164 Thread 0x000001797e07d710  263       3       sun.invoke.util.Wrapper::forPrimitiveType (122 bytes)
Event: 0.164 Thread 0x000001797e07d710 nmethod 263 0x0000017969bdad90 code [0x0000017969bdb060, 0x0000017969bdbb40]
Event: 0.164 Thread 0x000001797e07d710  264       3       jdk.internal.org.objectweb.asm.MethodWriter::visitVarInsn (302 bytes)

GC Heap History (0 events):
No events

Dll operation events (8 events):
Event: 0.008 Loaded shared library C:\Users\Jacob\.jdks\openjdk-22.0.1\bin\java.dll
Event: 0.046 Loaded shared library C:\Users\Jacob\.jdks\openjdk-22.0.1\bin\jsvml.dll
Event: 0.068 Loaded shared library C:\Users\Jacob\.jdks\openjdk-22.0.1\bin\net.dll
Event: 0.070 Loaded shared library C:\Users\Jacob\.jdks\openjdk-22.0.1\bin\nio.dll
Event: 0.074 Loaded shared library C:\Users\Jacob\.jdks\openjdk-22.0.1\bin\zip.dll
Event: 0.077 Loaded shared library C:\Users\Jacob\.jdks\openjdk-22.0.1\bin\verify.dll
Event: 0.079 Loaded shared library C:\Users\Jacob\.jdks\openjdk-22.0.1\bin\jimage.dll
Event: 0.097 Loaded shared library C:\Users\Jacob\.jdks\openjdk-22.0.1\bin\attach.dll

Deoptimization events (0 events):
No events

Classes loaded (20 events):
Event: 0.150 Loading class java/util/concurrent/RejectedExecutionHandler done
Event: 0.150 Loading class java/util/concurrent/ThreadPoolExecutor$AbortPolicy done
Event: 0.150 Loading class java/util/concurrent/SynchronousQueue
Event: 0.150 Loading class java/util/concurrent/BlockingQueue
Event: 0.150 Loading class java/util/concurrent/BlockingQueue done
Event: 0.150 Loading class java/util/AbstractQueue
Event: 0.150 Loading class java/util/AbstractQueue done
Event: 0.150 Loading class java/util/concurrent/SynchronousQueue done
Event: 0.150 Loading class java/util/concurrent/SynchronousQueue$Transferer
Event: 0.150 Loading class java/util/concurrent/LinkedTransferQueue
Event: 0.150 Loading class java/util/concurrent/TransferQueue
Event: 0.151 Loading class java/util/concurrent/TransferQueue done
Event: 0.151 Loading class java/util/concurrent/LinkedTransferQueue done
Event: 0.151 Loading class java/util/concurrent/SynchronousQueue$Transferer done
Event: 0.151 Loading class java/util/concurrent/LinkedTransferQueue$DualNode
Event: 0.151 Loading class java/util/concurrent/LinkedTransferQueue$DualNode done
Event: 0.152 Loading class java/lang/invoke/VarHandleInts$FieldInstanceReadWrite
Event: 0.152 Loading class java/lang/invoke/VarHandleInts$FieldInstanceReadOnly
Event: 0.152 Loading class java/lang/invoke/VarHandleInts$FieldInstanceReadOnly done
Event: 0.152 Loading class java/lang/invoke/VarHandleInts$FieldInstanceReadWrite done

Classes unloaded (0 events):
No events

Classes redefined (0 events):
No events

Internal exceptions (7 events):
Event: 0.134 Thread 0x000001795f63d130 Exception <a 'java/lang/IllegalArgumentException'{0x000000008a301ed0}: Could not map vmid to user name> (0x000000008a301ed0) 
thrown [s\open\src\hotspot\os\windows\perfMemory_windows.cpp, line 1586]
Event: 0.147 Thread 0x000001795f63d130 Exception <a 'java/lang/NoSuchMethodError'{0x000000008a32cc68}: 'java.lang.Object java.lang.invoke.DirectMethodHandle$Holder.invokeStatic(java.lang.Object, long, java.lang.Object)'> (0x000000008a32cc68) 
thrown [s\open\src\hotspot\share\interpreter\linkResolver.cpp, line 774]
Event: 0.147 Thread 0x000001795f63d130 Exception <a 'java/lang/NoSuchMethodError'{0x000000008a330240}: 'java.lang.Object java.lang.invoke.DirectMethodHandle$Holder.invokeStaticInit(java.lang.Object, long, java.lang.Object)'> (0x000000008a330240) 
thrown [s\open\src\hotspot\share\interpreter\linkResolver.cpp, line 774]
Event: 0.148 Thread 0x000001795f63d130 Exception <a 'java/lang/NoSuchMethodError'{0x000000008a335890}: 'java.lang.Object java.lang.invoke.DirectMethodHandle$Holder.newInvokeSpecial(java.lang.Object, long)'> (0x000000008a335890) 
thrown [s\open\src\hotspot\share\interpreter\linkResolver.cpp, line 774]
Event: 0.154 Thread 0x000001795f63d130 Exception <a 'java/lang/NoSuchMethodError'{0x000000008a33d958}: 'void java.lang.invoke.DirectMethodHandle$Holder.invokeVirtual(java.lang.Object, java.lang.Object, java.lang.Object, java.lang.Object)'> (0x000000008a33d958) 
thrown [s\open\src\hotspot\share\interpreter\linkResolver.cpp, line 774]
Event: 0.155 Thread 0x000001795f63d130 Exception <a 'java/lang/NoSuchMethodError'{0x000000008a3417d8}: 'void java.lang.invoke.DirectMethodHandle$Holder.invokeSpecial(java.lang.Object, java.lang.Object, java.lang.Object, java.lang.Object, java.lang.Object)'> (0x000000008a3417d8) 
thrown [s\open\src\hotspot\share\interpreter\linkResolver.cpp, line 774]
Event: 0.158 Thread 0x000001795f63d130 Exception <a 'java/lang/NoSuchMethodError'{0x000000008a3505d8}: 'java.lang.Object java.lang.invoke.Invokers$Holder.invokeExact_MT(java.lang.Object, java.lang.Object, java.lang.Object, java.lang.Object, java.lang.Object)'> (0x000000008a3505d8) 
thrown [s\open\src\hotspot\share\interpreter\linkResolver.cpp, line 774]

ZGC Phase Switch (0 events):
No events

VM Operations (2 events):
Event: 0.074 Executing VM operation: HandshakeAllThreads (Deoptimize)
Event: 0.074 Executing VM operation: HandshakeAllThreads (Deoptimize) done

Events (11 events):
Event: 0.025 Thread 0x000001795f63d130 Thread added: 0x000001795f63d130
Event: 0.043 Thread 0x000001797e0601f0 Thread added: 0x000001797e0601f0
Event: 0.043 Thread 0x000001797e061110 Thread added: 0x000001797e061110
Event: 0.044 Thread 0x000001797e06a450 Thread added: 0x000001797e06a450
Event: 0.044 Thread 0x000001797e06ee40 Thread added: 0x000001797e06ee40
Event: 0.044 Thread 0x000001797e06f4b0 Thread added: 0x000001797e06f4b0
Event: 0.044 Thread 0x000001797e06fb20 Thread added: 0x000001797e06fb20
Event: 0.044 Thread 0x000001797e071a10 Thread added: 0x000001797e071a10
Event: 0.044 Thread 0x000001797e07d710 Thread added: 0x000001797e07d710
Event: 0.063 Thread 0x00000179452910e0 Thread added: 0x00000179452910e0
Event: 0.065 Thread 0x000001794529b3a0 Thread added: 0x000001794529b3a0


Dynamic libraries:
0x00007ff7d1ac0000 - 0x00007ff7d1ace000 	C:\Users\Jacob\.jdks\openjdk-22.0.1\bin\java.exe
0x00007ffbb16f0000 - 0x00007ffbb1907000 	C:\WINDOWS\SYSTEM32\ntdll.dll
0x00007ffbafba0000 - 0x00007ffbafc64000 	C:\WINDOWS\System32\KERNEL32.DLL
0x00007ffbaec90000 - 0x00007ffbaf047000 	C:\WINDOWS\System32\KERNELBASE.dll
0x00007ffbaf110000 - 0x00007ffbaf221000 	C:\WINDOWS\System32\ucrtbase.dll
0x00007ffbaa4d0000 - 0x00007ffbaa4e7000 	C:\Users\Jacob\.jdks\openjdk-22.0.1\bin\jli.dll
0x00007ffbaa480000 - 0x00007ffbaa49b000 	C:\Users\Jacob\.jdks\openjdk-22.0.1\bin\VCRUNTIME140.dll
0x00007ffbaf650000 - 0x00007ffbaf7ff000 	C:\WINDOWS\System32\USER32.dll
0x00007ffb97df0000 - 0x00007ffb98083000 	C:\WINDOWS\WinSxS\amd64_microsoft.windows.common-controls_6595b64144ccf1df_6.0.22621.3672_none_2713b9d173822955\COMCTL32.dll
0x00007ffbaea00000 - 0x00007ffbaea26000 	C:\WINDOWS\System32\win32u.dll
0x00007ffbb0f80000 - 0x00007ffbb1027000 	C:\WINDOWS\System32\msvcrt.dll
0x00007ffbb15e0000 - 0x00007ffbb1609000 	C:\WINDOWS\System32\GDI32.dll
0x00007ffbaf2d0000 - 0x00007ffbaf3e8000 	C:\WINDOWS\System32\gdi32full.dll
0x00007ffbaf230000 - 0x00007ffbaf2ca000 	C:\WINDOWS\System32\msvcp_win.dll
0x00007ffbafb10000 - 0x00007ffbafb41000 	C:\WINDOWS\System32\IMM32.DLL
0x00007ffbaa4c0000 - 0x00007ffbaa4cc000 	C:\Users\Jacob\.jdks\openjdk-22.0.1\bin\vcruntime140_1.dll
0x00007ffb957f0000 - 0x00007ffb9587e000 	C:\Users\Jacob\.jdks\openjdk-22.0.1\bin\msvcp140.dll
0x00007ffb39870000 - 0x00007ffb3a5b7000 	C:\Users\Jacob\.jdks\openjdk-22.0.1\bin\server\jvm.dll
0x00007ffbb1110000 - 0x00007ffbb11c2000 	C:\WINDOWS\System32\ADVAPI32.dll
0x00007ffbb0db0000 - 0x00007ffbb0e58000 	C:\WINDOWS\System32\sechost.dll
0x00007ffbaf3f0000 - 0x00007ffbaf418000 	C:\WINDOWS\System32\bcrypt.dll
0x00007ffbb0e60000 - 0x00007ffbb0f74000 	C:\WINDOWS\System32\RPCRT4.dll
0x00007ffbb13a0000 - 0x00007ffbb1411000 	C:\WINDOWS\System32\WS2_32.dll
0x00007ffbadbc0000 - 0x00007ffbadc0d000 	C:\WINDOWS\SYSTEM32\POWRPROF.dll
0x00007ffba7270000 - 0x00007ffba72a4000 	C:\WINDOWS\SYSTEM32\WINMM.dll
0x00007ffba68e0000 - 0x00007ffba68ea000 	C:\WINDOWS\SYSTEM32\VERSION.dll
0x00007ffbadba0000 - 0x00007ffbadbb3000 	C:\WINDOWS\SYSTEM32\UMPDC.dll
0x00007ffbada70000 - 0x00007ffbada88000 	C:\WINDOWS\SYSTEM32\kernel.appcore.dll
0x00007ffbaa470000 - 0x00007ffbaa47a000 	C:\Users\Jacob\.jdks\openjdk-22.0.1\bin\jimage.dll
0x00007ffbac2a0000 - 0x00007ffbac4d2000 	C:\WINDOWS\SYSTEM32\DBGHELP.DLL
0x00007ffbb00f0000 - 0x00007ffbb047e000 	C:\WINDOWS\System32\combase.dll
0x00007ffbb1030000 - 0x00007ffbb1107000 	C:\WINDOWS\System32\OLEAUT32.dll
0x00007ffb8de60000 - 0x00007ffb8de92000 	C:\WINDOWS\SYSTEM32\dbgcore.DLL
0x00007ffbaea30000 - 0x00007ffbaeaab000 	C:\WINDOWS\System32\bcryptPrimitives.dll
0x00007ffbaa450000 - 0x00007ffbaa46e000 	C:\Users\Jacob\.jdks\openjdk-22.0.1\bin\java.dll
0x00007ffbb0480000 - 0x00007ffbb0ce9000 	C:\WINDOWS\System32\SHELL32.dll
0x00007ffbaf4a0000 - 0x00007ffbaf645000 	C:\WINDOWS\System32\ole32.dll
0x00007ffbac920000 - 0x00007ffbad21f000 	C:\WINDOWS\SYSTEM32\windows.storage.dll
0x00007ffbac7e0000 - 0x00007ffbac91f000 	C:\WINDOWS\SYSTEM32\wintypes.dll
0x00007ffbaf800000 - 0x00007ffbaf8f9000 	C:\WINDOWS\System32\SHCORE.dll
0x00007ffbb1340000 - 0x00007ffbb139e000 	C:\WINDOWS\System32\shlwapi.dll
0x00007ffbae930000 - 0x00007ffbae957000 	C:\WINDOWS\SYSTEM32\profapi.dll
0x00007ffb93220000 - 0x00007ffb932f7000 	C:\Users\Jacob\.jdks\openjdk-22.0.1\bin\jsvml.dll
0x00007ffbaa430000 - 0x00007ffbaa440000 	C:\Users\Jacob\.jdks\openjdk-22.0.1\bin\net.dll
0x00007ffbadf70000 - 0x00007ffbadfd9000 	C:\WINDOWS\system32\mswsock.dll
0x00007ffba9cb0000 - 0x00007ffba9cc6000 	C:\Users\Jacob\.jdks\openjdk-22.0.1\bin\nio.dll
0x00007ffba76d0000 - 0x00007ffba76e7000 	C:\Users\Jacob\.jdks\openjdk-22.0.1\bin\zip.dll
0x00007ffb931e0000 - 0x00007ffb931f0000 	C:\Users\Jacob\.jdks\openjdk-22.0.1\bin\verify.dll
0x00007ffb931d0000 - 0x00007ffb931d9000 	C:\Users\Jacob\.jdks\openjdk-22.0.1\bin\attach.dll
0x00007ffbb1610000 - 0x00007ffbb1618000 	C:\WINDOWS\System32\PSAPI.DLL

dbghelp: loaded successfully - version: 4.0.5 - missing functions: none
symbol engine: initialized successfully - sym options: 0x614 - pdb path: .;C:\Users\Jacob\.jdks\openjdk-22.0.1\bin;C:\WINDOWS\SYSTEM32;C:\WINDOWS\WinSxS\amd64_microsoft.windows.common-controls_6595b64144ccf1df_6.0.22621.3672_none_2713b9d173822955;C:\Users\Jacob\.jdks\openjdk-22.0.1\bin\server

VM Arguments:
jvm_args: -Dnet.bytebuddy.agent.attacher.dump= 
java_command: net.bytebuddy.agent.Attacher com.sun.tools.attach.VirtualMachine 11508 C:\Users\Jacob\.m2\repository\net\bytebuddy\byte-buddy-agent\1.14.19\byte-buddy-agent-1.14.19.jar false 
java_class_path (initial): C:\Users\Jacob\.m2\repository\net\bytebuddy\byte-buddy-agent\1.14.19\byte-buddy-agent-1.14.19.jar
Launcher Type: SUN_STANDARD

[Global flags]
     intx CICompilerCount                          = 4                                         {product} {ergonomic}
     uint ConcGCThreads                            = 2                                         {product} {ergonomic}
     uint G1ConcRefinementThreads                  = 8                                         {product} {ergonomic}
   size_t G1HeapRegionSize                         = 1048576                                   {product} {ergonomic}
   size_t InitialHeapSize                          = 132120576                                 {product} {ergonomic}
   size_t MarkStackSize                            = 4194304                                   {product} {ergonomic}
   size_t MaxHeapSize                              = 2105540608                                {product} {ergonomic}
   size_t MaxNewSize                               = 1262485504                                {product} {ergonomic}
   size_t MinHeapDeltaBytes                        = 1048576                                   {product} {ergonomic}
   size_t MinHeapSize                              = 8388608                                   {product} {ergonomic}
    uintx NonNMethodCodeHeapSize                   = 5839372                                {pd product} {ergonomic}
    uintx NonProfiledCodeHeapSize                  = 122909434                              {pd product} {ergonomic}
     bool PerfDisableSharedMem                     = true                                      {product} {ergonomic}
    uintx ProfiledCodeHeapSize                     = 122909434                              {pd product} {ergonomic}
    uintx ReservedCodeCacheSize                    = 251658240                              {pd product} {ergonomic}
     bool SegmentedCodeCache                       = true                                      {product} {ergonomic}
   size_t SoftMaxHeapSize                          = 2105540608                             {manageable} {ergonomic}
     bool UseCompressedOops                        = true                           {product lp64_product} {ergonomic}
     bool UseG1GC                                  = true                                      {product} {ergonomic}
     bool UseLargePagesIndividualAllocation        = false                                  {pd product} {ergonomic}

Logging:
Log output configuration:
 #0: stdout all=warning uptime,level,tags foldmultilines=false
 #1: stderr all=off uptime,level,tags foldmultilines=false

Environment Variables:
JAVA_HOME=C:\Users\Jacob\Documents\jdk-21_windows-x64_bin\jdk-21.0.4
PATH=C:\Program Files (x86)\Common Files\Oracle\Java\javapath;C:\Windows\system32;C:\Windows;C:\Windows\System32\Wbem;C:\Windows\System32\WindowsPowerShell\v1.0\;C:\Windows\System32\OpenSSH\;C:\Program Files (x86)\NVIDIA Corporation\PhysX\Common;C:\Program Files\NVIDIA Corporation\NVIDIA NvDLISR;C:\WINDOWS\system32;C:\WINDOWS;C:\WINDOWS\System32\Wbem;C:\WINDOWS\System32\WindowsPowerShell\v1.0\;C:\WINDOWS\System32\OpenSSH\;C:\TDM-GCC-64\bin;C:\Program Files\nodejs\;C:\Program Files\Git\cmd;C:\Program Files\Docker\Docker\resources\bin;C:\Users\Jacob\Documents\jdk-21_windows-x64_bin\jdk-21.0.4\bin;C:\Users\Jacob\AppData\Local\Microsoft\WindowsApps;;C:\Users\Jacob\AppData\Local\Programs\Microsoft VS Code\bin;C:\Users\Jacob\AppData\Roaming\npm;C:\Users\Jacob\Desktop\IntelliJ IDEA Community Edition 2024.1.3\bin;
USERNAME=Jacob
OS=Windows_NT
PROCESSOR_IDENTIFIER=Intel64 Family 6 Model 165 Stepping 2, GenuineIntel
TMP=C:\Users\Jacob\AppData\Local\Temp
TEMP=C:\Users\Jacob\AppData\Local\Temp




Periodic native trim disabled

---------------  S Y S T E M  ---------------

OS:
 Windows 11 , 64 bit Build 22621 (10.0.22621.3958)
OS uptime: 0 days 1:07 hours
Hyper-V role detected

CPU: total 8 (initial active 8) (4 cores per cpu, 2 threads per core) family 6 model 165 stepping 2 microcode 0xe0, cx8, cmov, fxsr, ht, mmx, 3dnowpref, sse, sse2, sse3, ssse3, sse4.1, sse4.2, popcnt, lzcnt, tsc, tscinvbit, avx, avx2, aes, erms, clmul, bmi1, bmi2, adx, fma, vzeroupper, clflush, clflushopt, hv, rdtscp, f16c
Processor Information for all 8 processors :
  Max Mhz: 2496, Current Mhz: 2496, Mhz Limit: 2496

Memory: 4k page, system-wide physical 8029M (921M free)
TotalPageFile size 9928M (AvailPageFile size 3M)
current process WorkingSet (physical memory assigned to process): 40M, peak: 40M
current process commit charge ("private bytes"): 209M, peak: 209M

vm_info: OpenJDK 64-Bit Server VM (22.0.1+8-16) for windows-amd64 JRE (22.0.1+8-16), built on 2024-03-12T10:33:16Z by "mach5one" with MS VC++ 17.6 (VS2022)

END.
