#
# There is insufficient memory for the Java Runtime Environment to continue.
# Native memory allocation (malloc) failed to allocate 798176 bytes. Error detail: Chunk::new
# Possible reasons:
#   The system is out of physical RAM or swap space
#   This process is running with CompressedOops enabled, and the Java Heap may be blocking the growth of the native heap
# Possible solutions:
#   Reduce memory load on the system
#   Increase physical memory or swap space
#   Check if swap backing store is full
#   Decrease Java heap size (-Xmx/-Xms)
#   Decrease number of Java threads
#   Decrease Java thread stack sizes (-Xss)
#   Set larger code cache with -XX:ReservedCodeCacheSize=
#   JVM is running with Unscaled Compressed Oops mode in which the Java heap is
#     placed in the first 4GB address space. The Java Heap base address is the
#     maximum limit for the native heap growth. Please use -XX:HeapBaseMinAddress
#     to set the Java Heap base and to place the Java Heap above 4GB virtual address.
# This output file may be truncated or incomplete.
#
#  Out of Memory Error (arena.cpp:150), pid=11508, tid=14520
#
# JRE version: OpenJDK Runtime Environment (22.0.1+8) (build 22.0.1+8-16)
# Java VM: OpenJDK 64-Bit Server VM (22.0.1+8-16, mixed mode, sharing, tiered, compressed oops, compressed class ptrs, g1 gc, windows-amd64)
# No core dump will be written. Minidumps are not enabled by default on client versions of Windows
#

---------------  S U M M A R Y ------------

Command Line: -ea -Didea.test.cyclic.buffer.size=1048576 -javaagent:C:\Users\Jacob\Desktop\IntelliJ IDEA Community Edition 2024.1.3\lib\idea_rt.jar=52786:C:\Users\Jacob\Desktop\IntelliJ IDEA Community Edition 2024.1.3\bin -Dfile.encoding=UTF-8 -Dsun.stdout.encoding=UTF-8 -Dsun.stderr.encoding=UTF-8 com.intellij.rt.junit.JUnitStarter -ideVersion5 -junit5 com.example.data_ingestion_service.ApiServiceUnitTest

Host: Intel(R) Core(TM) i5-10300H CPU @ 2.50GHz, 8 cores, 7G,  Windows 11 , 64 bit Build 22621 (10.0.22621.3958)
Time: Sun Nov 17 21:28:30 2024 Pacific Standard Time elapsed time: 12.092895 seconds (0d 0h 0m 12s)

---------------  T H R E A D  ---------------

Current thread (0x00000246c518d600):  JavaThread "C2 CompilerThread0" daemon [_thread_in_native, id=14520, stack(0x000000e40dc00000,0x000000e40dd00000) (1024K)]


Current CompileTask:
C2:12092 7078       4       org.springframework.core.annotation.TypeMappedAnnotations::isPresent (39 bytes)

Stack: [0x000000e40dc00000,0x000000e40dd00000]
Native frames: (J=compiled Java code, j=interpreted, Vv=VM code, C=native code)
V  [jvm.dll+0x6e2279]  (no source info available)
V  [jvm.dll+0x874e33]  (no source info available)
V  [jvm.dll+0x87725e]  (no source info available)
V  [jvm.dll+0x877933]  (no source info available)
V  [jvm.dll+0x27fd76]  (no source info available)
V  [jvm.dll+0xc3d0f]  (no source info available)
V  [jvm.dll+0xc3f6b]  (no source info available)
V  [jvm.dll+0x3bb10c]  (no source info available)
V  [jvm.dll+0x1df67c]  (no source info available)
V  [jvm.dll+0x247a5c]  (no source info available)
V  [jvm.dll+0x246fbf]  (no source info available)
V  [jvm.dll+0x1c4e90]  (no source info available)
V  [jvm.dll+0x2569fe]  (no source info available)
V  [jvm.dll+0x254cba]  (no source info available)
V  [jvm.dll+0x3f5336]  (no source info available)
V  [jvm.dll+0x81d44b]  (no source info available)
V  [jvm.dll+0x6e0915]  (no source info available)
C  [ucrtbase.dll+0x29333]  (no source info available)
C  [KERNEL32.DLL+0x1257d]  (no source info available)
C  [ntdll.dll+0x5af08]  (no source info available)


---------------  P R O C E S S  ---------------

Threads class SMR info:
_java_thread_list=0x000002470f395e60, length=18, elements={
0x00000246a8991fd0, 0x00000246c5177d00, 0x00000246c5178b20, 0x00000246c51806e0,
0x00000246c5183150, 0x00000246c5186760, 0x00000246c5188aa0, 0x00000246c518d600,
0x00000246c51aeac0, 0x00000246c537cf90, 0x00000246c54d9a30, 0x00000246c54e1210,
0x000002470b1a2ad0, 0x000002470b4dca20, 0x000002470d85a5b0, 0x000002470f3c9810,
0x000002470f3c7cd0, 0x00000247108e2de0
}

Java Threads: ( => current thread )
  0x00000246a8991fd0 JavaThread "main"                              [_thread_in_native, id=6488, stack(0x000000e40ce00000,0x000000e40cf00000) (1024K)]
  0x00000246c5177d00 JavaThread "Reference Handler"          daemon [_thread_blocked, id=13960, stack(0x000000e40d600000,0x000000e40d700000) (1024K)]
  0x00000246c5178b20 JavaThread "Finalizer"                  daemon [_thread_blocked, id=11428, stack(0x000000e40d700000,0x000000e40d800000) (1024K)]
  0x00000246c51806e0 JavaThread "Signal Dispatcher"          daemon [_thread_blocked, id=7700, stack(0x000000e40d800000,0x000000e40d900000) (1024K)]
  0x00000246c5183150 JavaThread "Attach Listener"            daemon [_thread_blocked, id=13344, stack(0x000000e40d900000,0x000000e40da00000) (1024K)]
  0x00000246c5186760 JavaThread "Service Thread"             daemon [_thread_blocked, id=15840, stack(0x000000e40da00000,0x000000e40db00000) (1024K)]
  0x00000246c5188aa0 JavaThread "Monitor Deflation Thread"   daemon [_thread_blocked, id=16204, stack(0x000000e40db00000,0x000000e40dc00000) (1024K)]
=>0x00000246c518d600 JavaThread "C2 CompilerThread0"         daemon [_thread_in_native, id=14520, stack(0x000000e40dc00000,0x000000e40dd00000) (1024K)]
  0x00000246c51aeac0 JavaThread "C1 CompilerThread0"         daemon [_thread_blocked, id=8856, stack(0x000000e40dd00000,0x000000e40de00000) (1024K)]
  0x00000246c537cf90 JavaThread "Common-Cleaner"             daemon [_thread_blocked, id=13592, stack(0x000000e40de00000,0x000000e40df00000) (1024K)]
  0x00000246c54d9a30 JavaThread "Monitor Ctrl-Break"         daemon [_thread_in_native, id=3404, stack(0x000000e40df00000,0x000000e40e000000) (1024K)]
  0x00000246c54e1210 JavaThread "Notification Thread"        daemon [_thread_blocked, id=6344, stack(0x000000e40e000000,0x000000e40e100000) (1024K)]
  0x000002470b1a2ad0 JavaThread "PostgreSQL-JDBC-Cleaner"    daemon [_thread_blocked, id=10876, stack(0x000000e40ec00000,0x000000e40ed00000) (1024K)]
  0x000002470b4dca20 JavaThread "HikariPool-1 housekeeper"   daemon [_thread_blocked, id=7848, stack(0x000000e40ed00000,0x000000e40ee00000) (1024K)]
  0x000002470d85a5b0 JavaThread "HikariPool-1 connection adder" daemon [_thread_blocked, id=3080, stack(0x000000e40ee00000,0x000000e40ef00000) (1024K)]
  0x000002470f3c9810 JavaThread "C2 CompilerThread1"         daemon [_thread_blocked, id=16320, stack(0x000000e40e100000,0x000000e40e200000) (1024K)]
  0x000002470f3c7cd0 JavaThread "C2 CompilerThread2"         daemon [_thread_blocked, id=6472, stack(0x000000e40e200000,0x000000e40e300000) (1024K)]
  0x00000247108e2de0 JavaThread "HttpClient-1-SelectorManager" daemon [_thread_in_native, id=11272, stack(0x000000e40ef00000,0x000000e40f000000) (1024K)]
Total: 18

Other Threads:
  0x00000246c515b460 VMThread "VM Thread"                           [id=10884, stack(0x000000e40d500000,0x000000e40d600000) (1024K)]
  0x00000246c513e670 WatcherThread "VM Periodic Task Thread"        [id=1696, stack(0x000000e40d400000,0x000000e40d500000) (1024K)]
  0x00000246a89e9a30 WorkerThread "GC Thread#0"                     [id=13920, stack(0x000000e40cf00000,0x000000e40d000000) (1024K)]
  0x000002470b2880c0 WorkerThread "GC Thread#1"                     [id=16284, stack(0x000000e40e300000,0x000000e40e400000) (1024K)]
  0x000002470b288470 WorkerThread "GC Thread#2"                     [id=5532, stack(0x000000e40e400000,0x000000e40e500000) (1024K)]
  0x000002470b1e3a20 WorkerThread "GC Thread#3"                     [id=14120, stack(0x000000e40e500000,0x000000e40e600000) (1024K)]
  0x000002470b1e3dd0 WorkerThread "GC Thread#4"                     [id=4740, stack(0x000000e40e600000,0x000000e40e700000) (1024K)]
  0x000002470b1e4790 WorkerThread "GC Thread#5"                     [id=3260, stack(0x000000e40e700000,0x000000e40e800000) (1024K)]
  0x000002470b40b510 WorkerThread "GC Thread#6"                     [id=11172, stack(0x000000e40e800000,0x000000e40e900000) (1024K)]
  0x000002470b40bc70 WorkerThread "GC Thread#7"                     [id=16012, stack(0x000000e40e900000,0x000000e40ea00000) (1024K)]
  0x00000246a692dfe0 ConcurrentGCThread "G1 Main Marker"            [id=5652, stack(0x000000e40d000000,0x000000e40d100000) (1024K)]
  0x00000246a692ea00 WorkerThread "G1 Conc#0"                       [id=15228, stack(0x000000e40d100000,0x000000e40d200000) (1024K)]
  0x000002470b40c3d0 WorkerThread "G1 Conc#1"                       [id=7896, stack(0x000000e40eb00000,0x000000e40ec00000) (1024K)]
  0x00000246a8a3e510 ConcurrentGCThread "G1 Refine#0"               [id=12320, stack(0x000000e40d200000,0x000000e40d300000) (1024K)]
  0x00000246c5013980 ConcurrentGCThread "G1 Service"                [id=9000, stack(0x000000e40d300000,0x000000e40d400000) (1024K)]
Total: 15

Threads with active compile tasks:
C2 CompilerThread0  12166 7078       4       org.springframework.core.annotation.TypeMappedAnnotations::isPresent (39 bytes)
Total: 1

VM state: not at safepoint (normal execution)

VM Mutex/Monitor currently owned by a thread: None

Heap address: 0x0000000082800000, size: 2008 MB, Compressed Oops mode: 32-bit

CDS archive(s) mapped at: [0x00000246c6000000-0x00000246c6c50000-0x00000246c6c50000), size 12910592, SharedBaseAddress: 0x00000246c6000000, ArchiveRelocationMode: 1.
Compressed class space mapped at: 0x00000246c7000000-0x0000024707000000, reserved size: 1073741824
Narrow klass base: 0x00000246c6000000, Narrow klass shift: 0, Narrow klass range: 0x41000000

GC Precious Log:
 CardTable entry size: 512
 Card Set container configuration: InlinePtr #cards 5 size 8 Array Of Cards #cards 12 size 40 Howl #buckets 4 coarsen threshold 1843 Howl Bitmap #cards 512 size 80 coarsen threshold 460 Card regions per heap region 1 cards per card region 2048
 CPUs: 8 total, 8 available
 Memory: 8029M
 Large Page Support: Disabled
 NUMA Support: Disabled
 Compressed Oops: Enabled (32-bit)
 Heap Region Size: 1M
 Heap Min Capacity: 8M
 Heap Initial Capacity: 126M
 Heap Max Capacity: 2008M
 Pre-touch: Disabled
 Parallel Workers: 8
 Concurrent Workers: 2
 Concurrent Refinement Workers: 8
 Periodic GC: Disabled

Heap:
 garbage-first heap   total reserved 2056192K, committed 96256K, used 43621K [0x0000000082800000, 0x0000000100000000)
  region size 1024K, 10 young (10240K), 4 survivors (4096K)
 Metaspace       used 73716K, committed 74496K, reserved 1114112K
  class space    used 10165K, committed 10496K, reserved 1048576K

Heap Regions: E=young(eden), S=young(survivor), O=old, HS=humongous(starts), HC=humongous(continues), CS=collection set, F=free, TAMS=top-at-mark-start, PB=parsable bottom
|   0|0x0000000082800000, 0x0000000082900000, 0x0000000082900000|100%|HS|  |TAMS 0x0000000082800000| PB 0x0000000082800000| Complete |  0
|   1|0x0000000082900000, 0x0000000082a00000, 0x0000000082a00000|100%| O|  |TAMS 0x0000000082900000| PB 0x0000000082900000| Untracked |  0
|   2|0x0000000082a00000, 0x0000000082b00000, 0x0000000082b00000|100%| O|  |TAMS 0x0000000082a00000| PB 0x0000000082a00000| Untracked |  0
|   3|0x0000000082b00000, 0x0000000082c00000, 0x0000000082c00000|100%| O|  |TAMS 0x0000000082b00000| PB 0x0000000082b00000| Untracked |  0
|   4|0x0000000082c00000, 0x0000000082d00000, 0x0000000082d00000|100%| O|  |TAMS 0x0000000082c00000| PB 0x0000000082c00000| Untracked |  0
|   5|0x0000000082d00000, 0x0000000082e00000, 0x0000000082e00000|100%| O|  |TAMS 0x0000000082d00000| PB 0x0000000082d00000| Untracked |  0
|   6|0x0000000082e00000, 0x0000000082ef9d98, 0x0000000082f00000| 97%| O|  |TAMS 0x0000000082e00000| PB 0x0000000082e00000| Untracked |  0
|   7|0x0000000082f00000, 0x0000000083000000, 0x0000000083000000|100%| O|  |TAMS 0x0000000082f00000| PB 0x0000000082f00000| Untracked |  0
|   8|0x0000000083000000, 0x0000000083100000, 0x0000000083100000|100%| O|  |TAMS 0x0000000083000000| PB 0x0000000083000000| Untracked |  0
|   9|0x0000000083100000, 0x0000000083200000, 0x0000000083200000|100%| O|  |TAMS 0x0000000083100000| PB 0x0000000083100000| Untracked |  0
|  10|0x0000000083200000, 0x0000000083300000, 0x0000000083300000|100%| O|  |TAMS 0x0000000083200000| PB 0x0000000083200000| Untracked |  0
|  11|0x0000000083300000, 0x0000000083400000, 0x0000000083400000|100%| O|  |TAMS 0x0000000083300000| PB 0x0000000083300000| Untracked |  0
|  12|0x0000000083400000, 0x0000000083500000, 0x0000000083500000|100%| O|  |TAMS 0x0000000083400000| PB 0x0000000083400000| Untracked |  0
|  13|0x0000000083500000, 0x0000000083600000, 0x0000000083600000|100%| O|  |TAMS 0x0000000083500000| PB 0x0000000083500000| Untracked |  0
|  14|0x0000000083600000, 0x0000000083700000, 0x0000000083700000|100%| O|  |TAMS 0x0000000083600000| PB 0x0000000083600000| Untracked |  0
|  15|0x0000000083700000, 0x0000000083800000, 0x0000000083800000|100%| O|  |TAMS 0x0000000083700000| PB 0x0000000083700000| Untracked |  0
|  16|0x0000000083800000, 0x0000000083900000, 0x0000000083900000|100%| O|  |TAMS 0x0000000083800000| PB 0x0000000083800000| Untracked |  0
|  17|0x0000000083900000, 0x0000000083a00000, 0x0000000083a00000|100%| O|  |TAMS 0x0000000083900000| PB 0x0000000083900000| Untracked |  0
|  18|0x0000000083a00000, 0x0000000083b00000, 0x0000000083b00000|100%| O|  |TAMS 0x0000000083a00000| PB 0x0000000083a00000| Untracked |  0
|  19|0x0000000083b00000, 0x0000000083c00000, 0x0000000083c00000|100%| O|  |TAMS 0x0000000083b00000| PB 0x0000000083b00000| Untracked |  0
|  20|0x0000000083c00000, 0x0000000083d00000, 0x0000000083d00000|100%| O|  |TAMS 0x0000000083c00000| PB 0x0000000083c00000| Untracked |  0
|  21|0x0000000083d00000, 0x0000000083e00000, 0x0000000083e00000|100%| O|  |TAMS 0x0000000083d00000| PB 0x0000000083d00000| Untracked |  0
|  22|0x0000000083e00000, 0x0000000083f00000, 0x0000000083f00000|100%| O|  |TAMS 0x0000000083e00000| PB 0x0000000083e00000| Untracked |  0
|  23|0x0000000083f00000, 0x0000000084000000, 0x0000000084000000|100%| O|  |TAMS 0x0000000083f00000| PB 0x0000000083f00000| Untracked |  0
|  24|0x0000000084000000, 0x0000000084100000, 0x0000000084100000|100%| O|  |TAMS 0x0000000084000000| PB 0x0000000084000000| Untracked |  0
|  25|0x0000000084100000, 0x0000000084200000, 0x0000000084200000|100%| O|  |TAMS 0x0000000084100000| PB 0x0000000084100000| Untracked |  0
|  26|0x0000000084200000, 0x0000000084300000, 0x0000000084300000|100%| O|  |TAMS 0x0000000084200000| PB 0x0000000084200000| Untracked |  0
|  27|0x0000000084300000, 0x0000000084400000, 0x0000000084400000|100%| O|  |TAMS 0x0000000084300000| PB 0x0000000084300000| Untracked |  0
|  28|0x0000000084400000, 0x0000000084500000, 0x0000000084500000|100%| O|  |TAMS 0x0000000084400000| PB 0x0000000084400000| Untracked |  0
|  29|0x0000000084500000, 0x0000000084600000, 0x0000000084600000|100%| O|  |TAMS 0x0000000084500000| PB 0x0000000084500000| Untracked |  0
|  30|0x0000000084600000, 0x0000000084700000, 0x0000000084700000|100%| O|  |TAMS 0x0000000084600000| PB 0x0000000084600000| Untracked |  0
|  31|0x0000000084700000, 0x0000000084800000, 0x0000000084800000|100%| O|  |TAMS 0x0000000084700000| PB 0x0000000084700000| Untracked |  0
|  32|0x0000000084800000, 0x0000000084900000, 0x0000000084900000|100%| O|  |TAMS 0x0000000084800000| PB 0x0000000084800000| Untracked |  0
|  33|0x0000000084900000, 0x00000000849cc948, 0x0000000084a00000| 79%| O|  |TAMS 0x0000000084900000| PB 0x0000000084900000| Untracked |  0
|  34|0x0000000084a00000, 0x0000000084a00000, 0x0000000084b00000|  0%| F|  |TAMS 0x0000000084a00000| PB 0x0000000084a00000| Untracked |  0
|  35|0x0000000084b00000, 0x0000000084b00000, 0x0000000084c00000|  0%| F|  |TAMS 0x0000000084b00000| PB 0x0000000084b00000| Untracked |  0
|  36|0x0000000084c00000, 0x0000000084c00000, 0x0000000084d00000|  0%| F|  |TAMS 0x0000000084c00000| PB 0x0000000084c00000| Untracked |  0
|  37|0x0000000084d00000, 0x0000000084d00000, 0x0000000084e00000|  0%| F|  |TAMS 0x0000000084d00000| PB 0x0000000084d00000| Untracked |  0
|  38|0x0000000084e00000, 0x0000000084e00000, 0x0000000084f00000|  0%| F|  |TAMS 0x0000000084e00000| PB 0x0000000084e00000| Untracked |  0
|  39|0x0000000084f00000, 0x0000000084f00000, 0x0000000085000000|  0%| F|  |TAMS 0x0000000084f00000| PB 0x0000000084f00000| Untracked |  0
|  40|0x0000000085000000, 0x00000000850d2d28, 0x0000000085100000| 82%| S|CS|TAMS 0x0000000085000000| PB 0x0000000085000000| Complete |  0
|  41|0x0000000085100000, 0x0000000085200000, 0x0000000085200000|100%| S|CS|TAMS 0x0000000085100000| PB 0x0000000085100000| Complete |  0
|  42|0x0000000085200000, 0x0000000085200000, 0x0000000085300000|  0%| F|  |TAMS 0x0000000085200000| PB 0x0000000085200000| Untracked |  0
|  43|0x0000000085300000, 0x0000000085300000, 0x0000000085400000|  0%| F|  |TAMS 0x0000000085300000| PB 0x0000000085300000| Untracked |  0
|  44|0x0000000085400000, 0x0000000085500000, 0x0000000085500000|100%| S|CS|TAMS 0x0000000085400000| PB 0x0000000085400000| Complete |  0
|  45|0x0000000085500000, 0x0000000085600000, 0x0000000085600000|100%| S|CS|TAMS 0x0000000085500000| PB 0x0000000085500000| Complete |  0
|  46|0x0000000085600000, 0x0000000085600000, 0x0000000085700000|  0%| F|  |TAMS 0x0000000085600000| PB 0x0000000085600000| Untracked |  0
|  47|0x0000000085700000, 0x0000000085700000, 0x0000000085800000|  0%| F|  |TAMS 0x0000000085700000| PB 0x0000000085700000| Untracked |  0
|  48|0x0000000085800000, 0x0000000085800000, 0x0000000085900000|  0%| F|  |TAMS 0x0000000085800000| PB 0x0000000085800000| Untracked |  0
|  49|0x0000000085900000, 0x0000000085900000, 0x0000000085a00000|  0%| F|  |TAMS 0x0000000085900000| PB 0x0000000085900000| Untracked |  0
|  50|0x0000000085a00000, 0x0000000085a00000, 0x0000000085b00000|  0%| F|  |TAMS 0x0000000085a00000| PB 0x0000000085a00000| Untracked |  0
|  51|0x0000000085b00000, 0x0000000085b00000, 0x0000000085c00000|  0%| F|  |TAMS 0x0000000085b00000| PB 0x0000000085b00000| Untracked |  0
|  52|0x0000000085c00000, 0x0000000085c00000, 0x0000000085d00000|  0%| F|  |TAMS 0x0000000085c00000| PB 0x0000000085c00000| Untracked |  0
|  53|0x0000000085d00000, 0x0000000085d00000, 0x0000000085e00000|  0%| F|  |TAMS 0x0000000085d00000| PB 0x0000000085d00000| Untracked |  0
|  54|0x0000000085e00000, 0x0000000085e00000, 0x0000000085f00000|  0%| F|  |TAMS 0x0000000085e00000| PB 0x0000000085e00000| Untracked |  0
|  55|0x0000000085f00000, 0x0000000085f00000, 0x0000000086000000|  0%| F|  |TAMS 0x0000000085f00000| PB 0x0000000085f00000| Untracked |  0
|  56|0x0000000086000000, 0x0000000086000000, 0x0000000086100000|  0%| F|  |TAMS 0x0000000086000000| PB 0x0000000086000000| Untracked |  0
|  57|0x0000000086100000, 0x0000000086100000, 0x0000000086200000|  0%| F|  |TAMS 0x0000000086100000| PB 0x0000000086100000| Untracked |  0
|  58|0x0000000086200000, 0x0000000086200000, 0x0000000086300000|  0%| F|  |TAMS 0x0000000086200000| PB 0x0000000086200000| Untracked |  0
|  59|0x0000000086300000, 0x0000000086300000, 0x0000000086400000|  0%| F|  |TAMS 0x0000000086300000| PB 0x0000000086300000| Untracked |  0
|  60|0x0000000086400000, 0x0000000086400000, 0x0000000086500000|  0%| F|  |TAMS 0x0000000086400000| PB 0x0000000086400000| Untracked |  0
|  61|0x0000000086500000, 0x0000000086500000, 0x0000000086600000|  0%| F|  |TAMS 0x0000000086500000| PB 0x0000000086500000| Untracked |  0
|  62|0x0000000086600000, 0x0000000086600000, 0x0000000086700000|  0%| F|  |TAMS 0x0000000086600000| PB 0x0000000086600000| Untracked |  0
|  63|0x0000000086700000, 0x0000000086700000, 0x0000000086800000|  0%| F|  |TAMS 0x0000000086700000| PB 0x0000000086700000| Untracked |  0
|  64|0x0000000086800000, 0x0000000086800000, 0x0000000086900000|  0%| F|  |TAMS 0x0000000086800000| PB 0x0000000086800000| Untracked |  0
|  65|0x0000000086900000, 0x0000000086900000, 0x0000000086a00000|  0%| F|  |TAMS 0x0000000086900000| PB 0x0000000086900000| Untracked |  0
|  66|0x0000000086a00000, 0x0000000086a00000, 0x0000000086b00000|  0%| F|  |TAMS 0x0000000086a00000| PB 0x0000000086a00000| Untracked |  0
|  67|0x0000000086b00000, 0x0000000086b00000, 0x0000000086c00000|  0%| F|  |TAMS 0x0000000086b00000| PB 0x0000000086b00000| Untracked |  0
|  68|0x0000000086c00000, 0x0000000086c00000, 0x0000000086d00000|  0%| F|  |TAMS 0x0000000086c00000| PB 0x0000000086c00000| Untracked |  0
|  69|0x0000000086d00000, 0x0000000086d00000, 0x0000000086e00000|  0%| F|  |TAMS 0x0000000086d00000| PB 0x0000000086d00000| Untracked |  0
|  70|0x0000000086e00000, 0x0000000086e00000, 0x0000000086f00000|  0%| F|  |TAMS 0x0000000086e00000| PB 0x0000000086e00000| Untracked |  0
|  71|0x0000000086f00000, 0x0000000086f00000, 0x0000000087000000|  0%| F|  |TAMS 0x0000000086f00000| PB 0x0000000086f00000| Untracked |  0
|  72|0x0000000087000000, 0x0000000087000000, 0x0000000087100000|  0%| F|  |TAMS 0x0000000087000000| PB 0x0000000087000000| Untracked |  0
|  73|0x0000000087100000, 0x0000000087100000, 0x0000000087200000|  0%| F|  |TAMS 0x0000000087100000| PB 0x0000000087100000| Untracked |  0
|  74|0x0000000087200000, 0x0000000087200000, 0x0000000087300000|  0%| F|  |TAMS 0x0000000087200000| PB 0x0000000087200000| Untracked |  0
|  75|0x0000000087300000, 0x0000000087300000, 0x0000000087400000|  0%| F|  |TAMS 0x0000000087300000| PB 0x0000000087300000| Untracked |  0
|  76|0x0000000087400000, 0x0000000087400000, 0x0000000087500000|  0%| F|  |TAMS 0x0000000087400000| PB 0x0000000087400000| Untracked |  0
|  77|0x0000000087500000, 0x0000000087500000, 0x0000000087600000|  0%| F|  |TAMS 0x0000000087500000| PB 0x0000000087500000| Untracked |  0
|  78|0x0000000087600000, 0x0000000087600000, 0x0000000087700000|  0%| F|  |TAMS 0x0000000087600000| PB 0x0000000087600000| Untracked |  0
|  79|0x0000000087700000, 0x0000000087700000, 0x0000000087800000|  0%| F|  |TAMS 0x0000000087700000| PB 0x0000000087700000| Untracked |  0
|  80|0x0000000087800000, 0x0000000087800000, 0x0000000087900000|  0%| F|  |TAMS 0x0000000087800000| PB 0x0000000087800000| Untracked |  0
|  81|0x0000000087900000, 0x0000000087900000, 0x0000000087a00000|  0%| F|  |TAMS 0x0000000087900000| PB 0x0000000087900000| Untracked |  0
|  82|0x0000000087a00000, 0x0000000087a00000, 0x0000000087b00000|  0%| F|  |TAMS 0x0000000087a00000| PB 0x0000000087a00000| Untracked |  0
|  83|0x0000000087b00000, 0x0000000087b00000, 0x0000000087c00000|  0%| F|  |TAMS 0x0000000087b00000| PB 0x0000000087b00000| Untracked |  0
|  84|0x0000000087c00000, 0x0000000087c00000, 0x0000000087d00000|  0%| F|  |TAMS 0x0000000087c00000| PB 0x0000000087c00000| Untracked |  0
|  85|0x0000000087d00000, 0x0000000087d00000, 0x0000000087e00000|  0%| F|  |TAMS 0x0000000087d00000| PB 0x0000000087d00000| Untracked |  0
|  86|0x0000000087e00000, 0x0000000087e00000, 0x0000000087f00000|  0%| F|  |TAMS 0x0000000087e00000| PB 0x0000000087e00000| Untracked |  0
|  89|0x0000000088100000, 0x0000000088100000, 0x0000000088200000|  0%| F|  |TAMS 0x0000000088100000| PB 0x0000000088100000| Untracked |  0
|  93|0x0000000088500000, 0x0000000088600000, 0x0000000088600000|100%| E|  |TAMS 0x0000000088500000| PB 0x0000000088500000| Complete |  0
|  94|0x0000000088600000, 0x0000000088700000, 0x0000000088700000|100%| E|CS|TAMS 0x0000000088600000| PB 0x0000000088600000| Complete |  0
|  95|0x0000000088700000, 0x0000000088800000, 0x0000000088800000|100%| E|CS|TAMS 0x0000000088700000| PB 0x0000000088700000| Complete |  0
|  96|0x0000000088800000, 0x0000000088900000, 0x0000000088900000|100%| E|CS|TAMS 0x0000000088800000| PB 0x0000000088800000| Complete |  0
|  97|0x0000000088900000, 0x0000000088a00000, 0x0000000088a00000|100%| E|CS|TAMS 0x0000000088900000| PB 0x0000000088900000| Complete |  0
| 125|0x000000008a500000, 0x000000008a600000, 0x000000008a600000|100%| E|CS|TAMS 0x000000008a500000| PB 0x000000008a500000| Complete |  0

Card table byte_map: [0x00000246c03e0000,0x00000246c07d0000] _byte_map_base: 0x00000246bffcc000

Marking Bits: (CMBitMap*) 0x00000246a89ea050
 Bits: [0x00000246c07d0000, 0x00000246c2730000)

Polling page: 0x00000246a6940000

Metaspace:

Usage:
  Non-class:     62.06 MB used.
      Class:      9.93 MB used.
       Both:     71.99 MB used.

Virtual space:
  Non-class space:       64.00 MB reserved,      62.50 MB ( 98%) committed,  1 nodes.
      Class space:        1.00 GB reserved,      10.25 MB (  1%) committed,  1 nodes.
             Both:        1.06 GB reserved,      72.75 MB (  7%) committed. 

Chunk freelists:
   Non-Class:  579.00 KB
       Class:  5.57 MB
        Both:  6.14 MB

MaxMetaspaceSize: unlimited
CompressedClassSpaceSize: 1.00 GB
Initial GC threshold: 21.00 MB
Current GC threshold: 98.25 MB
CDS: on
 - commit_granule_bytes: 65536.
 - commit_granule_words: 8192.
 - virtual_space_node_default_size: 8388608.
 - enlarge_chunks_in_place: 1.
 - use_allocation_guard: 0.


Internal statistics:

num_allocs_failed_limit: 9.
num_arena_births: 1150.
num_arena_deaths: 0.
num_vsnodes_births: 2.
num_vsnodes_deaths: 0.
num_space_committed: 1164.
num_space_uncommitted: 0.
num_chunks_returned_to_freelist: 9.
num_chunks_taken_from_freelist: 3825.
num_chunk_merges: 9.
num_chunk_splits: 2699.
num_chunks_enlarged: 2056.
num_inconsistent_stats: 0.

CodeHeap 'non-profiled nmethods': size=120000Kb used=5088Kb max_used=5088Kb free=114911Kb
 bounds [0x00000246b8790000, 0x00000246b8c90000, 0x00000246bfcc0000]
CodeHeap 'profiled nmethods': size=120000Kb used=12473Kb max_used=12473Kb free=107526Kb
 bounds [0x00000246b0cc0000, 0x00000246b18f0000, 0x00000246b81f0000]
CodeHeap 'non-nmethods': size=5760Kb used=1753Kb max_used=1833Kb free=4006Kb
 bounds [0x00000246b81f0000, 0x00000246b8460000, 0x00000246b8790000]
 total_blobs=7119 nmethods=6347 adapters=675
 compilation: enabled
              stopped_count=0, restarted_count=0
 full_count=0

Compilation events (20 events):
Event: 11.998 Thread 0x000002470f3c7cd0 6410       4       java.util.ArrayDeque::peek (5 bytes)
Event: 11.998 Thread 0x000002470f3c9810 6358       4       org.springframework.core.annotation.AnnotationsProcessor::finish (2 bytes)
Event: 11.998 Thread 0x000002470f3c9810 nmethod 6358 0x00000246b8c81a10 code [0x00000246b8c81b80, 0x00000246b8c81c08]
Event: 11.998 Thread 0x000002470f3c9810 6446       4       org.springframework.boot.context.properties.source.SpringConfigurationPropertySources$SourcesIterator::fetchNext (139 bytes)
Event: 12.000 Thread 0x000002470f3c7cd0 nmethod 6410 0x00000246b8c81d10 code [0x00000246b8c81ea0, 0x00000246b8c81f70]
Event: 12.000 Thread 0x000002470f3c7cd0 6591       4       sun.net.util.URLUtil::urlNoFragString (143 bytes)
Event: 12.026 Thread 0x000002470f3c7cd0 nmethod 6591 0x00000246b8c82390 code [0x00000246b8c82660, 0x00000246b8c83b80]
Event: 12.026 Thread 0x000002470f3c7cd0 6973       4       java.util.HashMap::afterNodeRemoval (1 bytes)
Event: 12.027 Thread 0x000002470f3c7cd0 nmethod 6973 0x00000246b8c84710 code [0x00000246b8c84880, 0x00000246b8c84908]
Event: 12.027 Thread 0x000002470f3c7cd0 6799       4       java.util.LinkedHashMap$LinkedKeySet::size (8 bytes)
Event: 12.027 Thread 0x000002470f3c7cd0 nmethod 6799 0x00000246b8c84a10 code [0x00000246b8c84b80, 0x00000246b8c84c28]
Event: 12.027 Thread 0x000002470f3c7cd0 6774       4       org.springframework.beans.factory.config.BeanPostProcessor::postProcessAfterInitialization (2 bytes)
Event: 12.027 Thread 0x000002470f3c7cd0 nmethod 6774 0x00000246b8c84d10 code [0x00000246b8c84e80, 0x00000246b8c84f08]
Event: 12.027 Thread 0x000002470f3c7cd0 7101       4       org.aspectj.weaver.reflect.ShadowMatchImpl::maybeMatches (8 bytes)
Event: 12.028 Thread 0x000002470f3c7cd0 nmethod 7101 0x00000246b8c85010 code [0x00000246b8c851a0, 0x00000246b8c85268]
Event: 12.028 Thread 0x000002470f3c7cd0 6794       4       org.aspectj.weaver.reflect.ShadowMatchImpl::neverMatches (8 bytes)
Event: 12.028 Thread 0x000002470f3c7cd0 nmethod 6794 0x00000246b8c85310 code [0x00000246b8c854a0, 0x00000246b8c85568]
Event: 12.028 Thread 0x000002470f3c7cd0 6793       4       org.aspectj.weaver.reflect.ShadowMatchImpl::alwaysMatches (8 bytes)
Event: 12.029 Thread 0x000002470f3c7cd0 nmethod 6793 0x00000246b8c85610 code [0x00000246b8c857a0, 0x00000246b8c85868]
Event: 12.034 Thread 0x000002470f3c9810 nmethod 6446 0x00000246b8c85910 code [0x00000246b8c85ca0, 0x00000246b8c871d0]

GC Heap History (20 events):
Event: 8.027 GC heap before
{Heap before GC invocations=11 (full 0):
 garbage-first heap   total reserved 2056192K, committed 64512K, used 55729K [0x0000000082800000, 0x0000000100000000)
  region size 1024K, 36 young (36864K), 4 survivors (4096K)
 Metaspace       used 51344K, committed 51968K, reserved 1114112K
  class space    used 6902K, committed 7168K, reserved 1048576K
}
Event: 8.037 GC heap after
{Heap after GC invocations=12 (full 0):
 garbage-first heap   total reserved 2056192K, committed 64512K, used 24921K [0x0000000082800000, 0x0000000100000000)
  region size 1024K, 5 young (5120K), 5 survivors (5120K)
 Metaspace       used 51344K, committed 51968K, reserved 1114112K
  class space    used 6902K, committed 7168K, reserved 1048576K
}
Event: 8.619 GC heap before
{Heap before GC invocations=12 (full 0):
 garbage-first heap   total reserved 2056192K, committed 64512K, used 53593K [0x0000000082800000, 0x0000000100000000)
  region size 1024K, 34 young (34816K), 5 survivors (5120K)
 Metaspace       used 59246K, committed 59904K, reserved 1114112K
  class space    used 8154K, committed 8448K, reserved 1048576K
}
Event: 8.628 GC heap after
{Heap after GC invocations=13 (full 0):
 garbage-first heap   total reserved 2056192K, committed 64512K, used 25575K [0x0000000082800000, 0x0000000100000000)
  region size 1024K, 3 young (3072K), 3 survivors (3072K)
 Metaspace       used 59246K, committed 59904K, reserved 1114112K
  class space    used 8154K, committed 8448K, reserved 1048576K
}
Event: 8.660 GC heap before
{Heap before GC invocations=13 (full 0):
 garbage-first heap   total reserved 2056192K, committed 64512K, used 25575K [0x0000000082800000, 0x0000000100000000)
  region size 1024K, 4 young (4096K), 3 survivors (3072K)
 Metaspace       used 59533K, committed 60160K, reserved 1114112K
  class space    used 8185K, committed 8448K, reserved 1048576K
}
Event: 8.665 GC heap after
{Heap after GC invocations=14 (full 0):
 garbage-first heap   total reserved 2056192K, committed 64512K, used 26140K [0x0000000082800000, 0x0000000100000000)
  region size 1024K, 2 young (2048K), 2 survivors (2048K)
 Metaspace       used 59533K, committed 60160K, reserved 1114112K
  class space    used 8185K, committed 8448K, reserved 1048576K
}
Event: 9.441 GC heap before
{Heap before GC invocations=15 (full 0):
 garbage-first heap   total reserved 2056192K, committed 64512K, used 56860K [0x0000000082800000, 0x0000000100000000)
  region size 1024K, 33 young (33792K), 2 survivors (2048K)
 Metaspace       used 66108K, committed 66816K, reserved 1114112K
  class space    used 9106K, committed 9408K, reserved 1048576K
}
Event: 9.450 GC heap after
{Heap after GC invocations=16 (full 0):
 garbage-first heap   total reserved 2056192K, committed 64512K, used 28543K [0x0000000082800000, 0x0000000100000000)
  region size 1024K, 4 young (4096K), 4 survivors (4096K)
 Metaspace       used 66108K, committed 66816K, reserved 1114112K
  class space    used 9106K, committed 9408K, reserved 1048576K
}
Event: 9.779 GC heap before
{Heap before GC invocations=16 (full 0):
 garbage-first heap   total reserved 2056192K, committed 64512K, used 56191K [0x0000000082800000, 0x0000000100000000)
  region size 1024K, 31 young (31744K), 4 survivors (4096K)
 Metaspace       used 67136K, committed 67840K, reserved 1114112K
  class space    used 9252K, committed 9600K, reserved 1048576K
}
Event: 9.789 GC heap after
{Heap after GC invocations=17 (full 0):
 garbage-first heap   total reserved 2056192K, committed 64512K, used 29838K [0x0000000082800000, 0x0000000100000000)
  region size 1024K, 2 young (2048K), 2 survivors (2048K)
 Metaspace       used 67136K, committed 67840K, reserved 1114112K
  class space    used 9252K, committed 9600K, reserved 1048576K
}
Event: 10.136 GC heap before
{Heap before GC invocations=17 (full 0):
 garbage-first heap   total reserved 2056192K, committed 64512K, used 57486K [0x0000000082800000, 0x0000000100000000)
  region size 1024K, 29 young (29696K), 2 survivors (2048K)
 Metaspace       used 67946K, committed 68672K, reserved 1114112K
  class space    used 9371K, committed 9664K, reserved 1048576K
}
Event: 10.144 GC heap after
{Heap after GC invocations=18 (full 0):
 garbage-first heap   total reserved 2056192K, committed 77824K, used 31241K [0x0000000082800000, 0x0000000100000000)
  region size 1024K, 3 young (3072K), 3 survivors (3072K)
 Metaspace       used 67946K, committed 68672K, reserved 1114112K
  class space    used 9371K, committed 9664K, reserved 1048576K
}
Event: 10.597 GC heap before
{Heap before GC invocations=18 (full 0):
 garbage-first heap   total reserved 2056192K, committed 77824K, used 69129K [0x0000000082800000, 0x0000000100000000)
  region size 1024K, 40 young (40960K), 3 survivors (3072K)
 Metaspace       used 69029K, committed 69760K, reserved 1114112K
  class space    used 9523K, committed 9856K, reserved 1048576K
}
Event: 10.607 GC heap after
{Heap after GC invocations=19 (full 0):
 garbage-first heap   total reserved 2056192K, committed 77824K, used 33397K [0x0000000082800000, 0x0000000100000000)
  region size 1024K, 4 young (4096K), 4 survivors (4096K)
 Metaspace       used 69029K, committed 69760K, reserved 1114112K
  class space    used 9523K, committed 9856K, reserved 1048576K
}
Event: 10.985 GC heap before
{Heap before GC invocations=19 (full 0):
 garbage-first heap   total reserved 2056192K, committed 77824K, used 68213K [0x0000000082800000, 0x0000000100000000)
  region size 1024K, 38 young (38912K), 4 survivors (4096K)
 Metaspace       used 69811K, committed 70592K, reserved 1114112K
  class space    used 9648K, committed 9984K, reserved 1048576K
}
Event: 11.001 GC heap after
{Heap after GC invocations=20 (full 0):
 garbage-first heap   total reserved 2056192K, committed 77824K, used 34779K [0x0000000082800000, 0x0000000100000000)
  region size 1024K, 4 young (4096K), 4 survivors (4096K)
 Metaspace       used 69811K, committed 70592K, reserved 1114112K
  class space    used 9648K, committed 9984K, reserved 1048576K
}
Event: 11.421 GC heap before
{Heap before GC invocations=20 (full 0):
 garbage-first heap   total reserved 2056192K, committed 77824K, used 67547K [0x0000000082800000, 0x0000000100000000)
  region size 1024K, 36 young (36864K), 4 survivors (4096K)
 Metaspace       used 71504K, committed 72320K, reserved 1114112K
  class space    used 9803K, committed 10176K, reserved 1048576K
}
Event: 11.432 GC heap after
{Heap after GC invocations=21 (full 0):
 garbage-first heap   total reserved 2056192K, committed 77824K, used 36384K [0x0000000082800000, 0x0000000100000000)
  region size 1024K, 4 young (4096K), 4 survivors (4096K)
 Metaspace       used 71504K, committed 72320K, reserved 1114112K
  class space    used 9803K, committed 10176K, reserved 1048576K
}
Event: 11.865 GC heap before
{Heap before GC invocations=21 (full 0):
 garbage-first heap   total reserved 2056192K, committed 77824K, used 67104K [0x0000000082800000, 0x0000000100000000)
  region size 1024K, 34 young (34816K), 4 survivors (4096K)
 Metaspace       used 73166K, committed 73920K, reserved 1114112K
  class space    used 10084K, committed 10432K, reserved 1048576K
}
Event: 11.877 GC heap after
{Heap after GC invocations=22 (full 0):
 garbage-first heap   total reserved 2056192K, committed 96256K, used 38501K [0x0000000082800000, 0x0000000100000000)
  region size 1024K, 4 young (4096K), 4 survivors (4096K)
 Metaspace       used 73166K, committed 73920K, reserved 1114112K
  class space    used 10084K, committed 10432K, reserved 1048576K
}

Dll operation events (15 events):
Event: 0.014 Loaded shared library C:\Users\Jacob\.jdks\openjdk-22.0.1\bin\java.dll
Event: 0.049 Loaded shared library C:\Users\Jacob\.jdks\openjdk-22.0.1\bin\jsvml.dll
Event: 0.193 Loaded shared library C:\Users\Jacob\.jdks\openjdk-22.0.1\bin\zip.dll
Event: 0.198 Loaded shared library C:\Users\Jacob\.jdks\openjdk-22.0.1\bin\instrument.dll
Event: 0.202 Loaded shared library C:\Users\Jacob\.jdks\openjdk-22.0.1\bin\net.dll
Event: 0.204 Loaded shared library C:\Users\Jacob\.jdks\openjdk-22.0.1\bin\nio.dll
Event: 0.208 Loaded shared library C:\Users\Jacob\.jdks\openjdk-22.0.1\bin\zip.dll
Event: 0.228 Loaded shared library C:\Users\Jacob\Desktop\IntelliJ IDEA Community Edition 2024.1.3\bin\breakgen64.dll
Event: 0.238 Loaded shared library C:\Users\Jacob\.jdks\openjdk-22.0.1\bin\extnet.dll
Event: 0.397 Loaded shared library C:\Users\Jacob\.jdks\openjdk-22.0.1\bin\jimage.dll
Event: 2.307 Loaded shared library C:\Users\Jacob\.jdks\openjdk-22.0.1\bin\le.dll
Event: 3.056 Loaded shared library C:\Users\Jacob\.jdks\openjdk-22.0.1\bin\sunmscapi.dll
Event: 5.933 Loaded shared library C:\Users\Jacob\.jdks\openjdk-22.0.1\bin\management.dll
Event: 5.936 Loaded shared library C:\Users\Jacob\.jdks\openjdk-22.0.1\bin\management_ext.dll
Event: 7.215 Loaded shared library C:\Users\Jacob\.jdks\openjdk-22.0.1\bin\verify.dll

Deoptimization events (20 events):
Event: 11.956 Thread 0x00000246a8991fd0 Uncommon trap: trap_request=0xffffffde fr.pc=0x00000246b89ee1fc relative=0x00000000000008dc
Event: 11.956 Thread 0x00000246a8991fd0 Uncommon trap: reason=class_check action=maybe_recompile pc=0x00000246b89ee1fc method=org.springframework.core.annotation.AnnotationsScanner.isWithoutHierarchy(Ljava/lang/reflect/AnnotatedElement;Ljava/util/function/Predicate;)Z @ 45 c2
Event: 11.956 Thread 0x00000246a8991fd0 DEOPT PACKING pc=0x00000246b89ee1fc sp=0x000000e40cefcdb0
Event: 11.956 Thread 0x00000246a8991fd0 DEOPT UNPACKING pc=0x00000246b82446a2 sp=0x000000e40cefcc58 mode 2
Event: 11.957 Thread 0x00000246a8991fd0 Uncommon trap: trap_request=0xffffffde fr.pc=0x00000246b8865d6c relative=0x0000000000000c6c
Event: 11.957 Thread 0x00000246a8991fd0 Uncommon trap: reason=class_check action=maybe_recompile pc=0x00000246b8865d6c method=org.springframework.core.annotation.AnnotationsScanner.processClassHierarchy(Ljava/lang/Object;[ILjava/lang/Class;Lorg/springframework/core/annotation/AnnotationsProcess
Event: 11.957 Thread 0x00000246a8991fd0 DEOPT PACKING pc=0x00000246b8865d6c sp=0x000000e40cefcd20
Event: 11.957 Thread 0x00000246a8991fd0 DEOPT UNPACKING pc=0x00000246b82446a2 sp=0x000000e40cefccf0 mode 2
Event: 11.991 Thread 0x00000246a8991fd0 Uncommon trap: trap_request=0xffffff9d fr.pc=0x00000246b8b3cf8c relative=0x000000000000076c
Event: 11.991 Thread 0x00000246a8991fd0 Uncommon trap: reason=unreached action=reinterpret pc=0x00000246b8b3cf8c method=jdk.internal.reflect.DirectMethodHandleAccessor.invoke(Ljava/lang/Object;[Ljava/lang/Object;)Ljava/lang/Object; @ 82 c2
Event: 11.991 Thread 0x00000246a8991fd0 DEOPT PACKING pc=0x00000246b8b3cf8c sp=0x000000e40cefb6f0
Event: 11.991 Thread 0x00000246a8991fd0 DEOPT UNPACKING pc=0x00000246b82446a2 sp=0x000000e40cefb690 mode 2
Event: 11.997 Thread 0x00000246a8991fd0 Uncommon trap: trap_request=0xffffffde fr.pc=0x00000246b8b2e1f0 relative=0x0000000000001c90
Event: 11.997 Thread 0x00000246a8991fd0 Uncommon trap: reason=class_check action=maybe_recompile pc=0x00000246b8b2e1f0 method=java.util.zip.InflaterInputStream.read([BII)I @ 78 c2
Event: 11.997 Thread 0x00000246a8991fd0 DEOPT PACKING pc=0x00000246b8b2e1f0 sp=0x000000e40cefb1d0
Event: 11.997 Thread 0x00000246a8991fd0 DEOPT UNPACKING pc=0x00000246b82446a2 sp=0x000000e40cefb230 mode 2
Event: 11.997 Thread 0x00000246a8991fd0 Uncommon trap: trap_request=0xffffffde fr.pc=0x00000246b8b2e1f0 relative=0x0000000000001c90
Event: 11.997 Thread 0x00000246a8991fd0 Uncommon trap: reason=class_check action=maybe_recompile pc=0x00000246b8b2e1f0 method=java.util.zip.InflaterInputStream.read([BII)I @ 78 c2
Event: 11.997 Thread 0x00000246a8991fd0 DEOPT PACKING pc=0x00000246b8b2e1f0 sp=0x000000e40cefb1d0
Event: 11.997 Thread 0x00000246a8991fd0 DEOPT UNPACKING pc=0x00000246b82446a2 sp=0x000000e40cefb230 mode 2

Classes loaded (20 events):
Event: 11.939 Loading class java/util/IdentityHashMap$KeySpliterator
Event: 11.939 Loading class java/util/IdentityHashMap$IdentityHashMapSpliterator
Event: 11.939 Loading class java/util/IdentityHashMap$IdentityHashMapSpliterator done
Event: 11.939 Loading class java/util/IdentityHashMap$KeySpliterator done
Event: 11.996 Loading class java/util/jar/JarInputStream
Event: 11.997 Loading class java/util/zip/ZipInputStream
Event: 11.997 Loading class java/util/zip/ZipInputStream done
Event: 11.997 Loading class java/util/jar/JarInputStream done
Event: 11.997 Loading class sun/security/util/ManifestEntryVerifier
Event: 11.998 Loading class sun/security/util/ManifestEntryVerifier done
Event: 12.000 Loading class java/lang/ProcessBuilder
Event: 12.000 Loading class java/lang/ProcessBuilder done
Event: 12.001 Loading class java/lang/ProcessImpl
Event: 12.001 Loading class java/lang/ProcessImpl done
Event: 12.008 Loading class java/lang/ProcessImpl$2
Event: 12.008 Loading class java/lang/ProcessImpl$2 done
Event: 12.009 Loading class java/lang/Process$PipeInputStream
Event: 12.009 Loading class java/lang/Process$PipeInputStream done
Event: 12.009 Loading class jdk/internal/event/ProcessStartEvent
Event: 12.009 Loading class jdk/internal/event/ProcessStartEvent done

Classes unloaded (0 events):
No events

Classes redefined (0 events):
No events

Internal exceptions (20 events):
Event: 9.605 Thread 0x00000246a8991fd0 Exception <a 'java/lang/NoSuchMethodError'{0x0000000085e8ffe0}: 'void java.lang.invoke.DirectMethodHandle$Holder.invokeStatic(java.lang.Object, int, java.lang.Object)'> (0x0000000085e8ffe0) 
thrown [s\open\src\hotspot\share\interpreter\linkResolver.cpp, line 774]
Event: 9.848 Thread 0x00000246a8991fd0 Exception <a 'java/lang/NoSuchMethodError'{0x00000000886004f0}: 'java.lang.Object java.lang.invoke.DirectMethodHandle$Holder.newInvokeSpecial(java.lang.Object, java.lang.Object, java.lang.Object, java.lang.Object, java.lang.Object, java.lang.Object, java.lang.Object, java.lang.Object)'> (0x00000000886004f0) 
thrown [s\open\src\hotspot\share\interpreter\linkResolver.cpp, line 774]
Event: 10.324 Thread 0x00000246a8991fd0 Exception <a 'java/lang/IncompatibleClassChangeError'{0x0000000086329e80}: Found class java.lang.Object, but interface was expected> (0x0000000086329e80) 
thrown [s\open\src\hotspot\share\interpreter\linkResolver.cpp, line 841]
Event: 10.429 Thread 0x00000246a8991fd0 Exception <a 'java/lang/IncompatibleClassChangeError'{0x00000000859d6220}: Found class java.lang.Object, but interface was expected> (0x00000000859d6220) 
thrown [s\open\src\hotspot\share\interpreter\linkResolver.cpp, line 841]
Event: 10.538 Thread 0x00000246a8991fd0 Exception <a 'java/lang/NoSuchMethodError'{0x0000000085202670}: 'void java.lang.invoke.DirectMethodHandle$Holder.invokeVirtual(java.lang.Object, java.lang.Object, long)'> (0x0000000085202670) 
thrown [s\open\src\hotspot\share\interpreter\linkResolver.cpp, line 774]
Event: 10.696 Thread 0x00000246a8991fd0 Implicit null exception at 0x00000246b89fd057 to 0x00000246b89fd4a0
Event: 10.844 Thread 0x00000246a8991fd0 Exception <a 'java/lang/NoSuchMethodError'{0x0000000085d44738}: 'java.lang.Object java.lang.invoke.DirectMethodHandle$Holder.invokeVirtual(java.lang.Object, java.lang.Object, java.lang.Object, java.lang.Object, java.lang.Object, java.lang.Object, java.lang.Object, java.lang.Object)'> (0x0000000085d44738) 
thrown [s\open\src\hotspot\share\interpreter\linkResolver.cpp, line 774]
Event: 10.889 Thread 0x00000246a8991fd0 Exception <a 'java/lang/IncompatibleClassChangeError'{0x0000000085a9f0f0}: Found class java.lang.Object, but interface was expected> (0x0000000085a9f0f0) 
thrown [s\open\src\hotspot\share\interpreter\linkResolver.cpp, line 841]
Event: 10.943 Thread 0x00000246a8991fd0 Exception <a 'java/lang/NoSuchMethodError'{0x00000000855cd928}: 'java.lang.Object java.lang.invoke.DirectMethodHandle$Holder.invokeVirtual(java.lang.Object, java.lang.Object, java.lang.Object, java.lang.Object, java.lang.Object, java.lang.Object, java.lang.Object)'> (0x00000000855cd928) 
thrown [s\open\src\hotspot\share\interpreter\linkResolver.cpp, line 774]
Event: 10.976 Thread 0x00000246a8991fd0 Exception <a 'java/lang/IncompatibleClassChangeError'{0x000000008527ab18}: Found class java.lang.Object, but interface was expected> (0x000000008527ab18) 
thrown [s\open\src\hotspot\share\interpreter\linkResolver.cpp, line 841]
Event: 11.134 Thread 0x00000246a8991fd0 Exception <a 'java/lang/IncompatibleClassChangeError'{0x0000000086a3a4c0}: Found class java.lang.Object, but interface was expected> (0x0000000086a3a4c0) 
thrown [s\open\src\hotspot\share\interpreter\linkResolver.cpp, line 841]
Event: 11.269 Thread 0x00000246a8991fd0 Implicit null exception at 0x00000246b8ac5c12 to 0x00000246b8ac7a5c
Event: 11.269 Thread 0x00000246a8991fd0 Implicit null exception at 0x00000246b89487eb to 0x00000246b8948a5c
Event: 11.318 Thread 0x00000246a8991fd0 Exception <a 'java/lang/IncompatibleClassChangeError'{0x000000008590f5e0}: Found class java.lang.Object, but interface was expected> (0x000000008590f5e0) 
thrown [s\open\src\hotspot\share\interpreter\linkResolver.cpp, line 841]
Event: 11.376 Thread 0x00000246a8991fd0 Exception <a 'java/lang/IncompatibleClassChangeError'{0x0000000085504308}: Found class java.lang.Object, but interface was expected> (0x0000000085504308) 
thrown [s\open\src\hotspot\share\interpreter\linkResolver.cpp, line 841]
Event: 11.593 Thread 0x00000246a8991fd0 Exception <a 'java/lang/IncompatibleClassChangeError'{0x00000000886db928}: Found class java.lang.Object, but interface was expected> (0x00000000886db928) 
thrown [s\open\src\hotspot\share\interpreter\linkResolver.cpp, line 841]
Event: 11.917 Thread 0x00000246a8991fd0 Exception <a 'java/lang/NoSuchMethodError'{0x00000000886064c0}: 'java.lang.Object java.lang.invoke.DirectMethodHandle$Holder.newInvokeSpecial(java.lang.Object, java.lang.Object, int, java.lang.Object, java.lang.Object)'> (0x00000000886064c0) 
thrown [s\open\src\hotspot\share\interpreter\linkResolver.cpp, line 774]
Event: 11.922 Thread 0x00000246a8991fd0 Implicit null exception at 0x00000246b89cfd65 to 0x00000246b89cffac
Event: 11.981 Thread 0x00000246a8991fd0 Exception <a 'java/lang/NoSuchMethodError'{0x000000008857f9d0}: method resolution failed> (0x000000008857f9d0) 
thrown [s\open\src\hotspot\share\prims\methodHandles.cpp, line 1146]
Event: 12.008 Thread 0x00000246a8991fd0 Exception <a 'java/lang/NoSuchMethodError'{0x00000000885d6608}: 'void java.lang.invoke.DirectMethodHandle$Holder.invokeStatic(java.lang.Object, long)'> (0x00000000885d6608) 
thrown [s\open\src\hotspot\share\interpreter\linkResolver.cpp, line 774]

ZGC Phase Switch (0 events):
No events

VM Operations (20 events):
Event: 10.597 Executing VM operation: G1CollectForAllocation (G1 Evacuation Pause)
Event: 10.607 Executing VM operation: G1CollectForAllocation (G1 Evacuation Pause) done
Event: 10.985 Executing VM operation: G1CollectForAllocation (G1 Evacuation Pause)
Event: 11.001 Executing VM operation: G1CollectForAllocation (G1 Evacuation Pause) done
Event: 11.346 Executing VM operation: HandshakeAllThreads (Deoptimize)
Event: 11.346 Executing VM operation: HandshakeAllThreads (Deoptimize) done
Event: 11.348 Executing VM operation: HandshakeAllThreads (Deoptimize)
Event: 11.348 Executing VM operation: HandshakeAllThreads (Deoptimize) done
Event: 11.420 Executing VM operation: G1CollectForAllocation (G1 Evacuation Pause)
Event: 11.432 Executing VM operation: G1CollectForAllocation (G1 Evacuation Pause) done
Event: 11.454 Executing VM operation: HandshakeAllThreads (Deoptimize)
Event: 11.454 Executing VM operation: HandshakeAllThreads (Deoptimize) done
Event: 11.482 Executing VM operation: HandshakeAllThreads (Deoptimize)
Event: 11.483 Executing VM operation: HandshakeAllThreads (Deoptimize) done
Event: 11.516 Executing VM operation: HandshakeAllThreads (Deoptimize)
Event: 11.516 Executing VM operation: HandshakeAllThreads (Deoptimize) done
Event: 11.607 Executing VM operation: HandshakeAllThreads (Deoptimize)
Event: 11.607 Executing VM operation: HandshakeAllThreads (Deoptimize) done
Event: 11.865 Executing VM operation: G1CollectForAllocation (G1 Evacuation Pause)
Event: 11.877 Executing VM operation: G1CollectForAllocation (G1 Evacuation Pause) done

Events (20 events):
Event: 8.698 Thread 0x00000246c515b460 flushing nmethod 0x00000246b1450610
Event: 8.698 Thread 0x00000246c515b460 flushing nmethod 0x00000246b1452390
Event: 8.698 Thread 0x00000246c515b460 flushing nmethod 0x00000246b14dd510
Event: 8.698 Thread 0x00000246c515b460 flushing nmethod 0x00000246b14de910
Event: 8.698 Thread 0x00000246c515b460 flushing nmethod 0x00000246b14e6290
Event: 8.698 Thread 0x00000246c515b460 flushing nmethod 0x00000246b1509a90
Event: 8.698 Thread 0x00000246c515b460 flushing nmethod 0x00000246b1519210
Event: 8.698 Thread 0x00000246c515b460 flushing nmethod 0x00000246b1553290
Event: 8.698 Thread 0x00000246c515b460 flushing nmethod 0x00000246b1553890
Event: 8.698 Thread 0x00000246c515b460 flushing nmethod 0x00000246b155f010
Event: 8.698 Thread 0x00000246c515b460 flushing nmethod 0x00000246b1561110
Event: 8.698 Thread 0x00000246c515b460 flushing nmethod 0x00000246b1565990
Event: 8.698 Thread 0x00000246c515b460 flushing nmethod 0x00000246b156b890
Event: 8.698 Thread 0x00000246c515b460 flushing nmethod 0x00000246b156c790
Event: 8.698 Thread 0x00000246c515b460 flushing nmethod 0x00000246b1593610
Event: 8.698 Thread 0x00000246c515b460 flushing nmethod 0x00000246b1599c10
Event: 8.698 Thread 0x00000246c515b460 flushing nmethod 0x00000246b15cc290
Event: 8.698 Thread 0x00000246c515b460 flushing nmethod 0x00000246b1607f10
Event: 8.698 Thread 0x00000246c515b460 flushing nmethod 0x00000246b1608290
Event: 9.237 Thread 0x00000247108e2de0 Thread added: 0x00000247108e2de0


Dynamic libraries:
0x00007ff7d1ac0000 - 0x00007ff7d1ace000 	C:\Users\Jacob\.jdks\openjdk-22.0.1\bin\java.exe
0x00007ffbb16f0000 - 0x00007ffbb1907000 	C:\WINDOWS\SYSTEM32\ntdll.dll
0x00007ffbafba0000 - 0x00007ffbafc64000 	C:\WINDOWS\System32\KERNEL32.DLL
0x00007ffbaec90000 - 0x00007ffbaf047000 	C:\WINDOWS\System32\KERNELBASE.dll
0x00007ffbaf110000 - 0x00007ffbaf221000 	C:\WINDOWS\System32\ucrtbase.dll
0x00007ffbaa480000 - 0x00007ffbaa49b000 	C:\Users\Jacob\.jdks\openjdk-22.0.1\bin\VCRUNTIME140.dll
0x00007ffbaa4d0000 - 0x00007ffbaa4e7000 	C:\Users\Jacob\.jdks\openjdk-22.0.1\bin\jli.dll
0x00007ffbaf650000 - 0x00007ffbaf7ff000 	C:\WINDOWS\System32\USER32.dll
0x00007ffb97df0000 - 0x00007ffb98083000 	C:\WINDOWS\WinSxS\amd64_microsoft.windows.common-controls_6595b64144ccf1df_6.0.22621.3672_none_2713b9d173822955\COMCTL32.dll
0x00007ffbaea00000 - 0x00007ffbaea26000 	C:\WINDOWS\System32\win32u.dll
0x00007ffbb0f80000 - 0x00007ffbb1027000 	C:\WINDOWS\System32\msvcrt.dll
0x00007ffbb15e0000 - 0x00007ffbb1609000 	C:\WINDOWS\System32\GDI32.dll
0x00007ffbaf2d0000 - 0x00007ffbaf3e8000 	C:\WINDOWS\System32\gdi32full.dll
0x00007ffbaf230000 - 0x00007ffbaf2ca000 	C:\WINDOWS\System32\msvcp_win.dll
0x00007ffbafb10000 - 0x00007ffbafb41000 	C:\WINDOWS\System32\IMM32.DLL
0x00007ffbaa4c0000 - 0x00007ffbaa4cc000 	C:\Users\Jacob\.jdks\openjdk-22.0.1\bin\vcruntime140_1.dll
0x00007ffb957f0000 - 0x00007ffb9587e000 	C:\Users\Jacob\.jdks\openjdk-22.0.1\bin\msvcp140.dll
0x00007ffb39870000 - 0x00007ffb3a5b7000 	C:\Users\Jacob\.jdks\openjdk-22.0.1\bin\server\jvm.dll
0x00007ffbb1110000 - 0x00007ffbb11c2000 	C:\WINDOWS\System32\ADVAPI32.dll
0x00007ffbb0db0000 - 0x00007ffbb0e58000 	C:\WINDOWS\System32\sechost.dll
0x00007ffbaf3f0000 - 0x00007ffbaf418000 	C:\WINDOWS\System32\bcrypt.dll
0x00007ffbb0e60000 - 0x00007ffbb0f74000 	C:\WINDOWS\System32\RPCRT4.dll
0x00007ffbb13a0000 - 0x00007ffbb1411000 	C:\WINDOWS\System32\WS2_32.dll
0x00007ffbadbc0000 - 0x00007ffbadc0d000 	C:\WINDOWS\SYSTEM32\POWRPROF.dll
0x00007ffba7270000 - 0x00007ffba72a4000 	C:\WINDOWS\SYSTEM32\WINMM.dll
0x00007ffba68e0000 - 0x00007ffba68ea000 	C:\WINDOWS\SYSTEM32\VERSION.dll
0x00007ffbadba0000 - 0x00007ffbadbb3000 	C:\WINDOWS\SYSTEM32\UMPDC.dll
0x00007ffbada70000 - 0x00007ffbada88000 	C:\WINDOWS\SYSTEM32\kernel.appcore.dll
0x00007ffbaa470000 - 0x00007ffbaa47a000 	C:\Users\Jacob\.jdks\openjdk-22.0.1\bin\jimage.dll
0x00007ffbac2a0000 - 0x00007ffbac4d2000 	C:\WINDOWS\SYSTEM32\DBGHELP.DLL
0x00007ffbb00f0000 - 0x00007ffbb047e000 	C:\WINDOWS\System32\combase.dll
0x00007ffbb1030000 - 0x00007ffbb1107000 	C:\WINDOWS\System32\OLEAUT32.dll
0x00007ffb8de60000 - 0x00007ffb8de92000 	C:\WINDOWS\SYSTEM32\dbgcore.DLL
0x00007ffbaea30000 - 0x00007ffbaeaab000 	C:\WINDOWS\System32\bcryptPrimitives.dll
0x00007ffba3450000 - 0x00007ffba345f000 	C:\Users\Jacob\.jdks\openjdk-22.0.1\bin\instrument.dll
0x00007ffbaa450000 - 0x00007ffbaa46e000 	C:\Users\Jacob\.jdks\openjdk-22.0.1\bin\java.dll
0x00007ffbb0480000 - 0x00007ffbb0ce9000 	C:\WINDOWS\System32\SHELL32.dll
0x00007ffbaf4a0000 - 0x00007ffbaf645000 	C:\WINDOWS\System32\ole32.dll
0x00007ffbac920000 - 0x00007ffbad21f000 	C:\WINDOWS\SYSTEM32\windows.storage.dll
0x00007ffbac7e0000 - 0x00007ffbac91f000 	C:\WINDOWS\SYSTEM32\wintypes.dll
0x00007ffbaf800000 - 0x00007ffbaf8f9000 	C:\WINDOWS\System32\SHCORE.dll
0x00007ffbb1340000 - 0x00007ffbb139e000 	C:\WINDOWS\System32\shlwapi.dll
0x00007ffbae930000 - 0x00007ffbae957000 	C:\WINDOWS\SYSTEM32\profapi.dll
0x00007ffb93220000 - 0x00007ffb932f7000 	C:\Users\Jacob\.jdks\openjdk-22.0.1\bin\jsvml.dll
0x00007ffba76d0000 - 0x00007ffba76e7000 	C:\Users\Jacob\.jdks\openjdk-22.0.1\bin\zip.dll
0x00007ffbaa430000 - 0x00007ffbaa440000 	C:\Users\Jacob\.jdks\openjdk-22.0.1\bin\net.dll
0x00007ffbadf70000 - 0x00007ffbadfd9000 	C:\WINDOWS\system32\mswsock.dll
0x00007ffba9cb0000 - 0x00007ffba9cc6000 	C:\Users\Jacob\.jdks\openjdk-22.0.1\bin\nio.dll
0x00007ffb93200000 - 0x00007ffb9321a000 	C:\Users\Jacob\Desktop\IntelliJ IDEA Community Edition 2024.1.3\bin\breakgen64.dll
0x00007ffb95960000 - 0x00007ffb95969000 	C:\Users\Jacob\.jdks\openjdk-22.0.1\bin\extnet.dll
0x00007ffb931f0000 - 0x00007ffb931fb000 	C:\Users\Jacob\.jdks\openjdk-22.0.1\bin\le.dll
0x00007ffba3440000 - 0x00007ffba344e000 	C:\Users\Jacob\.jdks\openjdk-22.0.1\bin\sunmscapi.dll
0x00007ffbaeb20000 - 0x00007ffbaec86000 	C:\WINDOWS\System32\CRYPT32.dll
0x00007ffbae3a0000 - 0x00007ffbae3cd000 	C:\WINDOWS\SYSTEM32\ncrypt.dll
0x00007ffbae360000 - 0x00007ffbae397000 	C:\WINDOWS\SYSTEM32\NTASN1.dll
0x00007ffbad540000 - 0x00007ffbad642000 	C:\WINDOWS\SYSTEM32\DNSAPI.dll
0x00007ffbad480000 - 0x00007ffbad4ad000 	C:\WINDOWS\SYSTEM32\IPHLPAPI.DLL
0x00007ffbb11d0000 - 0x00007ffbb11d9000 	C:\WINDOWS\System32\NSI.dll
0x00007ffb97c00000 - 0x00007ffb97c0a000 	C:\Windows\System32\rasadhlp.dll
0x00007ffba68f0000 - 0x00007ffba6973000 	C:\WINDOWS\System32\fwpuclnt.dll
0x00007ffba9c30000 - 0x00007ffba9c3a000 	C:\Users\Jacob\.jdks\openjdk-22.0.1\bin\management.dll
0x00007ffba9bc0000 - 0x00007ffba9bcb000 	C:\Users\Jacob\.jdks\openjdk-22.0.1\bin\management_ext.dll
0x00007ffbb1610000 - 0x00007ffbb1618000 	C:\WINDOWS\System32\PSAPI.DLL
0x00007ffbae1a0000 - 0x00007ffbae1bb000 	C:\WINDOWS\SYSTEM32\CRYPTSP.dll
0x00007ffbad960000 - 0x00007ffbad995000 	C:\WINDOWS\system32\rsaenh.dll
0x00007ffbae030000 - 0x00007ffbae058000 	C:\WINDOWS\SYSTEM32\USERENV.dll
0x00007ffbae1c0000 - 0x00007ffbae1cc000 	C:\WINDOWS\SYSTEM32\CRYPTBASE.dll
0x00007ffb931e0000 - 0x00007ffb931f0000 	C:\Users\Jacob\.jdks\openjdk-22.0.1\bin\verify.dll
0x00007ffb8dde0000 - 0x00007ffb8dde8000 	C:\WINDOWS\system32\wshunix.dll

dbghelp: loaded successfully - version: 4.0.5 - missing functions: none
symbol engine: initialized successfully - sym options: 0x614 - pdb path: .;C:\Users\Jacob\.jdks\openjdk-22.0.1\bin;C:\WINDOWS\SYSTEM32;C:\WINDOWS\WinSxS\amd64_microsoft.windows.common-controls_6595b64144ccf1df_6.0.22621.3672_none_2713b9d173822955;C:\Users\Jacob\.jdks\openjdk-22.0.1\bin\server;C:\Users\Jacob\Desktop\IntelliJ IDEA Community Edition 2024.1.3\bin

VM Arguments:
jvm_args: -ea -Didea.test.cyclic.buffer.size=1048576 -javaagent:C:\Users\Jacob\Desktop\IntelliJ IDEA Community Edition 2024.1.3\lib\idea_rt.jar=52786:C:\Users\Jacob\Desktop\IntelliJ IDEA Community Edition 2024.1.3\bin -Dfile.encoding=UTF-8 -Dsun.stdout.encoding=UTF-8 -Dsun.stderr.encoding=UTF-8 
java_command: com.intellij.rt.junit.JUnitStarter -ideVersion5 -junit5 com.example.data_ingestion_service.ApiServiceUnitTest
java_class_path (initial): C:\Users\Jacob\.m2\repository\org\junit\platform\junit-platform-launcher\1.10.5\junit-platform-launcher-1.10.5.jar;C:\Users\Jacob\Desktop\IntelliJ IDEA Community Edition 2024.1.3\lib\idea_rt.jar;C:\Users\Jacob\Desktop\IntelliJ IDEA Community Edition 2024.1.3\plugins\junit\lib\junit5-rt.jar;C:\Users\Jacob\Desktop\IntelliJ IDEA Community Edition 2024.1.3\plugins\junit\lib\junit-rt.jar;C:\Users\Jacob\Documents\Projects\TradeVision\data-ingestion-service\target\test-classes;C:\Users\Jacob\Documents\Projects\TradeVision\data-ingestion-service\target\classes;C:\Users\Jacob\.m2\repository\org\springframework\boot\spring-boot-starter-data-jpa\3.3.5\spring-boot-starter-data-jpa-3.3.5.jar;C:\Users\Jacob\.m2\repository\org\springframework\boot\spring-boot-starter-aop\3.3.5\spring-boot-starter-aop-3.3.5.jar;C:\Users\Jacob\.m2\repository\org\springframework\spring-aop\6.1.14\spring-aop-6.1.14.jar;C:\Users\Jacob\.m2\repository\org\aspectj\aspectjweaver\1.9.22.1\aspectjweaver-1.9.22.1.jar;C:\Users\Jacob\.m2\repository\org\springframework\boot\spring-boot-starter-jdbc\3.3.5\spring-boot-starter-jdbc-3.3.5.jar;C:\Users\Jacob\.m2\repository\com\zaxxer\HikariCP\5.1.0\HikariCP-5.1.0.jar;C:\Users\Jacob\.m2\repository\org\springframework\spring-jdbc\6.1.14\spring-jdbc-6.1.14.jar;C:\Users\Jacob\.m2\repository\org\hibernate\orm\hibernate-core\6.5.3.Final\hibernate-core-6.5.3.Final.jar;C:\Users\Jacob\.m2\repository\jakarta\persistence\jakarta.persistence-api\3.1.0\jakarta.persistence-api-3.1.0.jar;C:\Users\Jacob\.m2\repository\jakarta\transaction\jakarta.transaction-api\2.0.1\jakarta.transaction-api-2.0.1.jar;C:\Users\Jacob\.m2\repository\org\jboss\logging\jboss-logging\3.5.3.Final\jboss-logging-3.5.3.Final.jar;C:\Users\Jacob\.m2\repository\org\hibernate\common\hibernate-commons-annotations\6.0.6.Final\hibernate-commons-annotations-6.0.6.Final.jar;C:\Users\Jacob\.m2\repository\io\smallrye\jandex\3.1.2\jandex-3.1.2.jar;C:\Users\Jacob\.m2\repository\com\fasterxml\classmate\1.7.0\classmate-1.7.0.jar;C:\Users\Jacob\.m2\repository\net\bytebuddy\byte-buddy\1.14.19\byte-buddy-1.14.19.jar;C:\Users\Jacob\.m2\repository\org\glassfish\jaxb\jaxb-runtime\4.0.5\jaxb-runtime-4.0.5.jar;C:\Users\Jacob\.m2\repository\org\glassfish\jaxb\jaxb-core\4.0.5\jaxb-core-4.0.5.jar;C:\Users\Jacob\.m2\repository\org\eclipse\angus\angus-activation\2.0.2\angus-activation-2.0.2.jar;C:\Users\Jacob\.m2\repository\org\glassfish\jaxb\txw2\4.0.5\txw2-4.0.5.jar;C:\Users\Jacob\.m2\repository\com\sun\istack\istack-commons-runtime\4.1.2\istack-commons-runtime-4.1.2.jar;C:\Users\Jacob\.m2\repository\jakarta\inject\jakarta.inject-api\2.0.1\jakarta.inject-api-2.0.1.jar;C:\Users\Jacob\.m2\repository\org\antlr\antlr4-runtime\4.13.0\antlr4-runtime-4.13.0.jar;C:\Users\Jacob\.m2\repository\org\springframework\data\spring-data-jpa\3.3.5\spring-data-jpa-3.3.5.jar;C:\Users\Jacob\.m2\repository\org\springframework\data\spring-data-commons\3.3.5\spring-data-commons-3.3.5.jar;C:\Users\Jacob\.m2\repository\org\springframework\spring-orm\6.1.14\spring-orm-6.1.14.jar;C:\Users\Jacob\.m2\repository\org\springframework\spring-context\6.1.14\spring-context-6.1.14.jar;C:\Users\Jacob\.m2\repository\org\springframework\spring-tx\6.1.14\spring-tx-6.1.14.jar;C:\Users\Jacob\.m2\repository\org\springframework\spring-beans\6.1.14\spring-beans-6.1.14.jar;C:\Users\Jacob\.m2\repository\jakarta\annotation\jakarta.annotation-api\2.1.1\jakarta.annotation-api-2.1.1.jar;C:\Users\Jacob\.m2\repository\org\springframework\spring-aspects\6.1.14\spring-aspects-6.1.14.jar;C:\Users\Jacob\.m2\repository\com\h2database\h2\2.2.224\h2-2.2.224.jar;C:\Users\Jacob\.m2\repository\org\springframework\boot\spring-boot-starter-web\3.3.5\spring-boot-starter-web-3.3.5.jar;C:\Users\Jacob\.m2\repository\org\springframework\boot\spring-boot-starter\3.3.5\spring-boot-starter-3.3.5.jar;C:\Users\Jacob\.m2\repository\org\springframework\boot\spring-boot\3.3.5\spring-boot-3.3.5.jar;C:\Users\Jacob\.m2\repository\org\springframework\boot\spring-boot-autoconfigure\3.3.5\spring-boot-autoconfigure-3.3.5.jar;C:\Users\Jacob\.m2\repository\org\springframework\boot\spring-boot-starter-logging\3.3.5\spring-boot-starter-logging-3.3.5.jar;C:\Users\Jacob\.m2\repository\ch\qos\logback\logback-classic\1.5.11\logback-classic-1.5.11.jar;C:\Users\Jacob\.m2\repository\ch\qos\logback\logback-core\1.5.11\logback-core-1.5.11.jar;C:\Users\Jacob\.m2\repository\org\apache\logging\log4j\log4j-to-slf4j\2.23.1\log4j-to-slf4j-2.23.1.jar;C:\Users\Jacob\.m2\repository\org\apache\logging\log4j\log4j-api\2.23.1\log4j-api-2.23.1.jar;C:\Users\Jacob\.m2\repository\org\slf4j\jul-to-slf4j\2.0.16\jul-to-slf4j-2.0.16.jar;C:\Users\Jacob\.m2\repository\org\yaml\snakeyaml\2.2\snakeyaml-2.2.jar;C:\Users\Jacob\.m2\repository\org\springframework\boot\spring-boot-starter-json\3.3.5\spring-boot-starter-json-3.3.5.jar;C:\Users\Jacob\.m2\repository\com\fasterxml\jackson\core\jackson-databind\2.17.2\jackson-databind-2.17.2.jar;C:\Users\Jacob\.m2\repository\com\fasterxml\jackson\core\jackson-annotations\2.17.2\jackson-annotations-2.17.2.jar;C:\Users\Jacob\.m2\repository\com\fasterxml\jackson\datatype\jackson-datatype-jdk8\2.17.2\jackson-datatype-jdk8-2.17.2.jar;C:\Users\Jacob\.m2\repository\com\fasterxml\jackson\datatype\jackson-datatype-jsr310\2.17.2\jackson-datatype-jsr310-2.17.2.jar;C:\Users\Jacob\.m2\repository\com\fasterxml\jackson\module\jackson-module-parameter-names\2.17.2\jackson-module-parameter-names-2.17.2.jar;C:\Users\Jacob\.m2\repository\org\springframework\boot\spring-boot-starter-tomcat\3.3.5\spring-boot-starter-tomcat-3.3.5.jar;C:\Users\Jacob\.m2\repository\org\apache\tomcat\embed\tomcat-embed-core\10.1.31\tomcat-embed-core-10.1.31.jar;C:\Users\Jacob\.m2\repository\org\apache\tomcat\embed\tomcat-embed-el\10.1.31\tomcat-embed-el-10.1.31.jar;C:\Users\Jacob\.m2\repository\org\apache\tomcat\embed\tomcat-embed-websocket\10.1.31\tomcat-embed-websocket-10.1.31.jar;C:\Users\Jacob\.m2\repository\org\springframework\spring-web\6.1.14\spring-web-6.1.14.jar;C:\Users\Jacob\.m2\repository\io\micrometer\micrometer-observation\1.13.6\micrometer-observation-1.13.6.jar;C:\Users\Jacob\.m2\repository\io\micrometer\micrometer-commons\1.13.6\micrometer-commons-1.13.6.jar;C:\Users\Jacob\.m2\repository\org\springframework\spring-webmvc\6.1.14\spring-webmvc-6.1.14.jar;C:\Users\Jacob\.m2\repository\org\springframework\spring-expression\6.1.14\spring-expression-6.1.14.jar;C:\Users\Jacob\.m2\repository\org\flywaydb\flyway-core\10.10.0\flyway-core-10.10.0.jar;C:\Users\Jacob\.m2\repository\com\fasterxml\jackson\dataformat\jackson-dataformat-toml\2.17.2\jackson-dataformat-toml-2.17.2.jar;C:\Users\Jacob\.m2\repository\com\fasterxml\jackson\core\jackson-core\2.17.2\jackson-core-2.17.2.jar;C:\Users\Jacob\.m2\repository\com\google\code\gson\gson\2.10.1\gson-2.10.1.jar;C:\Users\Jacob\.m2\repository\org\flywaydb\flyway-database-postgresql\10.10.0\flyway-database-postgresql-10.10.0.jar;C:\Users\Jacob\.m2\repository\org\postgresql\postgresql\42.7.4\postgresql-42.7.4.jar;C:\Users\Jacob\.m2\repository\org\checkerframework\checker-qual\3.42.0\checker-qual-3.42.0.jar;C:\Users\Jacob\.m2\repository\org\projectlombok\lombok\1.18.34\lombok-1.18.34.jar;C:\Users\Jacob\.m2\repository\org\springframework\boot\spring-boot-starter-test\3.3.5\spring-boot-starter-test-3.3.5.jar;C:\Users\Jacob\.m2\repository\org\springframework\boot\spring-boot-test\3.3.5\spring-boot-test-3.3.5.jar;C:\Users\Jacob\.m2\repository\org\springframework\boot\spring-boot-test-autoconfigure\3.3.5\spring-boot-test-autoconfigure-3.3.5.jar;C:\Users\Jacob\.m2\repository\com\jayway\jsonpath\json-path\2.9.0\json-path-2.9.0.jar;C:\Users\Jacob\.m2\repository\jakarta\xml\bind\jakarta.xml.bind-api\4.0.2\jakarta.xml.bind-api-4.0.2.jar;C:\Users\Jacob\.m2\repository\jakarta\activation\jakarta.activation-api\2.1.3\jakarta.activation-api-2.1.3.jar;C:\Users\Jacob\.m2\repository\net\minidev\json-smart\2.5.1\json-smart-2.5.1.jar;C:\Users\Jacob\.m2\repository\net\minidev\accessors-smart\2.5.1\accessors-smart-2.5.1.jar;C:\Users\Jacob\.m2\repository\org\ow2\asm\asm\9.6\asm-9.6.jar;C:\Users\Jacob\.m2\repository\org\assertj\assertj-core\3.25.3\assertj-core-3.25.3.jar;C:\Users\Jacob\.m2\repository\org\awaitility\awaitility\4.2.2\awaitility-4.2.2.jar;C:\Users\Jacob\.m2\repository\org\hamcrest\hamcrest\2.2\hamcrest-2.2.jar;C:\Users\Jacob\.m2\repository\org\junit\jupiter\junit-jupiter\5.10.5\junit-jupiter-5.10.5.jar;C:\Users\Jacob\.m2\repository\org\junit\jupiter\junit-jupiter-api\5.10.5\junit-jupiter-api-5.10.5.jar;C:\Users\Jacob\.m2\repository\org\opentest4j\opentest4j\1.3.0\opentest4j-1.3.0.jar;C:\Users\Jacob\.m2\repository\org\junit\platform\junit-platform-commons\1.10.5\junit-platform-commons-1.10.5.jar;C:\Users\Jacob\.m2\repository\org\apiguardian\apiguardian-api\1.1.2\apiguardian-api-1.1.2.jar;C:\Users\Jacob\.m2\repository\org\junit\jupiter\junit-jupiter-params\5.10.5\junit-jupiter-params-5.10.5.jar;C:\Users\Jacob\.m2\repository\org\junit\jupiter\junit-jupiter-engine\5.10.5\junit-jupiter-engine-5.10.5.jar;C:\Users\Jacob\.m2\repository\org\junit\platform\junit-platform-engine\1.10.5\junit-platform-engine-1.10.5.jar;C:\Users\Jacob\.m2\repository\org\mockito\mockito-core\5.11.0\mockito-core-5.11.0.jar;C:\Users\Jacob\.m2\repository\net\bytebuddy\byte-buddy-agent\1.14.19\byte-buddy-agent-1.14.19.jar;C:\Users\Jacob\.m2\repository\org\objenesis\objenesis\3.3\objenesis-3.3.jar;C:\Users\Jacob\.m2\repository\org\mockito\mockito-junit-jupiter\5.11.0\mockito-junit-jupiter-5.11.0.jar;C:\Users\Jacob\.m2\repository\org\skyscreamer\jsonassert\1.5.3\jsonassert-1.5.3.jar;C:\Users\Jacob\.m2\repository\com\vaadin\external\google\android-json\0.0.20131108.vaadin1\android-json-0.0.20131108.vaadin1.jar;C:\Users\Jacob\.m2\repository\org\springframework\spring-core\6.1.14\spring-core-6.1.14.jar;C:\Users\Jacob\.m2\repository\org\springframework\spring-jcl\6.1.14\spring-jcl-6.1.14.jar;C:\Users\Jacob\.m2\repository\org\springframework\spring-test\6.1.14\spring-test-6.1.14.jar;C:\Users\Jacob\.m2\repository\org\xmlunit\xmlunit-core\2.9.1\xmlunit-core-2.9.1.jar;C:\Users\Jacob\.m2\repository\com\bucket4j\bucket4j-core\8.9.0\bucket4j-core-8.9.0.jar;C:\Users\Jacob\.m2\repository\io\github\resilience4j\resilience4j-spring-boot2\2.1.0\resilience4j-spring-boot2-2.1.0.jar;C:\Users\Jacob\.m2\repository\io\github\resilience4j\resilience4j-spring\2.1.0\resilience4j-spring-2.1.0.jar;C:\Users\Jacob\.m2\repository\io\github\resilience4j\resilience4j-annotations\2.1.0\resilience4j-annotations-2.1.0.jar;C:\Users\Jacob\.m2\repository\io\github\resilience4j\resilience4j-consumer\2.1.0\resilience4j-consumer-2.1.0.jar;C:\Users\Jacob\.m2\repository\io\github\resilience4j\resilience4j-core\2.1.0\resilience4j-core-2.1.0.jar;C:\Users\Jacob\.m2\repository\io\github\resilience4j\resilience4j-circularbuffer\2.1.0\resilience4j-circularbuffer-2.1.0.jar;C:\Users\Jacob\.m2\repository\io\github\resilience4j\resilience4j-framework-common\2.1.0\resilience4j-framework-common-2.1.0.jar;C:\Users\Jacob\.m2\repository\org\slf4j\slf4j-api\2.0.16\slf4j-api-2.0.16.jar;C:\Users\Jacob\.m2\repository\io\github\resilience4j\resilience4j-micrometer\2.1.0\resilience4j-micrometer-2.1.0.jar;C:\Users\Jacob\.m2\repository\io\micrometer\micrometer-core\1.13.6\micrometer-core-1.13.6.jar;C:\Users\Jacob\.m2\repository\org\hdrhistogram\HdrHistogram\2.2.2\HdrHistogram-2.2.2.jar;C:\Users\Jacob\.m2\repository\org\latencyutils\LatencyUtils\2.0.3\LatencyUtils-2.0.3.jar;C:\Users\Jacob\.m2\repository\io\github\resilience4j\resilience4j-bulkhead\2.1.0\resilience4j-bulkhead-2.1.0.jar;C:\Users\Jacob\.m2\repository\io\github\resilience4j\resilience4j-circuitbreaker\2.1.0\resilience4j-circuitbreaker-2.1.0.jar;C:\Users\Jacob\.m2\repository\io\github\resilience4j\resilience4j-retry\2.1.0\resilience4j-retry-2.1.0.jar;C:\Users\Jacob\.m2\repository\io\github\resilience4j\resilience4j-ratelimiter\2.1.0\resilience4j-ratelimiter-2.1.0.jar;C:\Users\Jacob\.m2\repository\io\github\resilience4j\resilience4j-timelimiter\2.1.0\resilience4j-timelimiter-2.1.0.jar
Launcher Type: SUN_STANDARD

[Global flags]
     intx CICompilerCount                          = 4                                         {product} {ergonomic}
     uint ConcGCThreads                            = 2                                         {product} {ergonomic}
     uint G1ConcRefinementThreads                  = 8                                         {product} {ergonomic}
   size_t G1HeapRegionSize                         = 1048576                                   {product} {ergonomic}
   size_t InitialHeapSize                          = 132120576                                 {product} {ergonomic}
   size_t MarkStackSize                            = 4194304                                   {product} {ergonomic}
   size_t MaxHeapSize                              = 2105540608                                {product} {ergonomic}
   size_t MaxNewSize                               = 1262485504                                {product} {ergonomic}
   size_t MinHeapDeltaBytes                        = 1048576                                   {product} {ergonomic}
   size_t MinHeapSize                              = 8388608                                   {product} {ergonomic}
    uintx NonNMethodCodeHeapSize                   = 5839372                                {pd product} {ergonomic}
    uintx NonProfiledCodeHeapSize                  = 122909434                              {pd product} {ergonomic}
     bool PerfDisableSharedMem                     = true                                      {product} {ergonomic}
    uintx ProfiledCodeHeapSize                     = 122909434                              {pd product} {ergonomic}
    uintx ReservedCodeCacheSize                    = 251658240                              {pd product} {ergonomic}
     bool SegmentedCodeCache                       = true                                      {product} {ergonomic}
   size_t SoftMaxHeapSize                          = 2105540608                             {manageable} {ergonomic}
     bool UseCompressedOops                        = true                           {product lp64_product} {ergonomic}
     bool UseG1GC                                  = true                                      {product} {ergonomic}
     bool UseLargePagesIndividualAllocation        = false                                  {pd product} {ergonomic}

Logging:
Log output configuration:
 #0: stdout all=warning uptime,level,tags foldmultilines=false
 #1: stderr all=off uptime,level,tags foldmultilines=false

Environment Variables:
JAVA_HOME=C:\Users\Jacob\Documents\jdk-21_windows-x64_bin\jdk-21.0.4
PATH=C:\Program Files (x86)\Common Files\Oracle\Java\javapath;C:\Windows\system32;C:\Windows;C:\Windows\System32\Wbem;C:\Windows\System32\WindowsPowerShell\v1.0\;C:\Windows\System32\OpenSSH\;C:\Program Files (x86)\NVIDIA Corporation\PhysX\Common;C:\Program Files\NVIDIA Corporation\NVIDIA NvDLISR;C:\WINDOWS\system32;C:\WINDOWS;C:\WINDOWS\System32\Wbem;C:\WINDOWS\System32\WindowsPowerShell\v1.0\;C:\WINDOWS\System32\OpenSSH\;C:\TDM-GCC-64\bin;C:\Program Files\nodejs\;C:\Program Files\Git\cmd;C:\Program Files\Docker\Docker\resources\bin;C:\Users\Jacob\Documents\jdk-21_windows-x64_bin\jdk-21.0.4\bin;C:\Users\Jacob\AppData\Local\Microsoft\WindowsApps;;C:\Users\Jacob\AppData\Local\Programs\Microsoft VS Code\bin;C:\Users\Jacob\AppData\Roaming\npm;C:\Users\Jacob\Desktop\IntelliJ IDEA Community Edition 2024.1.3\bin;
USERNAME=Jacob
OS=Windows_NT
PROCESSOR_IDENTIFIER=Intel64 Family 6 Model 165 Stepping 2, GenuineIntel
TMP=C:\Users\Jacob\AppData\Local\Temp
TEMP=C:\Users\Jacob\AppData\Local\Temp




Periodic native trim disabled

---------------  S Y S T E M  ---------------

OS:
 Windows 11 , 64 bit Build 22621 (10.0.22621.3958)
OS uptime: 0 days 1:07 hours
Hyper-V role detected

CPU: total 8 (initial active 8) (4 cores per cpu, 2 threads per core) family 6 model 165 stepping 2 microcode 0xe0, cx8, cmov, fxsr, ht, mmx, 3dnowpref, sse, sse2, sse3, ssse3, sse4.1, sse4.2, popcnt, lzcnt, tsc, tscinvbit, avx, avx2, aes, erms, clmul, bmi1, bmi2, adx, fma, vzeroupper, clflush, clflushopt, hv, rdtscp, f16c
Processor Information for all 8 processors :
  Max Mhz: 2496, Current Mhz: 2496, Mhz Limit: 2496

Memory: 4k page, system-wide physical 8029M (921M free)
TotalPageFile size 9928M (AvailPageFile size 3M)
current process WorkingSet (physical memory assigned to process): 307M, peak: 320M
current process commit charge ("private bytes"): 361M, peak: 371M

vm_info: OpenJDK 64-Bit Server VM (22.0.1+8-16) for windows-amd64 JRE (22.0.1+8-16), built on 2024-03-12T10:33:16Z by "mach5one" with MS VC++ 17.6 (VS2022)

END.
