#
# There is insufficient memory for the Java Runtime Environment to continue.
# Native memory allocation (malloc) failed to allocate 2099520 bytes. Error detail: Chunk::new
# Possible reasons:
#   The system is out of physical RAM or swap space
#   This process is running with CompressedOops enabled, and the Java Heap may be blocking the growth of the native heap
# Possible solutions:
#   Reduce memory load on the system
#   Increase physical memory or swap space
#   Check if swap backing store is full
#   Decrease Java heap size (-Xmx/-Xms)
#   Decrease number of Java threads
#   Decrease Java thread stack sizes (-Xss)
#   Set larger code cache with -XX:ReservedCodeCacheSize=
#   JVM is running with Unscaled Compressed Oops mode in which the Java heap is
#     placed in the first 4GB address space. The Java Heap base address is the
#     maximum limit for the native heap growth. Please use -XX:HeapBaseMinAddress
#     to set the Java Heap base and to place the Java Heap above 4GB virtual address.
# This output file may be truncated or incomplete.
#
#  Out of Memory Error (arena.cpp:150), pid=14476, tid=8284
#
# JRE version: OpenJDK Runtime Environment (22.0.1+8) (build 22.0.1+8-16)
# Java VM: OpenJDK 64-Bit Server VM (22.0.1+8-16, mixed mode, sharing, tiered, compressed oops, compressed class ptrs, g1 gc, windows-amd64)
# No core dump will be written. Minidumps are not enabled by default on client versions of Windows
#

---------------  S U M M A R Y ------------

Command Line: -ea -Didea.test.cyclic.buffer.size=1048576 -javaagent:C:\Users\Jacob\Desktop\IntelliJ IDEA Community Edition 2024.1.3\lib\idea_rt.jar=52620:C:\Users\Jacob\Desktop\IntelliJ IDEA Community Edition 2024.1.3\bin -Dfile.encoding=UTF-8 -Dsun.stdout.encoding=UTF-8 -Dsun.stderr.encoding=UTF-8 com.intellij.rt.junit.JUnitStarter -ideVersion5 -junit5 com.example.data_ingestion_service.services.integration.DataAsyncServiceTest,asyncFetch_Completes_AllAsyncTasks

Host: Intel(R) Core(TM) i5-10300H CPU @ 2.50GHz, 8 cores, 7G,  Windows 11 , 64 bit Build 22621 (10.0.22621.4391)
Time: Thu Jan 16 18:30:00 2025 Pacific Standard Time elapsed time: 15.711019 seconds (0d 0h 0m 15s)

---------------  T H R E A D  ---------------

Current thread (0x00000298df846ab0):  JavaThread "C2 CompilerThread0" daemon [_thread_in_native, id=8284, stack(0x000000c64e900000,0x000000c64ea00000) (1024K)]


Current CompileTask:
C2:15711 8331   !   4       org.springframework.boot.context.properties.source.SpringConfigurationPropertySource::getConfigurationProperty (119 bytes)

Stack: [0x000000c64e900000,0x000000c64ea00000]
Native frames: (J=compiled Java code, j=interpreted, Vv=VM code, C=native code)
V  [jvm.dll+0x6e2279]  (no source info available)
V  [jvm.dll+0x874e33]  (no source info available)
V  [jvm.dll+0x87725e]  (no source info available)
V  [jvm.dll+0x877933]  (no source info available)
V  [jvm.dll+0x27fd76]  (no source info available)
V  [jvm.dll+0xc3d0f]  (no source info available)
V  [jvm.dll+0xc3f6b]  (no source info available)
V  [jvm.dll+0x3bb10c]  (no source info available)
V  [jvm.dll+0x1df67c]  (no source info available)
V  [jvm.dll+0x247a5c]  (no source info available)
V  [jvm.dll+0x246fbf]  (no source info available)
V  [jvm.dll+0x1c4e90]  (no source info available)
V  [jvm.dll+0x2569fe]  (no source info available)
V  [jvm.dll+0x254cba]  (no source info available)
V  [jvm.dll+0x3f5336]  (no source info available)
V  [jvm.dll+0x81d44b]  (no source info available)
V  [jvm.dll+0x6e0915]  (no source info available)
C  [ucrtbase.dll+0x29333]  (no source info available)
C  [KERNEL32.DLL+0x1259d]  (no source info available)
C  [ntdll.dll+0x5af38]  (no source info available)


---------------  P R O C E S S  ---------------

Threads class SMR info:
_java_thread_list=0x000002992c201fa0, length=18, elements={
0x00000298c0e5a990, 0x00000298df825c10, 0x00000298df826ce0, 0x00000298df82db10,
0x00000298df830580, 0x00000298df831950, 0x00000298df8324e0, 0x00000298df846ab0,
0x00000298df84b1a0, 0x00000298dfb4ffa0, 0x00000298dfbdd070, 0x00000298dfbdd6e0,
0x0000029929ead780, 0x0000029929ea4910, 0x0000029926ee3910, 0x0000029925c037d0,
0x000002992c6ecf30, 0x000002992c6ef000
}

Java Threads: ( => current thread )
  0x00000298c0e5a990 JavaThread "main"                              [_thread_in_native, id=14852, stack(0x000000c64db00000,0x000000c64dc00000) (1024K)]
  0x00000298df825c10 JavaThread "Reference Handler"          daemon [_thread_blocked, id=9660, stack(0x000000c64e300000,0x000000c64e400000) (1024K)]
  0x00000298df826ce0 JavaThread "Finalizer"                  daemon [_thread_blocked, id=5516, stack(0x000000c64e400000,0x000000c64e500000) (1024K)]
  0x00000298df82db10 JavaThread "Signal Dispatcher"          daemon [_thread_blocked, id=17960, stack(0x000000c64e500000,0x000000c64e600000) (1024K)]
  0x00000298df830580 JavaThread "Attach Listener"            daemon [_thread_blocked, id=2780, stack(0x000000c64e600000,0x000000c64e700000) (1024K)]
  0x00000298df831950 JavaThread "Service Thread"             daemon [_thread_blocked, id=17908, stack(0x000000c64e700000,0x000000c64e800000) (1024K)]
  0x00000298df8324e0 JavaThread "Monitor Deflation Thread"   daemon [_thread_blocked, id=6532, stack(0x000000c64e800000,0x000000c64e900000) (1024K)]
=>0x00000298df846ab0 JavaThread "C2 CompilerThread0"         daemon [_thread_in_native, id=8284, stack(0x000000c64e900000,0x000000c64ea00000) (1024K)]
  0x00000298df84b1a0 JavaThread "C1 CompilerThread0"         daemon [_thread_blocked, id=8260, stack(0x000000c64ea00000,0x000000c64eb00000) (1024K)]
  0x00000298dfb4ffa0 JavaThread "Common-Cleaner"             daemon [_thread_blocked, id=9932, stack(0x000000c64eb00000,0x000000c64ec00000) (1024K)]
  0x00000298dfbdd070 JavaThread "Monitor Ctrl-Break"         daemon [_thread_in_native, id=6232, stack(0x000000c64ed00000,0x000000c64ee00000) (1024K)]
  0x00000298dfbdd6e0 JavaThread "Notification Thread"        daemon [_thread_blocked, id=12576, stack(0x000000c64ee00000,0x000000c64ef00000) (1024K)]
  0x0000029929ead780 JavaThread "PostgreSQL-JDBC-Cleaner"    daemon [_thread_blocked, id=12484, stack(0x000000c64f900000,0x000000c64fa00000) (1024K)]
  0x0000029929ea4910 JavaThread "HikariPool-1 housekeeper"   daemon [_thread_blocked, id=16932, stack(0x000000c64fa00000,0x000000c64fb00000) (1024K)]
  0x0000029926ee3910 JavaThread "C2 CompilerThread1"         daemon [_thread_in_native, id=17676, stack(0x000000c64ec00000,0x000000c64ed00000) (1024K)]
  0x0000029925c037d0 JavaThread "C2 CompilerThread2"         daemon [_thread_blocked, id=14908, stack(0x000000c64f700000,0x000000c64f800000) (1024K)]
  0x000002992c6ecf30 JavaThread "HttpClient-1-SelectorManager" daemon [_thread_in_native, id=8232, stack(0x000000c64fc00000,0x000000c64fd00000) (1024K)]
  0x000002992c6ef000 JavaThread "scheduling-1"                      [_thread_blocked, id=7540, stack(0x000000c64fb00000,0x000000c64fc00000) (1024K)]
Total: 18

Other Threads:
  0x00000298df80a8a0 VMThread "VM Thread"                           [id=15676, stack(0x000000c64e200000,0x000000c64e300000) (1024K)]
  0x00000298df7edcf0 WatcherThread "VM Periodic Task Thread"        [id=11136, stack(0x000000c64e100000,0x000000c64e200000) (1024K)]
  0x00000298c30a1420 WorkerThread "GC Thread#0"                     [id=10732, stack(0x000000c64dc00000,0x000000c64dd00000) (1024K)]
  0x00000298df80ac50 WorkerThread "GC Thread#1"                     [id=2404, stack(0x000000c64f000000,0x000000c64f100000) (1024K)]
  0x00000298df80b000 WorkerThread "GC Thread#2"                     [id=3900, stack(0x000000c64f100000,0x000000c64f200000) (1024K)]
  0x00000298df80b760 WorkerThread "GC Thread#3"                     [id=14492, stack(0x000000c64f200000,0x000000c64f300000) (1024K)]
  0x00000298df80b3b0 WorkerThread "GC Thread#4"                     [id=5024, stack(0x000000c64f300000,0x000000c64f400000) (1024K)]
  0x00000298df80bb10 WorkerThread "GC Thread#5"                     [id=1008, stack(0x000000c64f400000,0x000000c64f500000) (1024K)]
  0x00000298df80bec0 WorkerThread "GC Thread#6"                     [id=8984, stack(0x000000c64f500000,0x000000c64f600000) (1024K)]
  0x0000029925ee61b0 WorkerThread "GC Thread#7"                     [id=15460, stack(0x000000c64ef00000,0x000000c64f000000) (1024K)]
  0x00000298c30b20c0 ConcurrentGCThread "G1 Main Marker"            [id=18036, stack(0x000000c64dd00000,0x000000c64de00000) (1024K)]
  0x00000298c30b3520 WorkerThread "G1 Conc#0"                       [id=14520, stack(0x000000c64de00000,0x000000c64df00000) (1024K)]
  0x0000029925ee77d0 WorkerThread "G1 Conc#1"                       [id=2180, stack(0x000000c64f800000,0x000000c64f900000) (1024K)]
  0x00000298df6be5c0 ConcurrentGCThread "G1 Refine#0"               [id=15256, stack(0x000000c64df00000,0x000000c64e000000) (1024K)]
  0x00000298c30ee260 ConcurrentGCThread "G1 Service"                [id=16152, stack(0x000000c64e000000,0x000000c64e100000) (1024K)]
Total: 15

Threads with active compile tasks:
C2 CompilerThread0  15792 8331   !   4       org.springframework.boot.context.properties.source.SpringConfigurationPropertySource::getConfigurationProperty (119 bytes)
C2 CompilerThread1  15792 8521       4       org.springframework.core.ResolvableType::forType (112 bytes)
Total: 2

VM state: not at safepoint (normal execution)

VM Mutex/Monitor currently owned by a thread: None

Heap address: 0x0000000082800000, size: 2008 MB, Compressed Oops mode: 32-bit

CDS archive(s) mapped at: [0x00000298e0000000-0x00000298e0c50000-0x00000298e0c50000), size 12910592, SharedBaseAddress: 0x00000298e0000000, ArchiveRelocationMode: 1.
Compressed class space mapped at: 0x00000298e1000000-0x0000029921000000, reserved size: 1073741824
Narrow klass base: 0x00000298e0000000, Narrow klass shift: 0, Narrow klass range: 0x41000000

GC Precious Log:
 CardTable entry size: 512
 Card Set container configuration: InlinePtr #cards 5 size 8 Array Of Cards #cards 12 size 40 Howl #buckets 4 coarsen threshold 1843 Howl Bitmap #cards 512 size 80 coarsen threshold 460 Card regions per heap region 1 cards per card region 2048
 CPUs: 8 total, 8 available
 Memory: 8029M
 Large Page Support: Disabled
 NUMA Support: Disabled
 Compressed Oops: Enabled (32-bit)
 Heap Region Size: 1M
 Heap Min Capacity: 8M
 Heap Initial Capacity: 126M
 Heap Max Capacity: 2008M
 Pre-touch: Disabled
 Parallel Workers: 8
 Concurrent Workers: 2
 Concurrent Refinement Workers: 8
 Periodic GC: Disabled

Heap:
 garbage-first heap   total reserved 2056192K, committed 152576K, used 97213K [0x0000000082800000, 0x0000000100000000)
  region size 1024K, 49 young (50176K), 6 survivors (6144K)
 Metaspace       used 85840K, committed 86720K, reserved 1179648K
  class space    used 11943K, committed 12352K, reserved 1048576K

Heap Regions: E=young(eden), S=young(survivor), O=old, HS=humongous(starts), HC=humongous(continues), CS=collection set, F=free, TAMS=top-at-mark-start, PB=parsable bottom
|   0|0x0000000082800000, 0x0000000082900000, 0x0000000082900000|100%|HS|  |TAMS 0x0000000082800000| PB 0x0000000082800000| Complete |  0
|   1|0x0000000082900000, 0x0000000082a00000, 0x0000000082a00000|100%|HS|  |TAMS 0x0000000082900000| PB 0x0000000082900000| Complete |  0
|   2|0x0000000082a00000, 0x0000000082b00000, 0x0000000082b00000|100%|HC|  |TAMS 0x0000000082a00000| PB 0x0000000082a00000| Complete |  0
|   3|0x0000000082b00000, 0x0000000082c00000, 0x0000000082c00000|100%| O|  |TAMS 0x0000000082b00000| PB 0x0000000082b00000| Untracked |  0
|   4|0x0000000082c00000, 0x0000000082d00000, 0x0000000082d00000|100%| O|  |TAMS 0x0000000082c00000| PB 0x0000000082c00000| Untracked |  0
|   5|0x0000000082d00000, 0x0000000082e00000, 0x0000000082e00000|100%| O|  |TAMS 0x0000000082d00000| PB 0x0000000082d00000| Untracked |  0
|   6|0x0000000082e00000, 0x0000000082f00000, 0x0000000082f00000|100%| O|  |TAMS 0x0000000082e00000| PB 0x0000000082e00000| Untracked |  0
|   7|0x0000000082f00000, 0x0000000083000000, 0x0000000083000000|100%| O|  |TAMS 0x0000000082f00000| PB 0x0000000082f00000| Untracked |  0
|   8|0x0000000083000000, 0x0000000083100000, 0x0000000083100000|100%| O|  |TAMS 0x0000000083000000| PB 0x0000000083000000| Untracked |  0
|   9|0x0000000083100000, 0x0000000083200000, 0x0000000083200000|100%| O|  |TAMS 0x0000000083100000| PB 0x0000000083100000| Untracked |  0
|  10|0x0000000083200000, 0x0000000083300000, 0x0000000083300000|100%| O|  |TAMS 0x0000000083200000| PB 0x0000000083200000| Untracked |  0
|  11|0x0000000083300000, 0x0000000083400000, 0x0000000083400000|100%| O|  |TAMS 0x0000000083300000| PB 0x0000000083300000| Untracked |  0
|  12|0x0000000083400000, 0x0000000083500000, 0x0000000083500000|100%| O|  |TAMS 0x0000000083400000| PB 0x0000000083400000| Untracked |  0
|  13|0x0000000083500000, 0x0000000083500000, 0x0000000083600000|  0%| F|  |TAMS 0x0000000083500000| PB 0x0000000083500000| Untracked |  0
|  14|0x0000000083600000, 0x0000000083700000, 0x0000000083700000|100%| O|  |TAMS 0x0000000083600000| PB 0x0000000083600000| Untracked |  0
|  15|0x0000000083700000, 0x0000000083800000, 0x0000000083800000|100%| O|  |TAMS 0x0000000083700000| PB 0x0000000083700000| Untracked |  0
|  16|0x0000000083800000, 0x0000000083900000, 0x0000000083900000|100%| O|  |TAMS 0x0000000083800000| PB 0x0000000083800000| Untracked |  0
|  17|0x0000000083900000, 0x0000000083a00000, 0x0000000083a00000|100%| O|  |TAMS 0x0000000083900000| PB 0x0000000083900000| Untracked |  0
|  18|0x0000000083a00000, 0x0000000083b00000, 0x0000000083b00000|100%| O|  |TAMS 0x0000000083a00000| PB 0x0000000083a00000| Untracked |  0
|  19|0x0000000083b00000, 0x0000000083c00000, 0x0000000083c00000|100%| O|  |TAMS 0x0000000083b00000| PB 0x0000000083b00000| Untracked |  0
|  20|0x0000000083c00000, 0x0000000083d00000, 0x0000000083d00000|100%| O|  |TAMS 0x0000000083c00000| PB 0x0000000083c00000| Untracked |  0
|  21|0x0000000083d00000, 0x0000000083e00000, 0x0000000083e00000|100%| O|  |TAMS 0x0000000083d00000| PB 0x0000000083d00000| Untracked |  0
|  22|0x0000000083e00000, 0x0000000083f00000, 0x0000000083f00000|100%| O|  |TAMS 0x0000000083e00000| PB 0x0000000083e00000| Untracked |  0
|  23|0x0000000083f00000, 0x0000000084000000, 0x0000000084000000|100%| O|  |TAMS 0x0000000083f00000| PB 0x0000000083f00000| Untracked |  0
|  24|0x0000000084000000, 0x0000000084000000, 0x0000000084100000|  0%| F|  |TAMS 0x0000000084000000| PB 0x0000000084000000| Untracked |  0
|  25|0x0000000084100000, 0x0000000084200000, 0x0000000084200000|100%| O|  |TAMS 0x0000000084100000| PB 0x0000000084100000| Untracked |  0
|  26|0x0000000084200000, 0x0000000084300000, 0x0000000084300000|100%| O|  |TAMS 0x0000000084200000| PB 0x0000000084200000| Untracked |  0
|  27|0x0000000084300000, 0x0000000084400000, 0x0000000084400000|100%| O|  |TAMS 0x0000000084300000| PB 0x0000000084300000| Untracked |  0
|  28|0x0000000084400000, 0x0000000084500000, 0x0000000084500000|100%| O|  |TAMS 0x0000000084400000| PB 0x0000000084400000| Untracked |  0
|  29|0x0000000084500000, 0x0000000084600000, 0x0000000084600000|100%| O|  |TAMS 0x0000000084500000| PB 0x0000000084500000| Untracked |  0
|  30|0x0000000084600000, 0x0000000084700000, 0x0000000084700000|100%| O|  |TAMS 0x0000000084600000| PB 0x0000000084600000| Untracked |  0
|  31|0x0000000084700000, 0x0000000084800000, 0x0000000084800000|100%| O|  |TAMS 0x0000000084700000| PB 0x0000000084700000| Untracked |  0
|  32|0x0000000084800000, 0x0000000084900000, 0x0000000084900000|100%| O|  |TAMS 0x0000000084800000| PB 0x0000000084800000| Untracked |  0
|  33|0x0000000084900000, 0x0000000084a00000, 0x0000000084a00000|100%| O|  |TAMS 0x0000000084900000| PB 0x0000000084900000| Untracked |  0
|  34|0x0000000084a00000, 0x0000000084b00000, 0x0000000084b00000|100%| O|  |TAMS 0x0000000084a00000| PB 0x0000000084a00000| Untracked |  0
|  35|0x0000000084b00000, 0x0000000084c00000, 0x0000000084c00000|100%| O|  |TAMS 0x0000000084b00000| PB 0x0000000084b00000| Untracked |  0
|  36|0x0000000084c00000, 0x0000000084d00000, 0x0000000084d00000|100%| O|  |TAMS 0x0000000084c00000| PB 0x0000000084c00000| Untracked |  0
|  37|0x0000000084d00000, 0x0000000084e00000, 0x0000000084e00000|100%| O|  |TAMS 0x0000000084d00000| PB 0x0000000084d00000| Untracked |  0
|  38|0x0000000084e00000, 0x0000000084f00000, 0x0000000084f00000|100%| O|  |TAMS 0x0000000084e00000| PB 0x0000000084e00000| Untracked |  0
|  39|0x0000000084f00000, 0x0000000085000000, 0x0000000085000000|100%| O|  |TAMS 0x0000000084f00000| PB 0x0000000084f00000| Untracked |  0
|  40|0x0000000085000000, 0x0000000085100000, 0x0000000085100000|100%| O|  |TAMS 0x0000000085000000| PB 0x0000000085000000| Untracked |  0
|  41|0x0000000085100000, 0x0000000085200000, 0x0000000085200000|100%| O|  |TAMS 0x0000000085100000| PB 0x0000000085100000| Untracked |  0
|  42|0x0000000085200000, 0x0000000085300000, 0x0000000085300000|100%| O|  |TAMS 0x0000000085200000| PB 0x0000000085200000| Untracked |  0
|  43|0x0000000085300000, 0x0000000085400000, 0x0000000085400000|100%| O|  |TAMS 0x0000000085300000| PB 0x0000000085300000| Untracked |  0
|  44|0x0000000085400000, 0x0000000085500000, 0x0000000085500000|100%| O|  |TAMS 0x0000000085400000| PB 0x0000000085400000| Untracked |  0
|  45|0x0000000085500000, 0x0000000085600000, 0x0000000085600000|100%| O|  |TAMS 0x0000000085500000| PB 0x0000000085500000| Untracked |  0
|  46|0x0000000085600000, 0x0000000085700000, 0x0000000085700000|100%| O|  |TAMS 0x0000000085600000| PB 0x0000000085600000| Untracked |  0
|  47|0x0000000085700000, 0x0000000085800000, 0x0000000085800000|100%| O|  |TAMS 0x0000000085700000| PB 0x0000000085700000| Untracked |  0
|  48|0x0000000085800000, 0x0000000085900000, 0x0000000085900000|100%| O|  |TAMS 0x0000000085800000| PB 0x0000000085800000| Untracked |  0
|  49|0x0000000085900000, 0x000000008596f4e0, 0x0000000085a00000| 43%| O|  |TAMS 0x0000000085900000| PB 0x0000000085900000| Untracked |  0
|  50|0x0000000085a00000, 0x0000000085a00000, 0x0000000085b00000|  0%| F|  |TAMS 0x0000000085a00000| PB 0x0000000085a00000| Untracked |  0
|  51|0x0000000085b00000, 0x0000000085b00000, 0x0000000085c00000|  0%| F|  |TAMS 0x0000000085b00000| PB 0x0000000085b00000| Untracked |  0
|  52|0x0000000085c00000, 0x0000000085c00000, 0x0000000085d00000|  0%| F|  |TAMS 0x0000000085c00000| PB 0x0000000085c00000| Untracked |  0
|  53|0x0000000085d00000, 0x0000000085d00000, 0x0000000085e00000|  0%| F|  |TAMS 0x0000000085d00000| PB 0x0000000085d00000| Untracked |  0
|  54|0x0000000085e00000, 0x0000000085e00000, 0x0000000085f00000|  0%| F|  |TAMS 0x0000000085e00000| PB 0x0000000085e00000| Untracked |  0
|  55|0x0000000085f00000, 0x0000000085f00000, 0x0000000086000000|  0%| F|  |TAMS 0x0000000085f00000| PB 0x0000000085f00000| Untracked |  0
|  56|0x0000000086000000, 0x0000000086000000, 0x0000000086100000|  0%| F|  |TAMS 0x0000000086000000| PB 0x0000000086000000| Untracked |  0
|  57|0x0000000086100000, 0x0000000086180000, 0x0000000086200000| 50%| S|CS|TAMS 0x0000000086100000| PB 0x0000000086100000| Complete |  0
|  58|0x0000000086200000, 0x0000000086200000, 0x0000000086300000|  0%| F|  |TAMS 0x0000000086200000| PB 0x0000000086200000| Untracked |  0
|  59|0x0000000086300000, 0x0000000086300000, 0x0000000086400000|  0%| F|  |TAMS 0x0000000086300000| PB 0x0000000086300000| Untracked |  0
|  60|0x0000000086400000, 0x0000000086400000, 0x0000000086500000|  0%| F|  |TAMS 0x0000000086400000| PB 0x0000000086400000| Untracked |  0
|  61|0x0000000086500000, 0x0000000086600000, 0x0000000086600000|100%| S|CS|TAMS 0x0000000086500000| PB 0x0000000086500000| Complete |  0
|  62|0x0000000086600000, 0x0000000086700000, 0x0000000086700000|100%| S|CS|TAMS 0x0000000086600000| PB 0x0000000086600000| Complete |  0
|  63|0x0000000086700000, 0x0000000086800000, 0x0000000086800000|100%| S|CS|TAMS 0x0000000086700000| PB 0x0000000086700000| Complete |  0
|  64|0x0000000086800000, 0x0000000086900000, 0x0000000086900000|100%| S|CS|TAMS 0x0000000086800000| PB 0x0000000086800000| Complete |  0
|  65|0x0000000086900000, 0x0000000086a00000, 0x0000000086a00000|100%| S|CS|TAMS 0x0000000086900000| PB 0x0000000086900000| Complete |  0
|  66|0x0000000086a00000, 0x0000000086a00000, 0x0000000086b00000|  0%| F|  |TAMS 0x0000000086a00000| PB 0x0000000086a00000| Untracked |  0
|  67|0x0000000086b00000, 0x0000000086b00000, 0x0000000086c00000|  0%| F|  |TAMS 0x0000000086b00000| PB 0x0000000086b00000| Untracked |  0
|  68|0x0000000086c00000, 0x0000000086c00000, 0x0000000086d00000|  0%| F|  |TAMS 0x0000000086c00000| PB 0x0000000086c00000| Untracked |  0
|  69|0x0000000086d00000, 0x0000000086d00000, 0x0000000086e00000|  0%| F|  |TAMS 0x0000000086d00000| PB 0x0000000086d00000| Untracked |  0
|  70|0x0000000086e00000, 0x0000000086e00000, 0x0000000086f00000|  0%| F|  |TAMS 0x0000000086e00000| PB 0x0000000086e00000| Untracked |  0
|  71|0x0000000086f00000, 0x0000000086f00000, 0x0000000087000000|  0%| F|  |TAMS 0x0000000086f00000| PB 0x0000000086f00000| Untracked |  0
|  72|0x0000000087000000, 0x0000000087000000, 0x0000000087100000|  0%| F|  |TAMS 0x0000000087000000| PB 0x0000000087000000| Untracked |  0
|  73|0x0000000087100000, 0x0000000087100000, 0x0000000087200000|  0%| F|  |TAMS 0x0000000087100000| PB 0x0000000087100000| Untracked |  0
|  74|0x0000000087200000, 0x0000000087200000, 0x0000000087300000|  0%| F|  |TAMS 0x0000000087200000| PB 0x0000000087200000| Untracked |  0
|  75|0x0000000087300000, 0x0000000087300000, 0x0000000087400000|  0%| F|  |TAMS 0x0000000087300000| PB 0x0000000087300000| Untracked |  0
|  76|0x0000000087400000, 0x0000000087400000, 0x0000000087500000|  0%| F|  |TAMS 0x0000000087400000| PB 0x0000000087400000| Untracked |  0
|  77|0x0000000087500000, 0x0000000087500000, 0x0000000087600000|  0%| F|  |TAMS 0x0000000087500000| PB 0x0000000087500000| Untracked |  0
|  78|0x0000000087600000, 0x0000000087600000, 0x0000000087700000|  0%| F|  |TAMS 0x0000000087600000| PB 0x0000000087600000| Untracked |  0
|  79|0x0000000087700000, 0x0000000087700000, 0x0000000087800000|  0%| F|  |TAMS 0x0000000087700000| PB 0x0000000087700000| Untracked |  0
|  80|0x0000000087800000, 0x0000000087800000, 0x0000000087900000|  0%| F|  |TAMS 0x0000000087800000| PB 0x0000000087800000| Untracked |  0
|  81|0x0000000087900000, 0x0000000087900000, 0x0000000087a00000|  0%| F|  |TAMS 0x0000000087900000| PB 0x0000000087900000| Untracked |  0
|  82|0x0000000087a00000, 0x0000000087a00000, 0x0000000087b00000|  0%| F|  |TAMS 0x0000000087a00000| PB 0x0000000087a00000| Untracked |  0
|  83|0x0000000087b00000, 0x0000000087b00000, 0x0000000087c00000|  0%| F|  |TAMS 0x0000000087b00000| PB 0x0000000087b00000| Untracked |  0
|  84|0x0000000087c00000, 0x0000000087c00000, 0x0000000087d00000|  0%| F|  |TAMS 0x0000000087c00000| PB 0x0000000087c00000| Untracked |  0
|  85|0x0000000087d00000, 0x0000000087d00000, 0x0000000087e00000|  0%| F|  |TAMS 0x0000000087d00000| PB 0x0000000087d00000| Untracked |  0
|  86|0x0000000087e00000, 0x0000000087e00000, 0x0000000087f00000|  0%| F|  |TAMS 0x0000000087e00000| PB 0x0000000087e00000| Untracked |  0
|  87|0x0000000087f00000, 0x0000000087f00000, 0x0000000088000000|  0%| F|  |TAMS 0x0000000087f00000| PB 0x0000000087f00000| Untracked |  0
|  88|0x0000000088000000, 0x0000000088000000, 0x0000000088100000|  0%| F|  |TAMS 0x0000000088000000| PB 0x0000000088000000| Untracked |  0
|  89|0x0000000088100000, 0x0000000088100000, 0x0000000088200000|  0%| F|  |TAMS 0x0000000088100000| PB 0x0000000088100000| Untracked |  0
|  90|0x0000000088200000, 0x0000000088200000, 0x0000000088300000|  0%| F|  |TAMS 0x0000000088200000| PB 0x0000000088200000| Untracked |  0
|  91|0x0000000088300000, 0x0000000088300000, 0x0000000088400000|  0%| F|  |TAMS 0x0000000088300000| PB 0x0000000088300000| Untracked |  0
|  92|0x0000000088400000, 0x0000000088400000, 0x0000000088500000|  0%| F|  |TAMS 0x0000000088400000| PB 0x0000000088400000| Untracked |  0
|  93|0x0000000088500000, 0x0000000088500000, 0x0000000088600000|  0%| F|  |TAMS 0x0000000088500000| PB 0x0000000088500000| Untracked |  0
|  94|0x0000000088600000, 0x0000000088600000, 0x0000000088700000|  0%| F|  |TAMS 0x0000000088600000| PB 0x0000000088600000| Untracked |  0
|  95|0x0000000088700000, 0x0000000088700000, 0x0000000088800000|  0%| F|  |TAMS 0x0000000088700000| PB 0x0000000088700000| Untracked |  0
|  96|0x0000000088800000, 0x0000000088800000, 0x0000000088900000|  0%| F|  |TAMS 0x0000000088800000| PB 0x0000000088800000| Untracked |  0
|  97|0x0000000088900000, 0x0000000088900000, 0x0000000088a00000|  0%| F|  |TAMS 0x0000000088900000| PB 0x0000000088900000| Untracked |  0
|  98|0x0000000088a00000, 0x0000000088a00000, 0x0000000088b00000|  0%| F|  |TAMS 0x0000000088a00000| PB 0x0000000088a00000| Untracked |  0
|  99|0x0000000088b00000, 0x0000000088b00000, 0x0000000088c00000|  0%| F|  |TAMS 0x0000000088b00000| PB 0x0000000088b00000| Untracked |  0
| 100|0x0000000088c00000, 0x0000000088c00000, 0x0000000088d00000|  0%| F|  |TAMS 0x0000000088c00000| PB 0x0000000088c00000| Untracked |  0
| 101|0x0000000088d00000, 0x0000000088d00000, 0x0000000088e00000|  0%| F|  |TAMS 0x0000000088d00000| PB 0x0000000088d00000| Untracked |  0
| 102|0x0000000088e00000, 0x0000000088e00000, 0x0000000088f00000|  0%| F|  |TAMS 0x0000000088e00000| PB 0x0000000088e00000| Untracked |  0
| 103|0x0000000088f00000, 0x0000000088f00000, 0x0000000089000000|  0%| F|  |TAMS 0x0000000088f00000| PB 0x0000000088f00000| Untracked |  0
| 104|0x0000000089000000, 0x0000000089000000, 0x0000000089100000|  0%| F|  |TAMS 0x0000000089000000| PB 0x0000000089000000| Untracked |  0
| 105|0x0000000089100000, 0x0000000089100000, 0x0000000089200000|  0%| F|  |TAMS 0x0000000089100000| PB 0x0000000089100000| Untracked |  0
| 106|0x0000000089200000, 0x0000000089280000, 0x0000000089300000| 50%| E|  |TAMS 0x0000000089200000| PB 0x0000000089200000| Complete |  0
| 107|0x0000000089300000, 0x0000000089400000, 0x0000000089400000|100%| E|CS|TAMS 0x0000000089300000| PB 0x0000000089300000| Complete |  0
| 108|0x0000000089400000, 0x0000000089500000, 0x0000000089500000|100%| E|CS|TAMS 0x0000000089400000| PB 0x0000000089400000| Complete |  0
| 109|0x0000000089500000, 0x0000000089600000, 0x0000000089600000|100%| E|CS|TAMS 0x0000000089500000| PB 0x0000000089500000| Complete |  0
| 110|0x0000000089600000, 0x0000000089700000, 0x0000000089700000|100%| E|CS|TAMS 0x0000000089600000| PB 0x0000000089600000| Complete |  0
| 111|0x0000000089700000, 0x0000000089800000, 0x0000000089800000|100%| E|CS|TAMS 0x0000000089700000| PB 0x0000000089700000| Complete |  0
| 112|0x0000000089800000, 0x0000000089900000, 0x0000000089900000|100%| E|CS|TAMS 0x0000000089800000| PB 0x0000000089800000| Complete |  0
| 113|0x0000000089900000, 0x0000000089a00000, 0x0000000089a00000|100%| E|CS|TAMS 0x0000000089900000| PB 0x0000000089900000| Complete |  0
| 114|0x0000000089a00000, 0x0000000089b00000, 0x0000000089b00000|100%| E|CS|TAMS 0x0000000089a00000| PB 0x0000000089a00000| Complete |  0
| 115|0x0000000089b00000, 0x0000000089c00000, 0x0000000089c00000|100%| E|CS|TAMS 0x0000000089b00000| PB 0x0000000089b00000| Complete |  0
| 116|0x0000000089c00000, 0x0000000089d00000, 0x0000000089d00000|100%| E|CS|TAMS 0x0000000089c00000| PB 0x0000000089c00000| Complete |  0
| 117|0x0000000089d00000, 0x0000000089e00000, 0x0000000089e00000|100%| E|CS|TAMS 0x0000000089d00000| PB 0x0000000089d00000| Complete |  0
| 118|0x0000000089e00000, 0x0000000089f00000, 0x0000000089f00000|100%| E|CS|TAMS 0x0000000089e00000| PB 0x0000000089e00000| Complete |  0
| 119|0x0000000089f00000, 0x000000008a000000, 0x000000008a000000|100%| E|CS|TAMS 0x0000000089f00000| PB 0x0000000089f00000| Complete |  0
| 120|0x000000008a000000, 0x000000008a100000, 0x000000008a100000|100%| E|CS|TAMS 0x000000008a000000| PB 0x000000008a000000| Complete |  0
| 121|0x000000008a100000, 0x000000008a200000, 0x000000008a200000|100%| E|CS|TAMS 0x000000008a100000| PB 0x000000008a100000| Complete |  0
| 122|0x000000008a200000, 0x000000008a300000, 0x000000008a300000|100%| E|CS|TAMS 0x000000008a200000| PB 0x000000008a200000| Complete |  0
| 123|0x000000008a300000, 0x000000008a400000, 0x000000008a400000|100%| E|CS|TAMS 0x000000008a300000| PB 0x000000008a300000| Complete |  0
| 124|0x000000008a400000, 0x000000008a500000, 0x000000008a500000|100%| E|CS|TAMS 0x000000008a400000| PB 0x000000008a400000| Complete |  0
| 125|0x000000008a500000, 0x000000008a600000, 0x000000008a600000|100%| E|CS|TAMS 0x000000008a500000| PB 0x000000008a500000| Complete |  0
| 126|0x000000008a600000, 0x000000008a700000, 0x000000008a700000|100%| E|CS|TAMS 0x000000008a600000| PB 0x000000008a600000| Complete |  0
| 127|0x000000008a700000, 0x000000008a800000, 0x000000008a800000|100%| E|CS|TAMS 0x000000008a700000| PB 0x000000008a700000| Complete |  0
| 128|0x000000008a800000, 0x000000008a900000, 0x000000008a900000|100%| E|CS|TAMS 0x000000008a800000| PB 0x000000008a800000| Complete |  0
| 129|0x000000008a900000, 0x000000008aa00000, 0x000000008aa00000|100%| E|CS|TAMS 0x000000008a900000| PB 0x000000008a900000| Complete |  0
| 130|0x000000008aa00000, 0x000000008ab00000, 0x000000008ab00000|100%| E|CS|TAMS 0x000000008aa00000| PB 0x000000008aa00000| Complete |  0
| 131|0x000000008ab00000, 0x000000008ac00000, 0x000000008ac00000|100%| E|CS|TAMS 0x000000008ab00000| PB 0x000000008ab00000| Complete |  0
| 132|0x000000008ac00000, 0x000000008ad00000, 0x000000008ad00000|100%| E|CS|TAMS 0x000000008ac00000| PB 0x000000008ac00000| Complete |  0
| 133|0x000000008ad00000, 0x000000008ae00000, 0x000000008ae00000|100%| E|CS|TAMS 0x000000008ad00000| PB 0x000000008ad00000| Complete |  0
| 134|0x000000008ae00000, 0x000000008af00000, 0x000000008af00000|100%| E|CS|TAMS 0x000000008ae00000| PB 0x000000008ae00000| Complete |  0
| 135|0x000000008af00000, 0x000000008b000000, 0x000000008b000000|100%| E|CS|TAMS 0x000000008af00000| PB 0x000000008af00000| Complete |  0
| 136|0x000000008b000000, 0x000000008b100000, 0x000000008b100000|100%| E|CS|TAMS 0x000000008b000000| PB 0x000000008b000000| Complete |  0
| 137|0x000000008b100000, 0x000000008b200000, 0x000000008b200000|100%| E|CS|TAMS 0x000000008b100000| PB 0x000000008b100000| Complete |  0
| 138|0x000000008b200000, 0x000000008b300000, 0x000000008b300000|100%| E|CS|TAMS 0x000000008b200000| PB 0x000000008b200000| Complete |  0
| 139|0x000000008b300000, 0x000000008b400000, 0x000000008b400000|100%| E|CS|TAMS 0x000000008b300000| PB 0x000000008b300000| Complete |  0
| 140|0x000000008b400000, 0x000000008b500000, 0x000000008b500000|100%| E|CS|TAMS 0x000000008b400000| PB 0x000000008b400000| Complete |  0
| 141|0x000000008b500000, 0x000000008b600000, 0x000000008b600000|100%| E|CS|TAMS 0x000000008b500000| PB 0x000000008b500000| Complete |  0
| 142|0x000000008b600000, 0x000000008b700000, 0x000000008b700000|100%| E|CS|TAMS 0x000000008b600000| PB 0x000000008b600000| Complete |  0
| 143|0x000000008b700000, 0x000000008b800000, 0x000000008b800000|100%| E|CS|TAMS 0x000000008b700000| PB 0x000000008b700000| Complete |  0
| 144|0x000000008b800000, 0x000000008b900000, 0x000000008b900000|100%| E|CS|TAMS 0x000000008b800000| PB 0x000000008b800000| Complete |  0
| 145|0x000000008b900000, 0x000000008ba00000, 0x000000008ba00000|100%| E|CS|TAMS 0x000000008b900000| PB 0x000000008b900000| Complete |  0
| 146|0x000000008ba00000, 0x000000008bb00000, 0x000000008bb00000|100%| E|CS|TAMS 0x000000008ba00000| PB 0x000000008ba00000| Complete |  0
| 147|0x000000008bb00000, 0x000000008bc00000, 0x000000008bc00000|100%| E|CS|TAMS 0x000000008bb00000| PB 0x000000008bb00000| Complete |  0
| 148|0x000000008bc00000, 0x000000008bd00000, 0x000000008bd00000|100%| E|CS|TAMS 0x000000008bc00000| PB 0x000000008bc00000| Complete |  0

Card table byte_map: [0x00000298daa90000,0x00000298dae80000] _byte_map_base: 0x00000298da67c000

Marking Bits: (CMBitMap*) 0x00000298c30a1b30
 Bits: [0x00000298dae80000, 0x00000298dcde0000)

Polling page: 0x00000298c0fa0000

Metaspace:

Usage:
  Non-class:     72.16 MB used.
      Class:     11.66 MB used.
       Both:     83.83 MB used.

Virtual space:
  Non-class space:      128.00 MB reserved,      72.62 MB ( 57%) committed,  2 nodes.
      Class space:        1.00 GB reserved,      12.06 MB (  1%) committed,  1 nodes.
             Both:        1.12 GB reserved,      84.69 MB (  7%) committed. 

Chunk freelists:
   Non-Class:  6.60 MB
       Class:  3.92 MB
        Both:  10.52 MB

MaxMetaspaceSize: unlimited
CompressedClassSpaceSize: 1.00 GB
Initial GC threshold: 21.00 MB
Current GC threshold: 133.88 MB
CDS: on
 - commit_granule_bytes: 65536.
 - commit_granule_words: 8192.
 - virtual_space_node_default_size: 8388608.
 - enlarge_chunks_in_place: 1.
 - use_allocation_guard: 0.


Internal statistics:

num_allocs_failed_limit: 11.
num_arena_births: 1272.
num_arena_deaths: 0.
num_vsnodes_births: 3.
num_vsnodes_deaths: 0.
num_space_committed: 1355.
num_space_uncommitted: 0.
num_chunks_returned_to_freelist: 11.
num_chunks_taken_from_freelist: 4343.
num_chunk_merges: 11.
num_chunk_splits: 3079.
num_chunks_enlarged: 2412.
num_inconsistent_stats: 0.

CodeHeap 'non-profiled nmethods': size=120000Kb used=5866Kb max_used=6039Kb free=114133Kb
 bounds [0x00000298d2e40000, 0x00000298d3430000, 0x00000298da370000]
CodeHeap 'profiled nmethods': size=120000Kb used=13169Kb max_used=13191Kb free=106830Kb
 bounds [0x00000298cb370000, 0x00000298cc080000, 0x00000298d28a0000]
CodeHeap 'non-nmethods': size=5760Kb used=1758Kb max_used=1875Kb free=4002Kb
 bounds [0x00000298d28a0000, 0x00000298d2b10000, 0x00000298d2e40000]
 total_blobs=7855 nmethods=7079 adapters=680
 compilation: enabled
              stopped_count=0, restarted_count=0
 full_count=0

Compilation events (20 events):
Event: 15.563 Thread 0x00000298df84b1a0 8518       3       javax.management.ImmutableDescriptor::union (314 bytes)
Event: 15.564 Thread 0x00000298df84b1a0 nmethod 8518 0x00000298cbe24d90 code [0x00000298cbe25140, 0x00000298cbe26e40]
Event: 15.564 Thread 0x00000298df84b1a0 8519       3       java.util.TreeMap::entrySet (27 bytes)
Event: 15.565 Thread 0x00000298df84b1a0 nmethod 8519 0x00000298cbe3a010 code [0x00000298cbe3a1e0, 0x00000298cbe3a5c0]
Event: 15.565 Thread 0x00000298df84b1a0 8520       3       java.util.TreeMap$EntrySet::<init> (10 bytes)
Event: 15.565 Thread 0x00000298df84b1a0 nmethod 8520 0x00000298cbe39a90 code [0x00000298cbe39c40, 0x00000298cbe39ec0]
Event: 15.589 Thread 0x00000298df84b1a0 8523       3       org.springframework.core.annotation.AnnotationTypeMapping::computeSynthesizableFlag (226 bytes)
Event: 15.590 Thread 0x00000298df84b1a0 nmethod 8523 0x00000298cbe23310 code [0x00000298cbe23620, 0x00000298cbe24790]
Event: 15.590 Thread 0x00000298df84b1a0 8522       3       org.springframework.core.annotation.AnnotationTypeMapping::addConventionAnnotationValues (113 bytes)
Event: 15.591 Thread 0x00000298df84b1a0 nmethod 8522 0x00000298cbe22690 code [0x00000298cbe228a0, 0x00000298cbe22f98]
Event: 15.599 Thread 0x00000298df84b1a0 8525       3       org.springframework.context.event.GenericApplicationListenerAdapter::resolveDeclaredEventType (57 bytes)
Event: 15.600 Thread 0x00000298df84b1a0 nmethod 8525 0x00000298cbe21b90 code [0x00000298cbe21da0, 0x00000298cbe22440]
Event: 15.633 Thread 0x0000029926ee3910 nmethod 8492 0x00000298d3254010 code [0x00000298d3254480, 0x00000298d32571c0]
Event: 15.633 Thread 0x0000029926ee3910 8521       4       org.springframework.core.ResolvableType::forType (112 bytes)
Event: 15.692 Thread 0x0000029925c037d0 nmethod 8322 0x00000298d32b5a10 code [0x00000298d32b6100, 0x00000298d32bc258]
Event: 15.692 Thread 0x0000029925c037d0 8467       4       jdk.internal.util.xml.impl.Parser::bappend (200 bytes)
Event: 15.694 Thread 0x0000029925c037d0 nmethod 8467 0x00000298d3253890 code [0x00000298d3253a20, 0x00000298d3253b98]
Event: 15.694 Thread 0x0000029925c037d0 8506       4       java.lang.String$CaseInsensitiveComparator::compare (13 bytes)
Event: 15.703 Thread 0x0000029925c037d0 nmethod 8506 0x00000298d3252d10 code [0x00000298d3252ec0, 0x00000298d3253498]
Event: 15.703 Thread 0x0000029925c037d0 8509       4       java.lang.String$CaseInsensitiveComparator::compare (68 bytes)

GC Heap History (20 events):
Event: 11.003 GC heap before
{Heap before GC invocations=16 (full 0):
 garbage-first heap   total reserved 2056192K, committed 95232K, used 83157K [0x0000000082800000, 0x0000000100000000)
  region size 1024K, 49 young (50176K), 2 survivors (2048K)
 Metaspace       used 74207K, committed 74816K, reserved 1114112K
  class space    used 10157K, committed 10432K, reserved 1048576K
}
Event: 11.015 GC heap after
{Heap after GC invocations=17 (full 0):
 garbage-first heap   total reserved 2056192K, committed 95232K, used 39790K [0x0000000082800000, 0x0000000100000000)
  region size 1024K, 6 young (6144K), 6 survivors (6144K)
 Metaspace       used 74207K, committed 74816K, reserved 1114112K
  class space    used 10157K, committed 10432K, reserved 1048576K
}
Event: 11.595 GC heap before
{Heap before GC invocations=17 (full 0):
 garbage-first heap   total reserved 2056192K, committed 95232K, used 82798K [0x0000000082800000, 0x0000000100000000)
  region size 1024K, 48 young (49152K), 6 survivors (6144K)
 Metaspace       used 76646K, committed 77312K, reserved 1179648K
  class space    used 10485K, committed 10816K, reserved 1048576K
}
Event: 11.608 GC heap after
{Heap after GC invocations=18 (full 0):
 garbage-first heap   total reserved 2056192K, committed 95232K, used 41825K [0x0000000082800000, 0x0000000100000000)
  region size 1024K, 3 young (3072K), 3 survivors (3072K)
 Metaspace       used 76646K, committed 77312K, reserved 1179648K
  class space    used 10485K, committed 10816K, reserved 1048576K
}
Event: 12.212 GC heap before
{Heap before GC invocations=18 (full 0):
 garbage-first heap   total reserved 2056192K, committed 95232K, used 84833K [0x0000000082800000, 0x0000000100000000)
  region size 1024K, 45 young (46080K), 3 survivors (3072K)
 Metaspace       used 78430K, committed 79168K, reserved 1179648K
  class space    used 10741K, committed 11072K, reserved 1048576K
}
Event: 12.224 GC heap after
{Heap after GC invocations=19 (full 0):
 garbage-first heap   total reserved 2056192K, committed 95232K, used 43669K [0x0000000082800000, 0x0000000100000000)
  region size 1024K, 5 young (5120K), 5 survivors (5120K)
 Metaspace       used 78430K, committed 79168K, reserved 1179648K
  class space    used 10741K, committed 11072K, reserved 1048576K
}
Event: 12.506 GC heap before
{Heap before GC invocations=20 (full 0):
 garbage-first heap   total reserved 2056192K, committed 95232K, used 82581K [0x0000000082800000, 0x0000000100000000)
  region size 1024K, 43 young (44032K), 5 survivors (5120K)
 Metaspace       used 78594K, committed 79360K, reserved 1179648K
  class space    used 10806K, committed 11136K, reserved 1048576K
}
Event: 12.516 GC heap after
{Heap after GC invocations=21 (full 0):
 garbage-first heap   total reserved 2056192K, committed 95232K, used 44822K [0x0000000082800000, 0x0000000100000000)
  region size 1024K, 4 young (4096K), 4 survivors (4096K)
 Metaspace       used 78594K, committed 79360K, reserved 1179648K
  class space    used 10806K, committed 11136K, reserved 1048576K
}
Event: 12.847 GC heap before
{Heap before GC invocations=21 (full 0):
 garbage-first heap   total reserved 2056192K, committed 95232K, used 83734K [0x0000000082800000, 0x0000000100000000)
  region size 1024K, 42 young (43008K), 4 survivors (4096K)
 Metaspace       used 78963K, committed 79744K, reserved 1179648K
  class space    used 10895K, committed 11264K, reserved 1048576K
}
Event: 12.861 GC heap after
{Heap after GC invocations=22 (full 0):
 garbage-first heap   total reserved 2056192K, committed 114688K, used 46213K [0x0000000082800000, 0x0000000100000000)
  region size 1024K, 5 young (5120K), 5 survivors (5120K)
 Metaspace       used 78963K, committed 79744K, reserved 1179648K
  class space    used 10895K, committed 11264K, reserved 1048576K
}
Event: 13.322 GC heap before
{Heap before GC invocations=22 (full 0):
 garbage-first heap   total reserved 2056192K, committed 114688K, used 101509K [0x0000000082800000, 0x0000000100000000)
  region size 1024K, 59 young (60416K), 5 survivors (5120K)
 Metaspace       used 79826K, committed 80576K, reserved 1179648K
  class space    used 11024K, committed 11328K, reserved 1048576K
}
Event: 13.339 GC heap after
{Heap after GC invocations=23 (full 0):
 garbage-first heap   total reserved 2056192K, committed 114688K, used 48527K [0x0000000082800000, 0x0000000100000000)
  region size 1024K, 6 young (6144K), 6 survivors (6144K)
 Metaspace       used 79826K, committed 80576K, reserved 1179648K
  class space    used 11024K, committed 11328K, reserved 1048576K
}
Event: 13.842 GC heap before
{Heap before GC invocations=23 (full 0):
 garbage-first heap   total reserved 2056192K, committed 114688K, used 100751K [0x0000000082800000, 0x0000000100000000)
  region size 1024K, 57 young (58368K), 6 survivors (6144K)
 Metaspace       used 80764K, committed 81600K, reserved 1179648K
  class space    used 11149K, committed 11520K, reserved 1048576K
}
Event: 13.856 GC heap after
{Heap after GC invocations=24 (full 0):
 garbage-first heap   total reserved 2056192K, committed 114688K, used 49664K [0x0000000082800000, 0x0000000100000000)
  region size 1024K, 6 young (6144K), 6 survivors (6144K)
 Metaspace       used 80764K, committed 81600K, reserved 1179648K
  class space    used 11149K, committed 11520K, reserved 1048576K
}
Event: 14.317 GC heap before
{Heap before GC invocations=24 (full 0):
 garbage-first heap   total reserved 2056192K, committed 114688K, used 100864K [0x0000000082800000, 0x0000000100000000)
  region size 1024K, 56 young (57344K), 6 survivors (6144K)
 Metaspace       used 81443K, committed 82240K, reserved 1179648K
  class space    used 11279K, committed 11648K, reserved 1048576K
}
Event: 14.331 GC heap after
{Heap after GC invocations=25 (full 0):
 garbage-first heap   total reserved 2056192K, committed 114688K, used 51334K [0x0000000082800000, 0x0000000100000000)
  region size 1024K, 4 young (4096K), 4 survivors (4096K)
 Metaspace       used 81443K, committed 82240K, reserved 1179648K
  class space    used 11279K, committed 11648K, reserved 1048576K
}
Event: 14.757 GC heap before
{Heap before GC invocations=26 (full 0):
 garbage-first heap   total reserved 2056192K, committed 114688K, used 102534K [0x0000000082800000, 0x0000000100000000)
  region size 1024K, 54 young (55296K), 4 survivors (4096K)
 Metaspace       used 82137K, committed 82880K, reserved 1179648K
  class space    used 11391K, committed 11712K, reserved 1048576K
}
Event: 14.770 GC heap after
{Heap after GC invocations=27 (full 0):
 garbage-first heap   total reserved 2056192K, committed 114688K, used 53250K [0x0000000082800000, 0x0000000100000000)
  region size 1024K, 6 young (6144K), 6 survivors (6144K)
 Metaspace       used 82137K, committed 82880K, reserved 1179648K
  class space    used 11391K, committed 11712K, reserved 1048576K
}
Event: 15.083 GC heap before
{Heap before GC invocations=27 (full 0):
 garbage-first heap   total reserved 2056192K, committed 114688K, used 100354K [0x0000000082800000, 0x0000000100000000)
  region size 1024K, 52 young (53248K), 6 survivors (6144K)
 Metaspace       used 83129K, committed 83968K, reserved 1179648K
  class space    used 11550K, committed 11968K, reserved 1048576K
}
Event: 15.102 GC heap after
{Heap after GC invocations=28 (full 0):
 garbage-first heap   total reserved 2056192K, committed 152576K, used 54205K [0x0000000082800000, 0x0000000100000000)
  region size 1024K, 6 young (6144K), 6 survivors (6144K)
 Metaspace       used 83129K, committed 83968K, reserved 1179648K
  class space    used 11550K, committed 11968K, reserved 1048576K
}

Dll operation events (15 events):
Event: 0.014 Loaded shared library C:\Users\Jacob\.jdks\openjdk-22.0.1\bin\java.dll
Event: 0.056 Loaded shared library C:\Users\Jacob\.jdks\openjdk-22.0.1\bin\jsvml.dll
Event: 0.261 Loaded shared library C:\Users\Jacob\.jdks\openjdk-22.0.1\bin\zip.dll
Event: 0.266 Loaded shared library C:\Users\Jacob\.jdks\openjdk-22.0.1\bin\instrument.dll
Event: 0.271 Loaded shared library C:\Users\Jacob\.jdks\openjdk-22.0.1\bin\net.dll
Event: 0.272 Loaded shared library C:\Users\Jacob\.jdks\openjdk-22.0.1\bin\nio.dll
Event: 0.276 Loaded shared library C:\Users\Jacob\.jdks\openjdk-22.0.1\bin\zip.dll
Event: 0.323 Loaded shared library C:\Users\Jacob\Desktop\IntelliJ IDEA Community Edition 2024.1.3\bin\breakgen64.dll
Event: 0.337 Loaded shared library C:\Users\Jacob\.jdks\openjdk-22.0.1\bin\extnet.dll
Event: 0.519 Loaded shared library C:\Users\Jacob\.jdks\openjdk-22.0.1\bin\jimage.dll
Event: 0.763 Loaded shared library C:\Users\Jacob\.jdks\openjdk-22.0.1\bin\verify.dll
Event: 2.347 Loaded shared library C:\Users\Jacob\.jdks\openjdk-22.0.1\bin\le.dll
Event: 2.997 Loaded shared library C:\Users\Jacob\.jdks\openjdk-22.0.1\bin\sunmscapi.dll
Event: 6.757 Loaded shared library C:\Users\Jacob\.jdks\openjdk-22.0.1\bin\management.dll
Event: 6.761 Loaded shared library C:\Users\Jacob\.jdks\openjdk-22.0.1\bin\management_ext.dll

Deoptimization events (20 events):
Event: 15.595 Thread 0x00000298c0e5a990 Uncommon trap: trap_request=0xffffffde fr.pc=0x00000298d32623ac relative=0x0000000000000c2c
Event: 15.595 Thread 0x00000298c0e5a990 Uncommon trap: reason=class_check action=maybe_recompile pc=0x00000298d32623ac method=org.springframework.core.annotation.AnnotationsScanner.processClassHierarchy(Ljava/lang/Object;[ILjava/lang/Class;Lorg/springframework/core/annotation/AnnotationsProcess
Event: 15.595 Thread 0x00000298c0e5a990 DEOPT PACKING pc=0x00000298d32623ac sp=0x000000c64dbfd440
Event: 15.595 Thread 0x00000298c0e5a990 DEOPT UNPACKING pc=0x00000298d28f46a2 sp=0x000000c64dbfd410 mode 2
Event: 15.596 Thread 0x00000298c0e5a990 Uncommon trap: trap_request=0xffffff66 fr.pc=0x00000298d32fd5f0 relative=0x0000000000005530
Event: 15.596 Thread 0x00000298c0e5a990 Uncommon trap: reason=speculate_class_check action=maybe_recompile pc=0x00000298d32fd5f0 method=org.springframework.transaction.interceptor.AbstractFallbackTransactionAttributeSource.getTransactionAttribute(Ljava/lang/reflect/Method;Ljava/lang/Class;)Lorg
Event: 15.596 Thread 0x00000298c0e5a990 DEOPT PACKING pc=0x00000298d32fd5f0 sp=0x000000c64dbfd630
Event: 15.596 Thread 0x00000298c0e5a990 DEOPT UNPACKING pc=0x00000298d28f46a2 sp=0x000000c64dbfd658 mode 2
Event: 15.597 Thread 0x00000298c0e5a990 Uncommon trap: trap_request=0xffffffde fr.pc=0x00000298d31e1d98 relative=0x0000000000000898
Event: 15.597 Thread 0x00000298c0e5a990 Uncommon trap: reason=class_check action=maybe_recompile pc=0x00000298d31e1d98 method=org.springframework.core.annotation.AnnotationsScanner.isWithoutHierarchy(Ljava/lang/reflect/AnnotatedElement;Ljava/util/function/Predicate;)Z @ 45 c2
Event: 15.597 Thread 0x00000298c0e5a990 DEOPT PACKING pc=0x00000298d31e1d98 sp=0x000000c64dbfd3f0
Event: 15.597 Thread 0x00000298c0e5a990 DEOPT UNPACKING pc=0x00000298d28f46a2 sp=0x000000c64dbfd298 mode 2
Event: 15.597 Thread 0x00000298c0e5a990 Uncommon trap: trap_request=0xffffffde fr.pc=0x00000298d32623ac relative=0x0000000000000c2c
Event: 15.597 Thread 0x00000298c0e5a990 Uncommon trap: reason=class_check action=maybe_recompile pc=0x00000298d32623ac method=org.springframework.core.annotation.AnnotationsScanner.processClassHierarchy(Ljava/lang/Object;[ILjava/lang/Class;Lorg/springframework/core/annotation/AnnotationsProcess
Event: 15.597 Thread 0x00000298c0e5a990 DEOPT PACKING pc=0x00000298d32623ac sp=0x000000c64dbfd3a0
Event: 15.597 Thread 0x00000298c0e5a990 DEOPT UNPACKING pc=0x00000298d28f46a2 sp=0x000000c64dbfd370 mode 2
Event: 15.631 Thread 0x00000298c0e5a990 Uncommon trap: trap_request=0xffffff9d fr.pc=0x00000298d305260c relative=0x000000000000076c
Event: 15.631 Thread 0x00000298c0e5a990 Uncommon trap: reason=unreached action=reinterpret pc=0x00000298d305260c method=jdk.internal.reflect.DirectMethodHandleAccessor.invoke(Ljava/lang/Object;[Ljava/lang/Object;)Ljava/lang/Object; @ 82 c2
Event: 15.631 Thread 0x00000298c0e5a990 DEOPT PACKING pc=0x00000298d305260c sp=0x000000c64dbfaa10
Event: 15.631 Thread 0x00000298c0e5a990 DEOPT UNPACKING pc=0x00000298d28f46a2 sp=0x000000c64dbfa9b0 mode 2

Classes loaded (20 events):
Event: 15.570 Loading class java/util/IdentityHashMap$KeySpliterator
Event: 15.570 Loading class java/util/IdentityHashMap$IdentityHashMapSpliterator
Event: 15.570 Loading class java/util/IdentityHashMap$IdentityHashMapSpliterator done
Event: 15.570 Loading class java/util/IdentityHashMap$KeySpliterator done
Event: 15.635 Loading class java/util/jar/JarInputStream
Event: 15.635 Loading class java/util/zip/ZipInputStream
Event: 15.635 Loading class java/util/zip/ZipInputStream done
Event: 15.635 Loading class java/util/jar/JarInputStream done
Event: 15.636 Loading class sun/security/util/ManifestEntryVerifier
Event: 15.636 Loading class sun/security/util/ManifestEntryVerifier done
Event: 15.637 Loading class java/lang/ProcessBuilder
Event: 15.638 Loading class java/lang/ProcessBuilder done
Event: 15.638 Loading class java/lang/ProcessImpl
Event: 15.638 Loading class java/lang/ProcessImpl done
Event: 15.646 Loading class java/lang/ProcessImpl$2
Event: 15.647 Loading class java/lang/ProcessImpl$2 done
Event: 15.647 Loading class java/lang/Process$PipeInputStream
Event: 15.647 Loading class java/lang/Process$PipeInputStream done
Event: 15.649 Loading class jdk/internal/event/ProcessStartEvent
Event: 15.649 Loading class jdk/internal/event/ProcessStartEvent done

Classes unloaded (0 events):
No events

Classes redefined (0 events):
No events

Internal exceptions (20 events):
Event: 13.806 Thread 0x00000298c0e5a990 Exception <a 'java/lang/IncompatibleClassChangeError'{0x000000008688e788}: Found class java.lang.Object, but interface was expected> (0x000000008688e788) 
thrown [s\open\src\hotspot\share\interpreter\linkResolver.cpp, line 841]
Event: 13.981 Thread 0x00000298c0e5a990 Exception <a 'java/lang/IncompatibleClassChangeError'{0x0000000088ccc638}: Found class java.lang.Object, but interface was expected> (0x0000000088ccc638) 
thrown [s\open\src\hotspot\share\interpreter\linkResolver.cpp, line 841]
Event: 14.032 Thread 0x00000298c0e5a990 Exception <a 'java/lang/NoSuchMethodError'{0x000000008832a478}: 'java.lang.Object java.lang.invoke.DirectMethodHandle$Holder.newInvokeSpecial(java.lang.Object, java.lang.Object, java.lang.Object, java.lang.Object, java.lang.Object, java.lang.Object, java.lang.Object, java.lang.Object, java.lang.Object)'> (0x000000008832a478) 
thrown [s\open\src\hotspot\share\interpreter\linkResolver.cpp, line 774]
Event: 14.644 Thread 0x00000298c0e5a990 Exception <a 'java/lang/NoSuchMethodError'{0x0000000087184300}: 'long java.lang.invoke.DirectMethodHandle$Holder.invokeVirtual(java.lang.Object, java.lang.Object)'> (0x0000000087184300) 
thrown [s\open\src\hotspot\share\interpreter\linkResolver.cpp, line 774]
Event: 14.788 Thread 0x00000298dfbdd6e0 Exception <a 'java/lang/NoSuchMethodError'{0x000000008a59fd08}: 'long java.lang.invoke.DirectMethodHandle$Holder.invokeStatic(java.lang.Object, java.lang.Object, java.lang.Object)'> (0x000000008a59fd08) 
thrown [s\open\src\hotspot\share\interpreter\linkResolver.cpp, line 774]
Event: 14.901 Thread 0x00000298c0e5a990 Implicit null exception at 0x00000298d302b66b to 0x00000298d302b8dc
Event: 14.991 Thread 0x00000298c0e5a990 Exception <a 'java/lang/NoSuchMethodError'{0x000000008758b7f8}: 'java.lang.Object java.lang.invoke.DirectMethodHandle$Holder.newInvokeSpecial(java.lang.Object, java.lang.Object, java.lang.Object, java.lang.Object, java.lang.Object, java.lang.Object, java.lang.Object, java.lang.Object, java.lang.Object, java.lang.Object, java.lang.Object, java.lang.Object, java.lang.Object)'> (0x000000008758b7f8) 
thrown [s\open\src\hotspot\share\interpreter\linkResolver.cpp, line 774]
Event: 14.992 Thread 0x00000298c0e5a990 Exception <a 'java/lang/NoSuchMethodError'{0x0000000087590770}: 'java.lang.Object java.lang.invoke.DelegatingMethodHandle$Holder.reinvoke_L(java.lang.Object, java.lang.Object, java.lang.Object, java.lang.Object, java.lang.Object, java.lang.Object, java.lang.Object, java.lang.Object, java.lang.Object, java.lang.Object, java.lang.Object, java.lang.Object, java.lang.Object)'> (0x0000000087590770) 
thrown [s\open\src\hotspot\share\interpreter\linkResolver.cpp, line 774]
Event: 15.169 Thread 0x00000298c0e5a990 Exception <a 'java/lang/NoSuchMethodError'{0x000000008b4e1718}: 'void java.lang.invoke.DirectMethodHandle$Holder.invokeVirtual(java.lang.Object, java.lang.Object, long)'> (0x000000008b4e1718) 
thrown [s\open\src\hotspot\share\interpreter\linkResolver.cpp, line 774]
Event: 15.171 Thread 0x00000298c0e5a990 Exception <a 'java/lang/NoSuchMethodError'{0x000000008b4f1770}: 'void java.lang.invoke.DirectMethodHandle$Holder.invokeVirtual(java.lang.Object, java.lang.Object, float)'> (0x000000008b4f1770) 
thrown [s\open\src\hotspot\share\interpreter\linkResolver.cpp, line 774]
Event: 15.293 Thread 0x00000298c0e5a990 Exception <a 'java/lang/NoSuchMethodError'{0x000000008a4c9420}: 'java.lang.Object java.lang.invoke.DirectMethodHandle$Holder.invokeVirtual(java.lang.Object, java.lang.Object, java.lang.Object, java.lang.Object, java.lang.Object, java.lang.Object, java.lang.Object, java.lang.Object, java.lang.Object)'> (0x000000008a4c9420) 
thrown [s\open\src\hotspot\share\interpreter\linkResolver.cpp, line 774]
Event: 15.371 Thread 0x00000298c0e5a990 Exception <a 'java/lang/NoSuchMethodError'{0x0000000089bad610}: 'void java.lang.invoke.DirectMethodHandle$Holder.invokeStatic(java.lang.Object, java.lang.Object, double)'> (0x0000000089bad610) 
thrown [s\open\src\hotspot\share\interpreter\linkResolver.cpp, line 774]
Event: 15.401 Thread 0x00000298c0e5a990 Exception <a 'java/lang/IncompatibleClassChangeError'{0x0000000089a984a0}: Found class java.lang.Object, but interface was expected> (0x0000000089a984a0) 
thrown [s\open\src\hotspot\share\interpreter\linkResolver.cpp, line 841]
Event: 15.411 Thread 0x00000298c0e5a990 Exception <a 'java/lang/NoSuchMethodError'{0x0000000089ad3e80}: 'java.lang.Object java.lang.invoke.DirectMethodHandle$Holder.newInvokeSpecial(java.lang.Object, java.lang.Object, int, java.lang.Object, java.lang.Object)'> (0x0000000089ad3e80) 
thrown [s\open\src\hotspot\share\interpreter\linkResolver.cpp, line 774]
Event: 15.414 Thread 0x00000298c0e5a990 Implicit null exception at 0x00000298d2f9c965 to 0x00000298d2f9cba8
Event: 15.452 Thread 0x00000298c0e5a990 Exception <a 'java/lang/IncompatibleClassChangeError'{0x000000008981a210}: Found class java.lang.Object, but interface was expected> (0x000000008981a210) 
thrown [s\open\src\hotspot\share\interpreter\linkResolver.cpp, line 841]
Event: 15.483 Thread 0x00000298c0e5a990 Implicit null exception at 0x00000298d3069eed to 0x00000298d306a1c9
Event: 15.626 Thread 0x00000298c0e5a990 Exception <a 'java/lang/NoSuchMethodError'{0x00000000893ff050}: method resolution failed> (0x00000000893ff050) 
thrown [s\open\src\hotspot\share\prims\methodHandles.cpp, line 1146]
Event: 15.631 Thread 0x00000298c0e5a990 Exception <a 'java/lang/NoSuchMethodError'{0x0000000089231e90}: 'long java.lang.invoke.DelegatingMethodHandle$Holder.reinvoke_L(java.lang.Object, java.lang.Object)'> (0x0000000089231e90) 
thrown [s\open\src\hotspot\share\interpreter\linkResolver.cpp, line 774]
Event: 15.646 Thread 0x00000298c0e5a990 Exception <a 'java/lang/NoSuchMethodError'{0x0000000089259f70}: 'void java.lang.invoke.DirectMethodHandle$Holder.invokeStatic(java.lang.Object, long)'> (0x0000000089259f70) 
thrown [s\open\src\hotspot\share\interpreter\linkResolver.cpp, line 774]

ZGC Phase Switch (0 events):
No events

VM Operations (20 events):
Event: 13.375 Executing VM operation: HandshakeAllThreads (Deoptimize)
Event: 13.375 Executing VM operation: HandshakeAllThreads (Deoptimize) done
Event: 13.842 Executing VM operation: G1CollectForAllocation (G1 Evacuation Pause)
Event: 13.856 Executing VM operation: G1CollectForAllocation (G1 Evacuation Pause) done
Event: 14.249 Executing VM operation: HandshakeAllThreads (Deoptimize)
Event: 14.249 Executing VM operation: HandshakeAllThreads (Deoptimize) done
Event: 14.317 Executing VM operation: G1CollectForAllocation (G1 Evacuation Pause)
Event: 14.331 Executing VM operation: G1CollectForAllocation (G1 Evacuation Pause) done
Event: 14.377 Executing VM operation: G1PauseRemark
Event: 14.391 Executing VM operation: G1PauseRemark done
Event: 14.423 Executing VM operation: G1PauseCleanup
Event: 14.423 Executing VM operation: G1PauseCleanup done
Event: 14.757 Executing VM operation: G1CollectForAllocation (G1 Evacuation Pause)
Event: 14.770 Executing VM operation: G1CollectForAllocation (G1 Evacuation Pause) done
Event: 15.083 Executing VM operation: G1CollectForAllocation (G1 Evacuation Pause)
Event: 15.102 Executing VM operation: G1CollectForAllocation (G1 Evacuation Pause) done
Event: 15.385 Executing VM operation: HandshakeAllThreads (Deoptimize)
Event: 15.385 Executing VM operation: HandshakeAllThreads (Deoptimize) done
Event: 15.649 Executing VM operation: HandshakeAllThreads (Deoptimize)
Event: 15.649 Executing VM operation: HandshakeAllThreads (Deoptimize) done

Events (20 events):
Event: 14.390 Thread 0x00000298df80a8a0 flushing nmethod 0x00000298cbcd7190
Event: 14.390 Thread 0x00000298df80a8a0 flushing nmethod 0x00000298cbd0bf90
Event: 14.390 Thread 0x00000298df80a8a0 flushing nmethod 0x00000298cbda3f10
Event: 14.390 Thread 0x00000298df80a8a0 flushing nmethod 0x00000298cbda7f10
Event: 14.390 Thread 0x00000298df80a8a0 flushing nmethod 0x00000298cbdaab10
Event: 14.390 Thread 0x00000298df80a8a0 flushing nmethod 0x00000298cbe01f90
Event: 14.390 Thread 0x00000298df80a8a0 flushing nmethod 0x00000298cbecbb90
Event: 14.390 Thread 0x00000298df80a8a0 flushing nmethod 0x00000298cbecff10
Event: 14.390 Thread 0x00000298df80a8a0 flushing nmethod 0x00000298cbed6690
Event: 14.390 Thread 0x00000298df80a8a0 flushing nmethod 0x00000298cbedd390
Event: 14.390 Thread 0x00000298df80a8a0 flushing nmethod 0x00000298cbedd790
Event: 14.390 Thread 0x00000298df80a8a0 flushing nmethod 0x00000298cbee1d10
Event: 14.390 Thread 0x00000298df80a8a0 flushing nmethod 0x00000298cbeebe10
Event: 14.390 Thread 0x00000298df80a8a0 flushing nmethod 0x00000298cbf1b290
Event: 14.390 Thread 0x00000298df80a8a0 flushing nmethod 0x00000298cbf30310
Event: 14.390 Thread 0x00000298df80a8a0 flushing nmethod 0x00000298cbf7fa90
Event: 14.390 Thread 0x00000298df80a8a0 flushing nmethod 0x00000298cbf85010
Event: 14.390 Thread 0x00000298df80a8a0 flushing nmethod 0x00000298cbfe6210
Event: 14.390 Thread 0x00000298df80a8a0 flushing nmethod 0x00000298cbfeb110
Event: 15.434 Thread 0x000002992c6ef000 Thread added: 0x000002992c6ef000


Dynamic libraries:
0x00007ff6ab920000 - 0x00007ff6ab92e000 	C:\Users\Jacob\.jdks\openjdk-22.0.1\bin\java.exe
0x00007ff9598d0000 - 0x00007ff959ae7000 	C:\WINDOWS\SYSTEM32\ntdll.dll
0x00007ff958290000 - 0x00007ff958354000 	C:\WINDOWS\System32\KERNEL32.DLL
0x00007ff956f60000 - 0x00007ff95731a000 	C:\WINDOWS\System32\KERNELBASE.dll
0x00007ff956d90000 - 0x00007ff956ea1000 	C:\WINDOWS\System32\ucrtbase.dll
0x00007ff927b40000 - 0x00007ff927b5b000 	C:\Users\Jacob\.jdks\openjdk-22.0.1\bin\VCRUNTIME140.dll
0x00007ff92c4b0000 - 0x00007ff92c4c7000 	C:\Users\Jacob\.jdks\openjdk-22.0.1\bin\jli.dll
0x00007ff957f10000 - 0x00007ff9580be000 	C:\WINDOWS\System32\USER32.dll
0x00007ff941790000 - 0x00007ff941a22000 	C:\WINDOWS\WinSxS\amd64_microsoft.windows.common-controls_6595b64144ccf1df_6.0.22621.4541_none_2710d1c57384c085\COMCTL32.dll
0x00007ff958930000 - 0x00007ff9589d7000 	C:\WINDOWS\System32\msvcrt.dll
0x00007ff9583d0000 - 0x00007ff9583f9000 	C:\WINDOWS\System32\GDI32.dll
0x00007ff956c40000 - 0x00007ff956c66000 	C:\WINDOWS\System32\win32u.dll
0x00007ff956c70000 - 0x00007ff956d8b000 	C:\WINDOWS\System32\gdi32full.dll
0x00007ff956ba0000 - 0x00007ff956c3a000 	C:\WINDOWS\System32\msvcp_win.dll
0x00007ff9580c0000 - 0x00007ff9580f1000 	C:\WINDOWS\System32\IMM32.DLL
0x00007ff92fc90000 - 0x00007ff92fc9c000 	C:\Users\Jacob\.jdks\openjdk-22.0.1\bin\vcruntime140_1.dll
0x00007ff927ab0000 - 0x00007ff927b3e000 	C:\Users\Jacob\.jdks\openjdk-22.0.1\bin\msvcp140.dll
0x00007ff8e5ce0000 - 0x00007ff8e6a27000 	C:\Users\Jacob\.jdks\openjdk-22.0.1\bin\server\jvm.dll
0x00007ff957630000 - 0x00007ff9576e2000 	C:\WINDOWS\System32\ADVAPI32.dll
0x00007ff957e60000 - 0x00007ff957f07000 	C:\WINDOWS\System32\sechost.dll
0x00007ff956eb0000 - 0x00007ff956ed8000 	C:\WINDOWS\System32\bcrypt.dll
0x00007ff9589e0000 - 0x00007ff958af4000 	C:\WINDOWS\System32\RPCRT4.dll
0x00007ff958120000 - 0x00007ff958191000 	C:\WINDOWS\System32\WS2_32.dll
0x00007ff956180000 - 0x00007ff9561cd000 	C:\WINDOWS\SYSTEM32\POWRPROF.dll
0x00007ff94f460000 - 0x00007ff94f494000 	C:\WINDOWS\SYSTEM32\WINMM.dll
0x00007ff94ebe0000 - 0x00007ff94ebea000 	C:\WINDOWS\SYSTEM32\VERSION.dll
0x00007ff956110000 - 0x00007ff956123000 	C:\WINDOWS\SYSTEM32\UMPDC.dll
0x00007ff955ba0000 - 0x00007ff955bb8000 	C:\WINDOWS\SYSTEM32\kernel.appcore.dll
0x00007ff92c4a0000 - 0x00007ff92c4aa000 	C:\Users\Jacob\.jdks\openjdk-22.0.1\bin\jimage.dll
0x00007ff954620000 - 0x00007ff954852000 	C:\WINDOWS\SYSTEM32\DBGHELP.DLL
0x00007ff958550000 - 0x00007ff9588df000 	C:\WINDOWS\System32\combase.dll
0x00007ff9581a0000 - 0x00007ff958277000 	C:\WINDOWS\System32\OLEAUT32.dll
0x00007ff933ec0000 - 0x00007ff933ef2000 	C:\WINDOWS\SYSTEM32\dbgcore.DLL
0x00007ff9573e0000 - 0x00007ff95745b000 	C:\WINDOWS\System32\bcryptPrimitives.dll
0x00007ff94a5d0000 - 0x00007ff94a5df000 	C:\Users\Jacob\.jdks\openjdk-22.0.1\bin\instrument.dll
0x00007ff927a90000 - 0x00007ff927aae000 	C:\Users\Jacob\.jdks\openjdk-22.0.1\bin\java.dll
0x00007ff958c60000 - 0x00007ff9594d8000 	C:\WINDOWS\System32\SHELL32.dll
0x00007ff957cb0000 - 0x00007ff957e55000 	C:\WINDOWS\System32\ole32.dll
0x00007ff954a90000 - 0x00007ff955398000 	C:\WINDOWS\SYSTEM32\windows.storage.dll
0x00007ff954950000 - 0x00007ff954a8f000 	C:\WINDOWS\SYSTEM32\wintypes.dll
0x00007ff957700000 - 0x00007ff9577fa000 	C:\WINDOWS\System32\SHCORE.dll
0x00007ff9575d0000 - 0x00007ff95762e000 	C:\WINDOWS\System32\shlwapi.dll
0x00007ff956ad0000 - 0x00007ff956afb000 	C:\WINDOWS\SYSTEM32\profapi.dll
0x00007ff9279b0000 - 0x00007ff927a87000 	C:\Users\Jacob\.jdks\openjdk-22.0.1\bin\jsvml.dll
0x00007ff921210000 - 0x00007ff921227000 	C:\Users\Jacob\.jdks\openjdk-22.0.1\bin\zip.dll
0x00007ff9279a0000 - 0x00007ff9279b0000 	C:\Users\Jacob\.jdks\openjdk-22.0.1\bin\net.dll
0x00007ff9560a0000 - 0x00007ff956109000 	C:\WINDOWS\system32\mswsock.dll
0x00007ff921230000 - 0x00007ff921246000 	C:\Users\Jacob\.jdks\openjdk-22.0.1\bin\nio.dll
0x00007ff93a890000 - 0x00007ff93a8aa000 	C:\Users\Jacob\Desktop\IntelliJ IDEA Community Edition 2024.1.3\bin\breakgen64.dll
0x00007ff9211d0000 - 0x00007ff9211d9000 	C:\Users\Jacob\.jdks\openjdk-22.0.1\bin\extnet.dll
0x00007ff949940000 - 0x00007ff949950000 	C:\Users\Jacob\.jdks\openjdk-22.0.1\bin\verify.dll
0x00007ff93a880000 - 0x00007ff93a88b000 	C:\Users\Jacob\.jdks\openjdk-22.0.1\bin\le.dll
0x00007ff9211e0000 - 0x00007ff9211ee000 	C:\Users\Jacob\.jdks\openjdk-22.0.1\bin\sunmscapi.dll
0x00007ff957460000 - 0x00007ff9575c6000 	C:\WINDOWS\System32\CRYPT32.dll
0x00007ff956540000 - 0x00007ff95656d000 	C:\WINDOWS\SYSTEM32\ncrypt.dll
0x00007ff956500000 - 0x00007ff956537000 	C:\WINDOWS\SYSTEM32\NTASN1.dll
0x00007ff9556c0000 - 0x00007ff9557c2000 	C:\WINDOWS\SYSTEM32\DNSAPI.dll
0x00007ff955640000 - 0x00007ff95566d000 	C:\WINDOWS\SYSTEM32\IPHLPAPI.DLL
0x00007ff9576f0000 - 0x00007ff9576f9000 	C:\WINDOWS\System32\NSI.dll
0x00007ff93efe0000 - 0x00007ff93efea000 	C:\Windows\System32\rasadhlp.dll
0x00007ff94e6e0000 - 0x00007ff94e763000 	C:\WINDOWS\System32\fwpuclnt.dll
0x00007ff93a6b0000 - 0x00007ff93a6ba000 	C:\Users\Jacob\.jdks\openjdk-22.0.1\bin\management.dll
0x00007ff93a270000 - 0x00007ff93a27b000 	C:\Users\Jacob\.jdks\openjdk-22.0.1\bin\management_ext.dll
0x00007ff958280000 - 0x00007ff958288000 	C:\WINDOWS\System32\PSAPI.DLL
0x00007ff956360000 - 0x00007ff95637b000 	C:\WINDOWS\SYSTEM32\CRYPTSP.dll
0x00007ff955b00000 - 0x00007ff955b35000 	C:\WINDOWS\system32\rsaenh.dll
0x00007ff9561e0000 - 0x00007ff956208000 	C:\WINDOWS\SYSTEM32\USERENV.dll
0x00007ff956350000 - 0x00007ff95635c000 	C:\WINDOWS\SYSTEM32\CRYPTBASE.dll
0x00007ff922190000 - 0x00007ff922198000 	C:\WINDOWS\system32\wshunix.dll

dbghelp: loaded successfully - version: 4.0.5 - missing functions: none
symbol engine: initialized successfully - sym options: 0x614 - pdb path: .;C:\Users\Jacob\.jdks\openjdk-22.0.1\bin;C:\WINDOWS\SYSTEM32;C:\WINDOWS\WinSxS\amd64_microsoft.windows.common-controls_6595b64144ccf1df_6.0.22621.4541_none_2710d1c57384c085;C:\Users\Jacob\.jdks\openjdk-22.0.1\bin\server;C:\Users\Jacob\Desktop\IntelliJ IDEA Community Edition 2024.1.3\bin

VM Arguments:
jvm_args: -ea -Didea.test.cyclic.buffer.size=1048576 -javaagent:C:\Users\Jacob\Desktop\IntelliJ IDEA Community Edition 2024.1.3\lib\idea_rt.jar=52620:C:\Users\Jacob\Desktop\IntelliJ IDEA Community Edition 2024.1.3\bin -Dfile.encoding=UTF-8 -Dsun.stdout.encoding=UTF-8 -Dsun.stderr.encoding=UTF-8 
java_command: com.intellij.rt.junit.JUnitStarter -ideVersion5 -junit5 com.example.data_ingestion_service.services.integration.DataAsyncServiceTest,asyncFetch_Completes_AllAsyncTasks
java_class_path (initial): C:\Users\Jacob\.m2\repository\org\junit\vintage\junit-vintage-engine\5.10.5\junit-vintage-engine-5.10.5.jar;C:\Users\Jacob\Desktop\IntelliJ IDEA Community Edition 2024.1.3\lib\idea_rt.jar;C:\Users\Jacob\Desktop\IntelliJ IDEA Community Edition 2024.1.3\plugins\junit\lib\junit5-rt.jar;C:\Users\Jacob\Desktop\IntelliJ IDEA Community Edition 2024.1.3\plugins\junit\lib\junit-rt.jar;C:\Users\Jacob\Documents\Projects\TradeVision\data-ingestion-service\target\test-classes;C:\Users\Jacob\Documents\Projects\TradeVision\data-ingestion-service\target\classes;C:\Users\Jacob\.m2\repository\org\springframework\boot\spring-boot-starter-data-jpa\3.3.5\spring-boot-starter-data-jpa-3.3.5.jar;C:\Users\Jacob\.m2\repository\org\springframework\boot\spring-boot-starter-aop\3.3.5\spring-boot-starter-aop-3.3.5.jar;C:\Users\Jacob\.m2\repository\org\springframework\spring-aop\6.1.14\spring-aop-6.1.14.jar;C:\Users\Jacob\.m2\repository\org\aspectj\aspectjweaver\1.9.22.1\aspectjweaver-1.9.22.1.jar;C:\Users\Jacob\.m2\repository\org\springframework\boot\spring-boot-starter-jdbc\3.3.5\spring-boot-starter-jdbc-3.3.5.jar;C:\Users\Jacob\.m2\repository\com\zaxxer\HikariCP\5.1.0\HikariCP-5.1.0.jar;C:\Users\Jacob\.m2\repository\org\springframework\spring-jdbc\6.1.14\spring-jdbc-6.1.14.jar;C:\Users\Jacob\.m2\repository\org\hibernate\orm\hibernate-core\6.5.3.Final\hibernate-core-6.5.3.Final.jar;C:\Users\Jacob\.m2\repository\jakarta\persistence\jakarta.persistence-api\3.1.0\jakarta.persistence-api-3.1.0.jar;C:\Users\Jacob\.m2\repository\jakarta\transaction\jakarta.transaction-api\2.0.1\jakarta.transaction-api-2.0.1.jar;C:\Users\Jacob\.m2\repository\org\jboss\logging\jboss-logging\3.5.3.Final\jboss-logging-3.5.3.Final.jar;C:\Users\Jacob\.m2\repository\org\hibernate\common\hibernate-commons-annotations\6.0.6.Final\hibernate-commons-annotations-6.0.6.Final.jar;C:\Users\Jacob\.m2\repository\io\smallrye\jandex\3.1.2\jandex-3.1.2.jar;C:\Users\Jacob\.m2\repository\com\fasterxml\classmate\1.7.0\classmate-1.7.0.jar;C:\Users\Jacob\.m2\repository\net\bytebuddy\byte-buddy\1.14.19\byte-buddy-1.14.19.jar;C:\Users\Jacob\.m2\repository\org\glassfish\jaxb\jaxb-runtime\4.0.5\jaxb-runtime-4.0.5.jar;C:\Users\Jacob\.m2\repository\org\glassfish\jaxb\jaxb-core\4.0.5\jaxb-core-4.0.5.jar;C:\Users\Jacob\.m2\repository\org\eclipse\angus\angus-activation\2.0.2\angus-activation-2.0.2.jar;C:\Users\Jacob\.m2\repository\org\glassfish\jaxb\txw2\4.0.5\txw2-4.0.5.jar;C:\Users\Jacob\.m2\repository\com\sun\istack\istack-commons-runtime\4.1.2\istack-commons-runtime-4.1.2.jar;C:\Users\Jacob\.m2\repository\jakarta\inject\jakarta.inject-api\2.0.1\jakarta.inject-api-2.0.1.jar;C:\Users\Jacob\.m2\repository\org\antlr\antlr4-runtime\4.13.0\antlr4-runtime-4.13.0.jar;C:\Users\Jacob\.m2\repository\org\springframework\data\spring-data-jpa\3.3.5\spring-data-jpa-3.3.5.jar;C:\Users\Jacob\.m2\repository\org\springframework\data\spring-data-commons\3.3.5\spring-data-commons-3.3.5.jar;C:\Users\Jacob\.m2\repository\org\springframework\spring-orm\6.1.14\spring-orm-6.1.14.jar;C:\Users\Jacob\.m2\repository\org\springframework\spring-beans\6.1.14\spring-beans-6.1.14.jar;C:\Users\Jacob\.m2\repository\jakarta\annotation\jakarta.annotation-api\2.1.1\jakarta.annotation-api-2.1.1.jar;C:\Users\Jacob\.m2\repository\org\springframework\spring-aspects\6.1.14\spring-aspects-6.1.14.jar;C:\Users\Jacob\.m2\repository\org\springframework\boot\spring-boot-starter-web\3.3.5\spring-boot-starter-web-3.3.5.jar;C:\Users\Jacob\.m2\repository\org\springframework\boot\spring-boot-starter\3.3.5\spring-boot-starter-3.3.5.jar;C:\Users\Jacob\.m2\repository\org\springframework\boot\spring-boot\3.3.5\spring-boot-3.3.5.jar;C:\Users\Jacob\.m2\repository\org\springframework\boot\spring-boot-starter-logging\3.3.5\spring-boot-starter-logging-3.3.5.jar;C:\Users\Jacob\.m2\repository\org\apache\logging\log4j\log4j-to-slf4j\2.23.1\log4j-to-slf4j-2.23.1.jar;C:\Users\Jacob\.m2\repository\org\apache\logging\log4j\log4j-api\2.23.1\log4j-api-2.23.1.jar;C:\Users\Jacob\.m2\repository\org\slf4j\jul-to-slf4j\2.0.16\jul-to-slf4j-2.0.16.jar;C:\Users\Jacob\.m2\repository\org\yaml\snakeyaml\2.2\snakeyaml-2.2.jar;C:\Users\Jacob\.m2\repository\org\springframework\boot\spring-boot-starter-json\3.3.5\spring-boot-starter-json-3.3.5.jar;C:\Users\Jacob\.m2\repository\com\fasterxml\jackson\datatype\jackson-datatype-jdk8\2.17.2\jackson-datatype-jdk8-2.17.2.jar;C:\Users\Jacob\.m2\repository\com\fasterxml\jackson\datatype\jackson-datatype-jsr310\2.17.2\jackson-datatype-jsr310-2.17.2.jar;C:\Users\Jacob\.m2\repository\com\fasterxml\jackson\module\jackson-module-parameter-names\2.17.2\jackson-module-parameter-names-2.17.2.jar;C:\Users\Jacob\.m2\repository\org\springframework\boot\spring-boot-starter-tomcat\3.3.5\spring-boot-starter-tomcat-3.3.5.jar;C:\Users\Jacob\.m2\repository\org\apache\tomcat\embed\tomcat-embed-core\10.1.31\tomcat-embed-core-10.1.31.jar;C:\Users\Jacob\.m2\repository\org\apache\tomcat\embed\tomcat-embed-el\10.1.31\tomcat-embed-el-10.1.31.jar;C:\Users\Jacob\.m2\repository\org\apache\tomcat\embed\tomcat-embed-websocket\10.1.31\tomcat-embed-websocket-10.1.31.jar;C:\Users\Jacob\.m2\repository\org\springframework\spring-web\6.1.14\spring-web-6.1.14.jar;C:\Users\Jacob\.m2\repository\org\springframework\spring-webmvc\6.1.14\spring-webmvc-6.1.14.jar;C:\Users\Jacob\.m2\repository\org\springframework\spring-expression\6.1.14\spring-expression-6.1.14.jar;C:\Users\Jacob\.m2\repository\org\flywaydb\flyway-core\10.10.0\flyway-core-10.10.0.jar;C:\Users\Jacob\.m2\repository\com\fasterxml\jackson\dataformat\jackson-dataformat-toml\2.17.2\jackson-dataformat-toml-2.17.2.jar;C:\Users\Jacob\.m2\repository\com\fasterxml\jackson\core\jackson-core\2.17.2\jackson-core-2.17.2.jar;C:\Users\Jacob\.m2\repository\com\google\code\gson\gson\2.10.1\gson-2.10.1.jar;C:\Users\Jacob\.m2\repository\org\flywaydb\flyway-database-postgresql\10.10.0\flyway-database-postgresql-10.10.0.jar;C:\Users\Jacob\.m2\repository\org\apache\kafka\kafka-streams\3.7.1\kafka-streams-3.7.1.jar;C:\Users\Jacob\.m2\repository\org\apache\kafka\kafka-clients\3.7.1\kafka-clients-3.7.1.jar;C:\Users\Jacob\.m2\repository\com\github\luben\zstd-jni\1.5.6-3\zstd-jni-1.5.6-3.jar;C:\Users\Jacob\.m2\repository\org\lz4\lz4-java\1.8.0\lz4-java-1.8.0.jar;C:\Users\Jacob\.m2\repository\org\xerial\snappy\snappy-java\1.1.10.5\snappy-java-1.1.10.5.jar;C:\Users\Jacob\.m2\repository\org\rocksdb\rocksdbjni\7.9.2\rocksdbjni-7.9.2.jar;C:\Users\Jacob\.m2\repository\org\slf4j\slf4j-api\2.0.16\slf4j-api-2.0.16.jar;C:\Users\Jacob\.m2\repository\com\fasterxml\jackson\core\jackson-annotations\2.17.2\jackson-annotations-2.17.2.jar;C:\Users\Jacob\.m2\repository\com\fasterxml\jackson\core\jackson-databind\2.17.2\jackson-databind-2.17.2.jar;C:\Users\Jacob\.m2\repository\org\springframework\kafka\spring-kafka\3.2.4\spring-kafka-3.2.4.jar;C:\Users\Jacob\.m2\repository\org\springframework\spring-context\6.1.14\spring-context-6.1.14.jar;C:\Users\Jacob\.m2\repository\org\springframework\spring-messaging\6.1.14\spring-messaging-6.1.14.jar;C:\Users\Jacob\.m2\repository\org\springframework\spring-tx\6.1.14\spring-tx-6.1.14.jar;C:\Users\Jacob\.m2\repository\org\springframework\retry\spring-retry\2.0.10\spring-retry-2.0.10.jar;C:\Users\Jacob\.m2\repository\io\micrometer\micrometer-observation\1.13.6\micrometer-observation-1.13.6.jar;C:\Users\Jacob\.m2\repository\org\postgresql\postgresql\42.7.4\postgresql-42.7.4.jar;C:\Users\Jacob\.m2\repository\org\checkerframework\checker-qual\3.42.0\checker-qual-3.42.0.jar;C:\Users\Jacob\.m2\repository\org\projectlombok\lombok\1.18.34\lombok-1.18.34.jar;C:\Users\Jacob\.m2\repository\org\springframework\boot\spring-boot-starter-test\3.3.5\spring-boot-starter-test-3.3.5.jar;C:\Users\Jacob\.m2\repository\org\springframework\boot\spring-boot-test\3.3.5\spring-boot-test-3.3.5.jar;C:\Users\Jacob\.m2\repository\org\springframework\boot\spring-boot-test-autoconfigure\3.3.5\spring-boot-test-autoconfigure-3.3.5.jar;C:\Users\Jacob\.m2\repository\com\jayway\jsonpath\json-path\2.9.0\json-path-2.9.0.jar;C:\Users\Jacob\.m2\repository\jakarta\xml\bind\jakarta.xml.bind-api\4.0.2\jakarta.xml.bind-api-4.0.2.jar;C:\Users\Jacob\.m2\repository\jakarta\activation\jakarta.activation-api\2.1.3\jakarta.activation-api-2.1.3.jar;C:\Users\Jacob\.m2\repository\net\minidev\json-smart\2.5.1\json-smart-2.5.1.jar;C:\Users\Jacob\.m2\repository\net\minidev\accessors-smart\2.5.1\accessors-smart-2.5.1.jar;C:\Users\Jacob\.m2\repository\org\ow2\asm\asm\9.6\asm-9.6.jar;C:\Users\Jacob\.m2\repository\org\assertj\assertj-core\3.25.3\assertj-core-3.25.3.jar;C:\Users\Jacob\.m2\repository\org\awaitility\awaitility\4.2.2\awaitility-4.2.2.jar;C:\Users\Jacob\.m2\repository\org\hamcrest\hamcrest\2.2\hamcrest-2.2.jar;C:\Users\Jacob\.m2\repository\org\junit\jupiter\junit-jupiter\5.10.5\junit-jupiter-5.10.5.jar;C:\Users\Jacob\.m2\repository\org\junit\jupiter\junit-jupiter-params\5.10.5\junit-jupiter-params-5.10.5.jar;C:\Users\Jacob\.m2\repository\org\junit\jupiter\junit-jupiter-engine\5.10.5\junit-jupiter-engine-5.10.5.jar;C:\Users\Jacob\.m2\repository\org\mockito\mockito-core\5.11.0\mockito-core-5.11.0.jar;C:\Users\Jacob\.m2\repository\net\bytebuddy\byte-buddy-agent\1.14.19\byte-buddy-agent-1.14.19.jar;C:\Users\Jacob\.m2\repository\org\objenesis\objenesis\3.3\objenesis-3.3.jar;C:\Users\Jacob\.m2\repository\org\mockito\mockito-junit-jupiter\5.11.0\mockito-junit-jupiter-5.11.0.jar;C:\Users\Jacob\.m2\repository\org\skyscreamer\jsonassert\1.5.3\jsonassert-1.5.3.jar;C:\Users\Jacob\.m2\repository\com\vaadin\external\google\android-json\0.0.20131108.vaadin1\android-json-0.0.20131108.vaadin1.jar;C:\Users\Jacob\.m2\repository\org\springframework\spring-core\6.1.14\spring-core-6.1.14.jar;C:\Users\Jacob\.m2\repository\org\springframework\spring-jcl\6.1.14\spring-jcl-6.1.14.jar;C:\Users\Jacob\.m2\repository\org\springframework\spring-test\6.1.14\spring-test-6.1.14.jar;C:\Users\Jacob\.m2\repository\org\xmlunit\xmlunit-core\2.9.1\xmlunit-core-2.9.1.jar;C:\Users\Jacob\.m2\repository\org\springframework\boot\spring-boot-testcontainers\3.3.5\spring-boot-testcontainers-3.3.5.jar;C:\Users\Jacob\.m2\repository\org\springframework\boot\spring-boot-autoconfigure\3.3.5\spring-boot-autoconfigure-3.3.5.jar;C:\Users\Jacob\.m2\repository\org\testcontainers\testcontainers\1.19.8\testcontainers-1.19.8.jar;C:\Users\Jacob\.m2\repository\junit\junit\4.13.2\junit-4.13.2.jar;C:\Users\Jacob\.m2\repository\org\hamcrest\hamcrest-core\2.2\hamcrest-core-2.2.jar;C:\Users\Jacob\.m2\repository\org\apache\commons\commons-compress\1.24.0\commons-compress-1.24.0.jar;C:\Users\Jacob\.m2\repository\org\rnorth\duct-tape\duct-tape\1.0.8\duct-tape-1.0.8.jar;C:\Users\Jacob\.m2\repository\org\jetbrains\annotations\17.0.0\annotations-17.0.0.jar;C:\Users\Jacob\.m2\repository\com\github\docker-java\docker-java-api\3.3.6\docker-java-api-3.3.6.jar;C:\Users\Jacob\.m2\repository\com\github\docker-java\docker-java-transport-zerodep\3.3.6\docker-java-transport-zerodep-3.3.6.jar;C:\Users\Jacob\.m2\repository\com\github\docker-java\docker-java-transport\3.3.6\docker-java-transport-3.3.6.jar;C:\Users\Jacob\.m2\repository\net\java\dev\jna\jna\5.13.0\jna-5.13.0.jar;C:\Users\Jacob\.m2\repository\org\springframework\kafka\spring-kafka-test\3.2.4\spring-kafka-test-3.2.4.jar;C:\Users\Jacob\.m2\repository\org\apache\zookeeper\zookeeper\3.8.4\zookeeper-3.8.4.jar;C:\Users\Jacob\.m2\repository\org\apache\zookeeper\zookeeper-jute\3.8.4\zookeeper-jute-3.8.4.jar;C:\Users\Jacob\.m2\repository\org\apache\yetus\audience-annotations\0.12.0\audience-annotations-0.12.0.jar;C:\Users\Jacob\.m2\repository\io\netty\netty-handler\4.1.114.Final\netty-handler-4.1.114.Final.jar;C:\Users\Jacob\.m2\repository\io\netty\netty-common\4.1.114.Final\netty-common-4.1.114.Final.jar;C:\Users\Jacob\.m2\repository\io\netty\netty-resolver\4.1.114.Final\netty-resolver-4.1.114.Final.jar;C:\Users\Jacob\.m2\repository\io\netty\netty-buffer\4.1.114.Final\netty-buffer-4.1.114.Final.jar;C:\Users\Jacob\.m2\repository\io\netty\netty-transport\4.1.114.Final\netty-transport-4.1.114.Final.jar;C:\Users\Jacob\.m2\repository\io\netty\netty-transport-native-unix-common\4.1.114.Final\netty-transport-native-unix-common-4.1.114.Final.jar;C:\Users\Jacob\.m2\repository\io\netty\netty-codec\4.1.114.Final\netty-codec-4.1.114.Final.jar;C:\Users\Jacob\.m2\repository\io\netty\netty-transport-native-epoll\4.1.114.Final\netty-transport-native-epoll-4.1.114.Final.jar;C:\Users\Jacob\.m2\repository\io\netty\netty-transport-classes-epoll\4.1.114.Final\netty-transport-classes-epoll-4.1.114.Final.jar;C:\Users\Jacob\.m2\repository\ch\qos\logback\logback-core\1.5.11\logback-core-1.5.11.jar;C:\Users\Jacob\.m2\repository\ch\qos\logback\logback-classic\1.5.11\logback-classic-1.5.11.jar;C:\Users\Jacob\.m2\repository\commons-io\commons-io\2.11.0\commons-io-2.11.0.jar;C:\Users\Jacob\.m2\repository\org\apache\kafka\kafka-clients\3.7.1\kafka-clients-3.7.1-test.jar;C:\Users\Jacob\.m2\repository\org\apache\kafka\kafka-metadata\3.7.1\kafka-metadata-3.7.1.jar;C:\Users\Jacob\.m2\repository\org\apache\kafka\kafka-raft\3.7.1\kafka-raft-3.7.1.jar;C:\Users\Jacob\.m2\repository\com\yammer\metrics\metrics-core\2.2.0\metrics-core-2.2.0.jar;C:\Users\Jacob\.m2\repository\org\apache\kafka\kafka-server-common\3.7.1\kafka-server-common-3.7.1.jar;C:\Users\Jacob\.m2\repository\net\sf\jopt-simple\jopt-simple\5.0.4\jopt-simple-5.0.4.jar;C:\Users\Jacob\.m2\repository\org\pcollections\pcollections\4.0.1\pcollections-4.0.1.jar;C:\Users\Jacob\.m2\repository\org\apache\kafka\kafka-server-common\3.7.1\kafka-server-common-3.7.1-test.jar;C:\Users\Jacob\.m2\repository\org\apache\kafka\kafka-streams-test-utils\3.7.1\kafka-streams-test-utils-3.7.1.jar;C:\Users\Jacob\.m2\repository\org\apache\kafka\kafka_2.13\3.7.1\kafka_2.13-3.7.1.jar;C:\Users\Jacob\.m2\repository\org\scala-lang\scala-library\2.13.12\scala-library-2.13.12.jar;C:\Users\Jacob\.m2\repository\org\apache\kafka\kafka-group-coordinator\3.7.1\kafka-group-coordinator-3.7.1.jar;C:\Users\Jacob\.m2\repository\org\apache\kafka\kafka-storage-api\3.7.1\kafka-storage-api-3.7.1.jar;C:\Users\Jacob\.m2\repository\org\apache\kafka\kafka-tools-api\3.7.1\kafka-tools-api-3.7.1.jar;C:\Users\Jacob\.m2\repository\org\apache\kafka\kafka-storage\3.7.1\kafka-storage-3.7.1.jar;C:\Users\Jacob\.m2\repository\com\github\ben-manes\caffeine\caffeine\3.1.8\caffeine-3.1.8.jar;C:\Users\Jacob\.m2\repository\com\google\errorprone\error_prone_annotations\2.21.1\error_prone_annotations-2.21.1.jar;C:\Users\Jacob\.m2\repository\org\apache\kafka\kafka-server\3.7.1\kafka-server-3.7.1.jar;C:\Users\Jacob\.m2\repository\net\sourceforge\argparse4j\argparse4j\0.7.0\argparse4j-0.7.0.jar;C:\Users\Jacob\.m2\repository\commons-validator\commons-validator\1.7\commons-validator-1.7.jar;C:\Users\Jacob\.m2\repository\commons-beanutils\commons-beanutils\1.9.4\commons-beanutils-1.9.4.jar;C:\Users\Jacob\.m2\repository\commons-digester\commons-digester\2.1\commons-digester-2.1.jar;C:\Users\Jacob\.m2\repository\commons-collections\commons-collections\3.2.2\commons-collections-3.2.2.jar;C:\Users\Jacob\.m2\repository\com\fasterxml\jackson\module\jackson-module-scala_2.13\2.17.2\jackson-module-scala_2.13-2.17.2.jar;C:\Users\Jacob\.m2\repository\com\thoughtworks\paranamer\paranamer\2.8\paranamer-2.8.jar;C:\Users\Jacob\.m2\repository\com\fasterxml\jackson\dataformat\jackson-dataformat-csv\2.17.2\jackson-dataformat-csv-2.17.2.jar;C:\Users\Jacob\.m2\repository\org\bitbucket\b_c\jose4j\0.9.4\jose4j-0.9.4.jar;C:\Users\Jacob\.m2\repository\org\scala-lang\modules\scala-collection-compat_2.13\2.10.0\scala-collection-compat_2.13-2.10.0.jar;C:\Users\Jacob\.m2\repository\org\scala-lang\modules\scala-java8-compat_2.13\1.0.2\scala-java8-compat_2.13-1.0.2.jar;C:\Users\Jacob\.m2\repository\org\scala-lang\scala-reflect\2.13.12\scala-reflect-2.13.12.jar;C:\Users\Jacob\.m2\repository\com\typesafe\scala-logging\scala-logging_2.13\3.9.4\scala-logging_2.13-3.9.4.jar;C:\Users\Jacob\.m2\repository\io\dropwizard\metrics\metrics-core\4.1.12.1\metrics-core-4.1.12.1.jar;C:\Users\Jacob\.m2\repository\commons-cli\commons-cli\1.4\commons-cli-1.4.jar;C:\Users\Jacob\.m2\repository\org\apache\kafka\kafka_2.13\3.7.1\kafka_2.13-3.7.1-test.jar;C:\Users\Jacob\.m2\repository\org\junit\jupiter\junit-jupiter-api\5.10.5\junit-jupiter-api-5.10.5.jar;C:\Users\Jacob\.m2\repository\org\opentest4j\opentest4j\1.3.0\opentest4j-1.3.0.jar;C:\Users\Jacob\.m2\repository\org\junit\platform\junit-platform-commons\1.10.5\junit-platform-commons-1.10.5.jar;C:\Users\Jacob\.m2\repository\org\apiguardian\apiguardian-api\1.1.2\apiguardian-api-1.1.2.jar;C:\Users\Jacob\.m2\repository\org\junit\platform\junit-platform-launcher\1.10.5\junit-platform-launcher-1.10.5.jar;C:\Users\Jacob\.m2\repository\org\junit\platform\junit-platform-engine\1.10.5\junit-platform-engine-1.10.5.jar;C:\Users\Jacob\.m2\repository\org\testcontainers\kafka\1.19.8\kafka-1.19.8.jar;C:\Users\Jacob\.m2\repository\org\springframework\boot\spring-boot-starter-actuator\3.3.5\spring-boot-starter-actuator-3.3.5.jar;C:\Users\Jacob\.m2\repository\org\springframework\boot\spring-boot-actuator-autoconfigure\3.3.5\spring-boot-actuator-autoconfigure-3.3.5.jar;C:\Users\Jacob\.m2\repository\org\springframework\boot\spring-boot-actuator\3.3.5\spring-boot-actuator-3.3.5.jar;C:\Users\Jacob\.m2\repository\io\micrometer\micrometer-jakarta9\1.13.6\micrometer-jakarta9-1.13.6.jar;C:\Users\Jacob\.m2\repository\io\micrometer\micrometer-core\1.13.6\micrometer-core-1.13.6.jar;C:\Users\Jacob\.m2\repository\io\micrometer\micrometer-commons\1.13.6\micrometer-commons-1.13.6.jar;C:\Users\Jacob\.m2\repository\org\hdrhistogram\HdrHistogram\2.2.2\HdrHistogram-2.2.2.jar;C:\Users\Jacob\.m2\repository\org\latencyutils\LatencyUtils\2.0.3\LatencyUtils-2.0.3.jar;C:\Users\Jacob\.m2\repository\io\github\resilience4j\resilience4j-spring-boot2\2.1.0\resilience4j-spring-boot2-2.1.0.jar;C:\Users\Jacob\.m2\repository\io\github\resilience4j\resilience4j-spring\2.1.0\resilience4j-spring-2.1.0.jar;C:\Users\Jacob\.m2\repository\io\github\resilience4j\resilience4j-annotations\2.1.0\resilience4j-annotations-2.1.0.jar;C:\Users\Jacob\.m2\repository\io\github\resilience4j\resilience4j-consumer\2.1.0\resilience4j-consumer-2.1.0.jar;C:\Users\Jacob\.m2\repository\io\github\resilience4j\resilience4j-core\2.1.0\resilience4j-core-2.1.0.jar;C:\Users\Jacob\.m2\repository\io\github\resilience4j\resilience4j-circularbuffer\2.1.0\resilience4j-circularbuffer-2.1.0.jar;C:\Users\Jacob\.m2\repository\io\github\resilience4j\resilience4j-framework-common\2.1.0\resilience4j-framework-common-2.1.0.jar;C:\Users\Jacob\.m2\repository\io\github\resilience4j\resilience4j-micrometer\2.1.0\resilience4j-micrometer-2.1.0.jar;C:\Users\Jacob\.m2\repository\io\github\resilience4j\resilience4j-bulkhead\2.1.0\resilience4j-bulkhead-2.1.0.jar;C:\Users\Jacob\.m2\repository\io\github\resilience4j\resilience4j-circuitbreaker\2.1.0\resilience4j-circuitbreaker-2.1.0.jar;C:\Users\Jacob\.m2\repository\io\github\resilience4j\resilience4j-retry\2.1.0\resilience4j-retry-2.1.0.jar;C:\Users\Jacob\.m2\repository\io\github\resilience4j\resilience4j-ratelimiter\2.1.0\resilience4j-ratelimiter-2.1.0.jar;C:\Users\Jacob\.m2\repository\io\github\resilience4j\resilience4j-timelimiter\2.1.0\resilience4j-timelimiter-2.1.0.jar;C:\Users\Jacob\.m2\repository\me\paulschwarz\spring-dotenv\4.0.0\spring-dotenv-4.0.0.jar;C:\Users\Jacob\.m2\repository\io\github\cdimascio\dotenv-java\3.0.0\dotenv-java-3.0.0.jar;C:\Users\Jacob\.m2\repository\org\mapstruct\mapstruct\1.6.3\mapstruct-1.6.3.jar;C:\Users\Jacob\.m2\repository\org\mapstruct\mapstruct-processor\1.6.3\mapstruct-processor-1.6.3.jar;C:\Users\Jacob\.m2\repository\org\testcontainers\postgresql\1.20.4\postgresql-1.20.4.jar;C:\Users\Jacob\.m2\repository\org\testcontainers\jdbc\1.19.8\jdbc-1.19.8.jar;C:\Users\Jacob\.m2\repository\org\testcontainers\database-commons\1.19.8\database-commons-1.19.8.jar
Launcher Type: SUN_STANDARD

[Global flags]
     intx CICompilerCount                          = 4                                         {product} {ergonomic}
     uint ConcGCThreads                            = 2                                         {product} {ergonomic}
     uint G1ConcRefinementThreads                  = 8                                         {product} {ergonomic}
   size_t G1HeapRegionSize                         = 1048576                                   {product} {ergonomic}
   size_t InitialHeapSize                          = 132120576                                 {product} {ergonomic}
   size_t MarkStackSize                            = 4194304                                   {product} {ergonomic}
   size_t MaxHeapSize                              = 2105540608                                {product} {ergonomic}
   size_t MaxNewSize                               = 1262485504                                {product} {ergonomic}
   size_t MinHeapDeltaBytes                        = 1048576                                   {product} {ergonomic}
   size_t MinHeapSize                              = 8388608                                   {product} {ergonomic}
    uintx NonNMethodCodeHeapSize                   = 5839372                                {pd product} {ergonomic}
    uintx NonProfiledCodeHeapSize                  = 122909434                              {pd product} {ergonomic}
     bool PerfDisableSharedMem                     = true                                      {product} {ergonomic}
    uintx ProfiledCodeHeapSize                     = 122909434                              {pd product} {ergonomic}
    uintx ReservedCodeCacheSize                    = 251658240                              {pd product} {ergonomic}
     bool SegmentedCodeCache                       = true                                      {product} {ergonomic}
   size_t SoftMaxHeapSize                          = 2105540608                             {manageable} {ergonomic}
     bool UseCompressedOops                        = true                           {product lp64_product} {ergonomic}
     bool UseG1GC                                  = true                                      {product} {ergonomic}
     bool UseLargePagesIndividualAllocation        = false                                  {pd product} {ergonomic}

Logging:
Log output configuration:
 #0: stdout all=warning uptime,level,tags foldmultilines=false
 #1: stderr all=off uptime,level,tags foldmultilines=false

Environment Variables:
JAVA_HOME=C:\Users\Jacob\Documents\jdk-21_windows-x64_bin\jdk-21.0.4
PATH=C:\Program Files (x86)\Common Files\Oracle\Java\javapath;C:\Windows\system32;C:\Windows;C:\Windows\System32\Wbem;C:\Windows\System32\WindowsPowerShell\v1.0\;C:\Windows\System32\OpenSSH\;C:\Program Files (x86)\NVIDIA Corporation\PhysX\Common;C:\Program Files\NVIDIA Corporation\NVIDIA NvDLISR;C:\WINDOWS\system32;C:\WINDOWS;C:\WINDOWS\System32\Wbem;C:\WINDOWS\System32\WindowsPowerShell\v1.0\;C:\WINDOWS\System32\OpenSSH\;C:\TDM-GCC-64\bin;C:\Program Files\nodejs\;C:\Program Files\Git\cmd;C:\Program Files\Docker\Docker\resources\bin;C:\Users\Jacob\Documents\jdk-21_windows-x64_bin\jdk-21.0.4\bin;C:\Users\Jacob\AppData\Local\Microsoft\WindowsApps;;C:\Users\Jacob\AppData\Local\Programs\Microsoft VS Code\bin;C:\Users\Jacob\AppData\Roaming\npm;C:\Users\Jacob\Desktop\IntelliJ IDEA Community Edition 2024.1.3\bin;
USERNAME=Jacob
OS=Windows_NT
PROCESSOR_IDENTIFIER=Intel64 Family 6 Model 165 Stepping 2, GenuineIntel
TMP=C:\Users\Jacob\AppData\Local\Temp
TEMP=C:\Users\Jacob\AppData\Local\Temp




Periodic native trim disabled

---------------  S Y S T E M  ---------------

OS:
 Windows 11 , 64 bit Build 22621 (10.0.22621.4391)
OS uptime: 0 days 0:23 hours
Hyper-V role detected

CPU: total 8 (initial active 8) (4 cores per cpu, 2 threads per core) family 6 model 165 stepping 2 microcode 0xe0, cx8, cmov, fxsr, ht, mmx, 3dnowpref, sse, sse2, sse3, ssse3, sse4.1, sse4.2, popcnt, lzcnt, tsc, tscinvbit, avx, avx2, aes, erms, clmul, bmi1, bmi2, adx, fma, vzeroupper, clflush, clflushopt, hv, rdtscp, f16c
Processor Information for all 8 processors :
  Max Mhz: 2496, Current Mhz: 2496, Mhz Limit: 2496

Memory: 4k page, system-wide physical 8029M (655M free)
TotalPageFile size 9928M (AvailPageFile size 3M)
current process WorkingSet (physical memory assigned to process): 409M, peak: 419M
current process commit charge ("private bytes"): 452M, peak: 463M

vm_info: OpenJDK 64-Bit Server VM (22.0.1+8-16) for windows-amd64 JRE (22.0.1+8-16), built on 2024-03-12T10:33:16Z by "mach5one" with MS VC++ 17.6 (VS2022)

END.
