#
# There is insufficient memory for the Java Runtime Environment to continue.
# Native memory allocation (mmap) failed to map 65536 bytes. Error detail: Failed to commit metaspace.
# Possible reasons:
#   The system is out of physical RAM or swap space
#   This process is running with CompressedOops enabled, and the Java Heap may be blocking the growth of the native heap
# Possible solutions:
#   Reduce memory load on the system
#   Increase physical memory or swap space
#   Check if swap backing store is full
#   Decrease Java heap size (-Xmx/-Xms)
#   Decrease number of Java threads
#   Decrease Java thread stack sizes (-Xss)
#   Set larger code cache with -XX:ReservedCodeCacheSize=
#   JVM is running with Unscaled Compressed Oops mode in which the Java heap is
#     placed in the first 4GB address space. The Java Heap base address is the
#     maximum limit for the native heap growth. Please use -XX:HeapBaseMinAddress
#     to set the Java Heap base and to place the Java Heap above 4GB virtual address.
# This output file may be truncated or incomplete.
#
#  Out of Memory Error (virtualSpaceNode.cpp:112), pid=1700, tid=16068
#
# JRE version: OpenJDK Runtime Environment (22.0.1+8) (build 22.0.1+8-16)
# Java VM: OpenJDK 64-Bit Server VM (22.0.1+8-16, mixed mode, sharing, tiered, compressed oops, compressed class ptrs, g1 gc, windows-amd64)
# No core dump will be written. Minidumps are not enabled by default on client versions of Windows
#

---------------  S U M M A R Y ------------

Command Line: -Dnet.bytebuddy.agent.attacher.dump= net.bytebuddy.agent.Attacher com.sun.tools.attach.VirtualMachine 11508 C:\Users\Jacob\.m2\repository\net\bytebuddy\byte-buddy-agent\1.14.19\byte-buddy-agent-1.14.19.jar false 

Host: Intel(R) Core(TM) i5-10300H CPU @ 2.50GHz, 8 cores, 7G,  Windows 11 , 64 bit Build 22621 (10.0.22621.3958)
Time: Sun Nov 17 21:28:30 2024 Pacific Standard Time elapsed time: 0.056179 seconds (0d 0h 0m 0s)

---------------  T H R E A D  ---------------

Current thread (0x000001640a3ce6d0):  JavaThread "main"             [_thread_in_vm, id=16068, stack(0x0000001de1800000,0x0000001de1900000) (1024K)]

Stack: [0x0000001de1800000,0x0000001de1900000]
Native frames: (J=compiled Java code, j=interpreted, Vv=VM code, C=native code)
V  [jvm.dll+0x6e2279]  (no source info available)
V  [jvm.dll+0x874e33]  (no source info available)
V  [jvm.dll+0x87725e]  (no source info available)
V  [jvm.dll+0x877933]  (no source info available)
V  [jvm.dll+0x27fd76]  (no source info available)
V  [jvm.dll+0x870a7e]  (no source info available)
V  [jvm.dll+0x6852e5]  (no source info available)
V  [jvm.dll+0x68534a]  (no source info available)
V  [jvm.dll+0x687b8a]  (no source info available)
V  [jvm.dll+0x2250ac]  (no source info available)
V  [jvm.dll+0x685cfe]  (no source info available)
V  [jvm.dll+0x26b190]  (no source info available)
V  [jvm.dll+0x215cf7]  (no source info available)
V  [jvm.dll+0x20b4ee]  (no source info available)
V  [jvm.dll+0x5c462f]  (no source info available)
V  [jvm.dll+0x21cc6a]  (no source info available)
V  [jvm.dll+0x7eb6dc]  (no source info available)
V  [jvm.dll+0x7ec776]  (no source info available)
V  [jvm.dll+0x7ecd84]  (no source info available)
V  [jvm.dll+0x7eca08]  (no source info available)
V  [jvm.dll+0x26d79b]  (no source info available)
V  [jvm.dll+0x6916eb]  (no source info available)
V  [jvm.dll+0x3daaa2]  (no source info available)
C  0x000001641bf3aaf1  (no source info available)

The last pc belongs to exception handling (printed below).
Java frames: (J=compiled Java code, j=interpreted, Vv=VM code)
j  jdk.internal.loader.URLClassPath.getLoader(I)Ljdk/internal/loader/URLClassPath$Loader;+81 java.base@22.0.1
j  jdk.internal.loader.URLClassPath.getResource(Ljava/lang/String;Z)Ljdk/internal/loader/Resource;+42 java.base@22.0.1
j  jdk.internal.loader.BuiltinClassLoader.findClassOnClassPathOrNull(Ljava/lang/String;)Ljava/lang/Class;+26 java.base@22.0.1
j  jdk.internal.loader.BuiltinClassLoader.loadClassOrNull(Ljava/lang/String;Z)Ljava/lang/Class;+111 java.base@22.0.1
j  jdk.internal.loader.BuiltinClassLoader.loadClass(Ljava/lang/String;Z)Ljava/lang/Class;+3 java.base@22.0.1
j  jdk.internal.loader.ClassLoaders$AppClassLoader.loadClass(Ljava/lang/String;Z)Ljava/lang/Class;+36 java.base@22.0.1
j  java.lang.ClassLoader.loadClass(Ljava/lang/String;)Ljava/lang/Class;+3 java.base@22.0.1
v  ~StubRoutines::call_stub 0x000001641bf3100d
j  java.lang.Class.forName0(Ljava/lang/String;ZLjava/lang/ClassLoader;Ljava/lang/Class;)Ljava/lang/Class;+0 java.base@22.0.1
j  java.lang.Class.forName(Ljava/lang/String;ZLjava/lang/ClassLoader;Ljava/lang/Class;)Ljava/lang/Class;+37 java.base@22.0.1
j  java.lang.Class.forName(Ljava/lang/String;ZLjava/lang/ClassLoader;)Ljava/lang/Class;+20 java.base@22.0.1
j  sun.launcher.LauncherHelper.loadMainClass(ILjava/lang/String;)Ljava/lang/Class;+95 java.base@22.0.1
j  sun.launcher.LauncherHelper.checkAndLoadMain(ZILjava/lang/String;)Ljava/lang/Class;+42 java.base@22.0.1
v  ~StubRoutines::call_stub 0x000001641bf3100d
exception handling  [0x000001641bf3aa80, 0x000001641bf3b6f0]  3184 bytes
[MachCode]
  0x000001641bf3aa80: 48c7 45f0 | 0000 0000 | 4c8b 6dc0 | 4c8b 75c8 | 4e8d 74f5 | 004d 33e4 | 488b d048 | 8b4d b848 
  0x000001641bf3aaa0: 8d64 cd00 | 48c7 45f0 | 0000 0000 | e805 0000 | 00e9 a800 | 0000 488d | 4424 084c | 896d c049 
  0x000001641bf3aac0: 8bcf c5f8 | 7749 89af | b003 0000 | 4989 87a0 | 0300 0048 | 83ec 2040 | f6c4 0f0f | 8419 0000 
  0x000001641bf3aae0: 0048 83ec | 0848 b890 | a7c4 39fb | 7f00 00ff | d048 83c4 | 08e9 0c00 | 0000 48b8 | 90a7 c439 
  0x000001641bf3ab00: fb7f 0000 | ffd0 4883 | c420 49c7 | 87a0 0300 | 0000 0000 | 0049 c787 | b003 0000 | 0000 0000 
  0x000001641bf3ab20: 49c7 87a8 | 0300 0000 | 0000 00c5 | f877 4983 | 7f08 000f | 8405 0000 | 00e9 c263 | ffff 498b 
  0x000001641bf3ab40: 97f8 0300 | 0049 c787 | f803 0000 | 0000 0000 | 4c8b 6dc0 | 4c8b 75c8 | 4e8d 74f5 | 00c3 52ff 
  0x000001641bf3ab60: e048 8b4d | b848 8d64 | cd00 48c7 | 45f0 0000 | 0000 418b | 9734 0500 | 0083 ca02 | 4189 9734 
  0x000001641bf3ab80: 0500 0048 | 8b55 0848 | 8bca 4883 | ec20 40f6 | c40f 0f84 | 1900 0000 | 4883 ec08 | 48b8 80b4 
  0x000001641bf3aba0: c439 fb7f | 0000 ffd0 | 4883 c408 | e90c 0000 | 0048 b880 | b4c4 39fb | 7f00 00ff | d048 83c4 
  0x000001641bf3abc0: 2085 c00f | 85c9 0200 | 0048 8b45 | e848 8b40 | 080f b740 | 2ec1 e003 | 4c8b 75c8 | 4e8d 74f5 
  0x000001641bf3abe0: 004c 2bf0 | 4983 c608 | 4d8b c648 | 8bd0 498b | cf48 83ec | 2040 f6c4 | 0f0f 8419 | 0000 0048 
  0x000001641bf3ac00: 83ec 0848 | b810 e4af | 39fb 7f00 | 00ff d048 | 83c4 08e9 | 0c00 0000 | 48b8 10e4 | af39 fb7f 
  0x000001641bf3ac20: 0000 ffd0 | 4883 c420 | 493b af58 | 0400 000f | 8705 0000 | 00e9 8000 | 0000 c5f8 | 7749 89af 
  0x000001641bf3ac40: b003 0000 | 49ba 3aac | f31b 6401 | 0000 4d89 | 97a8 0300 | 0049 89a7 | a003 0000 | 498b cf48 
  0x000001641bf3ac60: 83ec 2040 | f6c4 0f0f | 8419 0000 | 0048 83ec | 0848 b850 | a3c4 39fb | 7f00 00ff | d048 83c4 
  0x000001641bf3ac80: 08e9 0c00 | 0000 48b8 | 50a3 c439 | fb7f 0000 | ffd0 4883 | c420 49c7 | 87a0 0300 | 0000 0000 
  0x000001641bf3aca0: 0049 c787 | b003 0000 | 0000 0000 | 49c7 87a8 | 0300 0000 | 0000 00c5 | f877 418a | 9f81 0400 
  0x000001641bf3acc0: 0041 c687 | 8104 0000 | 0048 8b4d | e88b 4928 | f6c1 200f | 8497 0000 | 00f6 c3ff | 0f85 3401 
  0x000001641bf3ace0: 0000 488d | 55a8 488b | 4208 4885 | c00f 8505 | 0000 00e9 | 7800 0000 | 4c89 6dc0 | 488d 024c 
  0x000001641bf3ad00: 8b4a 0848 | c742 0800 | 0000 004c | 8b00 4d85 | c00f 840b | 0000 00f0 | 4d0f b101 | 0f85 0c00 
  0x000001641bf3ad20: 0000 49ff | 8f58 0500 | 00e9 3e00 | 0000 4c89 | 4a08 488b | ca48 83ec | 2040 f6c4 | 0f0f 8419 
  0x000001641bf3ad40: 0000 0048 | 83ec 0848 | b8c0 bac4 | 39fb 7f00 | 00ff d048 | 83c4 08e9 | 0c00 0000 | 48b8 c0ba 
  0x000001641bf3ad60: c439 fb7f | 0000 ffd0 | 4883 c420 | 4c8b 6dc0 | 488b 55b8 | 488d 54d5 | 0048 8d5d | b8e9 8f00 
  0x000001641bf3ad80: 0000 488b | d24c 896d | c048 8d02 | 4c8b 4a08 | 48c7 4208 | 0000 0000 | 4c8b 004d | 85c0 0f84 
  0x000001641bf3ada0: 0b00 0000 | f04d 0fb1 | 010f 850c | 0000 0049 | ff8f 5805 | 0000 e93e | 0000 004c | 894a 0848 
  0x000001641bf3adc0: 8bca 4883 | ec20 40f6 | c40f 0f84 | 1900 0000 | 4883 ec08 | 48b8 c0ba | c439 fb7f | 0000 ffd0 
  0x000001641bf3ade0: 4883 c408 | e90c 0000 | 0048 b8c0 | bac4 39fb | 7f00 00ff | d048 83c4 | 204c 8b6d | c0e9 6eff 
  0x000001641bf3ae00: ffff 4883 | 7a08 000f | 8575 ffff | ff48 83c2 | 1048 3bd3 | 75ec 49ba | 9c30 4b3a | fb7f 0000 
  0x000001641bf3ae20: 4180 3a00 | 0f84 3e00 | 0000 488b | 55e8 498b | cf48 83ec | 2040 f6c4 | 0f0f 8419 | 0000 0048 
  0x000001641bf3ae40: 83ec 0848 | b840 b5fb | 39fb 7f00 | 00ff d048 | 83c4 08e9 | 0c00 0000 | 48b8 40b5 | fb39 fb7f 
  0x000001641bf3ae60: 0000 ffd0 | 4883 c420 | 488b 5df8 | c95a 488b | e349 3ba7 | 4805 0000 | 720b 49c7 | 8748 0500 
  0x000001641bf3ae80: 0000 0000 | 0041 c787 | 3405 0000 | 0400 0000 | ffe2 493b | af58 0400 | 000f 8705 | 0000 00e9 
  0x000001641bf3aea0: 8000 0000 | c5f8 7749 | 89af b003 | 0000 49ba | a4ae f31b | 6401 0000 | 4d89 97a8 | 0300 0049 
  0x000001641bf3aec0: 89a7 a003 | 0000 498b | cf48 83ec | 2040 f6c4 | 0f0f 8419 | 0000 0048 | 83ec 0848 | b850 a3c4 
  0x000001641bf3aee0: 39fb 7f00 | 00ff d048 | 83c4 08e9 | 0c00 0000 | 48b8 50a3 | c439 fb7f | 0000 ffd0 | 4883 c420 
  0x000001641bf3af00: 49c7 87a0 | 0300 0000 | 0000 0049 | c787 b003 | 0000 0000 | 0000 49c7 | 87a8 0300 | 0000 0000 
  0x000001641bf3af20: 00c5 f877 | 418a 9f81 | 0400 0041 | c687 8104 | 0000 0048 | 8b4d e88b | 4928 f6c1 | 200f 8497 
  0x000001641bf3af40: 0000 00f6 | c3ff 0f85 | 3401 0000 | 488d 55a8 | 488b 4208 | 4885 c00f | 8505 0000 | 00e9 7800 
  0x000001641bf3af60: 0000 4c89 | 6dc0 488d | 024c 8b4a | 0848 c742 | 0800 0000 | 004c 8b00 | 4d85 c00f | 840b 0000 
  0x000001641bf3af80: 00f0 4d0f | b101 0f85 | 0c00 0000 | 49ff 8f58 | 0500 00e9 | 3e00 0000 | 4c89 4a08 | 488b ca48 
  0x000001641bf3afa0: 83ec 2040 | f6c4 0f0f | 8419 0000 | 0048 83ec | 0848 b8c0 | bac4 39fb | 7f00 00ff | d048 83c4 
  0x000001641bf3afc0: 08e9 0c00 | 0000 48b8 | c0ba c439 | fb7f 0000 | ffd0 4883 | c420 4c8b | 6dc0 488b | 55b8 488d 
  0x000001641bf3afe0: 54d5 0048 | 8d5d b8e9 | 8f00 0000 | 488b d24c | 896d c048 | 8d02 4c8b | 4a08 48c7 | 4208 0000 
  0x000001641bf3b000: 0000 4c8b | 004d 85c0 | 0f84 0b00 | 0000 f04d | 0fb1 010f | 850c 0000 | 0049 ff8f | 5805 0000 
  0x000001641bf3b020: e93e 0000 | 004c 894a | 0848 8bca | 4883 ec20 | 40f6 c40f | 0f84 1900 | 0000 4883 | ec08 48b8 
  0x000001641bf3b040: c0ba c439 | fb7f 0000 | ffd0 4883 | c408 e90c | 0000 0048 | b8c0 bac4 | 39fb 7f00 | 00ff d048 
  0x000001641bf3b060: 83c4 204c | 8b6d c0e9 | 6eff ffff | 4883 7a08 | 000f 8575 | ffff ff48 | 83c2 1048 | 3bd3 75ec 
  0x000001641bf3b080: 49ba 9c30 | 4b3a fb7f | 0000 4180 | 3a00 0f84 | 3e00 0000 | 488b 55e8 | 498b cf48 | 83ec 2040 
  0x000001641bf3b0a0: f6c4 0f0f | 8419 0000 | 0048 83ec | 0848 b840 | b5fb 39fb | 7f00 00ff | d048 83c4 | 08e9 0c00 
  0x000001641bf3b0c0: 0000 48b8 | 40b5 fb39 | fb7f 0000 | ffd0 4883 | c420 488b | 5df8 c95a | 488b e349 | 3ba7 4805 
  0x000001641bf3b0e0: 0000 720b | 49c7 8748 | 0500 0000 | 0000 0048 | 8bd4 4c8b | 45f0 4e8d | 44c5 00c5 | f877 4989 
  0x000001641bf3b100: afb0 0300 | 0049 bafb | b0f3 1b64 | 0100 004d | 8997 a803 | 0000 4989 | a7a0 0300 | 0049 8bcf 
  0x000001641bf3b120: 4883 ec20 | 40f6 c40f | 0f84 1900 | 0000 4883 | ec08 48b8 | 90c1 c439 | fb7f 0000 | ffd0 4883 
  0x000001641bf3b140: c408 e90c | 0000 0048 | b890 c1c4 | 39fb 7f00 | 00ff d048 | 83c4 2049 | c787 a003 | 0000 0000 
  0x000001641bf3b160: 0000 49c7 | 87b0 0300 | 0000 0000 | 0049 c787 | a803 0000 | 0000 0000 | c5f8 7748 | 8b4d f048 
  0x000001641bf3b180: 8d64 cd00 | 48c7 45f0 | 0000 0000 | 4c8b 6dc0 | 4c8b 75c8 | 4e8d 74f5 | 0050 5348 | 8b5d e848 
  0x000001641bf3b1a0: 8b43 1048 | 85c0 0f84 | 4b00 0000 | 498b d548 | 8bcb 4883 | ec20 40f6 | c40f 0f84 | 1900 0000 
  0x000001641bf3b1c0: 4883 ec08 | 48b8 60a3 | c439 fb7f | 0000 ffd0 | 4883 c408 | e90c 0000 | 0048 b860 | a3c4 39fb 
  0x000001641bf3b1e0: 7f00 00ff | d048 83c4 | 2048 8b5b | 1048 81c3 | 1001 0000 | 4803 c348 | 8945 d85b | 5841 c787 
  0x000001641bf3b200: 3405 0000 | 0000 0000 | 4180 7d00 | b80f 85ce | 0000 0048 | 8b55 e849 | 8b06 e805 | 0000 00e9 
  0x000001641bf3b220: b100 0000 | 4d8b cd4c | 8bc2 488b | d048 8d44 | 2408 4c89 | 6dc0 498b | cfc5 f877 | 4989 afb0 
  0x000001641bf3b240: 0300 0049 | 8987 a003 | 0000 4883 | ec20 40f6 | c40f 0f84 | 1900 0000 | 4883 ec08 | 48b8 f0b6 
  0x000001641bf3b260: c439 fb7f | 0000 ffd0 | 4883 c408 | e90c 0000 | 0048 b8f0 | b6c4 39fb | 7f00 00ff | d048 83c4 
  0x000001641bf3b280: 2049 c787 | a003 0000 | 0000 0000 | 49c7 87b0 | 0300 0000 | 0000 0049 | c787 a803 | 0000 0000 
  0x000001641bf3b2a0: 0000 c5f8 | 7749 837f | 0800 0f84 | 0500 0000 | e94b 5cff | ff49 8b87 | f803 0000 | 49c7 87f8 
  0x000001641bf3b2c0: 0300 0000 | 0000 004c | 8b6d c04c | 8b75 c84e | 8d74 f500 | c348 85c0 | 0f84 0300 | 0000 4889 
  0x000001641bf3b2e0: 0341 0fb6 | 5d00 49ba | f001 4f3a | fb7f 0000 | 41ff 24da | 5849 8987 | f803 0000 | 493b af58 
  0x000001641bf3b300: 0400 000f | 8705 0000 | 00e9 8000 | 0000 c5f8 | 7749 89af | b003 0000 | 49ba 0eb3 | f31b 6401 
  0x000001641bf3b320: 0000 4d89 | 97a8 0300 | 0049 89a7 | a003 0000 | 498b cf48 | 83ec 2040 | f6c4 0f0f | 8419 0000 
  0x000001641bf3b340: 0048 83ec | 0848 b850 | a3c4 39fb | 7f00 00ff | d048 83c4 | 08e9 0c00 | 0000 48b8 | 50a3 c439 
  0x000001641bf3b360: fb7f 0000 | ffd0 4883 | c420 49c7 | 87a0 0300 | 0000 0000 | 0049 c787 | b003 0000 | 0000 0000 
  0x000001641bf3b380: 49c7 87a8 | 0300 0000 | 0000 00c5 | f877 418a | 9f81 0400 | 0041 c687 | 8104 0000 | 0048 8b4d 
  0x000001641bf3b3a0: e88b 4928 | f6c1 200f | 8437 0100 | 00f6 c3ff | 0f85 7402 | 0000 488d | 55a8 488b | 4208 4885 
  0x000001641bf3b3c0: c00f 85a5 | 0000 00e8 | 0500 0000 | e996 0000 | 0048 8d44 | 2408 4c89 | 6dc0 498b | cfc5 f877 
  0x000001641bf3b3e0: 4989 afb0 | 0300 0049 | 8987 a003 | 0000 4883 | ec20 40f6 | c40f 0f84 | 1900 0000 | 4883 ec08 
  0x000001641bf3b400: 48b8 50be | c439 fb7f | 0000 ffd0 | 4883 c408 | e90c 0000 | 0048 b850 | bec4 39fb | 7f00 00ff 
  0x000001641bf3b420: d048 83c4 | 2049 c787 | a003 0000 | 0000 0000 | 49c7 87b0 | 0300 0000 | 0000 0049 | c787 a803 
  0x000001641bf3b440: 0000 0000 | 0000 c5f8 | 7749 837f | 0800 0f84 | 0500 0000 | e9a7 5aff | ff4c 8b6d | c04c 8b75 
  0x000001641bf3b460: c84e 8d74 | f500 c3e9 | 7800 0000 | 4c89 6dc0 | 488d 024c | 8b4a 0848 | c742 0800 | 0000 004c 
  0x000001641bf3b480: 8b00 4d85 | c00f 840b | 0000 00f0 | 4d0f b101 | 0f85 0c00 | 0000 49ff | 8f58 0500 | 00e9 3e00 
  0x000001641bf3b4a0: 0000 4c89 | 4a08 488b | ca48 83ec | 2040 f6c4 | 0f0f 8419 | 0000 0048 | 83ec 0848 | b8c0 bac4 
  0x000001641bf3b4c0: 39fb 7f00 | 00ff d048 | 83c4 08e9 | 0c00 0000 | 48b8 c0ba | c439 fb7f | 0000 ffd0 | 4883 c420 
  0x000001641bf3b4e0: 4c8b 6dc0 | 488b 55b8 | 488d 54d5 | 0048 8d5d | b8e9 2f01 | 0000 488b | d24c 896d | c048 8d02 
  0x000001641bf3b500: 4c8b 4a08 | 48c7 4208 | 0000 0000 | 4c8b 004d | 85c0 0f84 | 0b00 0000 | f04d 0fb1 | 010f 850c 
  0x000001641bf3b520: 0000 0049 | ff8f 5805 | 0000 e93e | 0000 004c | 894a 0848 | 8bca 4883 | ec20 40f6 | c40f 0f84 
  0x000001641bf3b540: 1900 0000 | 4883 ec08 | 48b8 c0ba | c439 fb7f | 0000 ffd0 | 4883 c408 | e90c 0000 | 0048 b8c0 
  0x000001641bf3b560: bac4 39fb | 7f00 00ff | d048 83c4 | 204c 8b6d | c0e8 0500 | 0000 e996 | 0000 0048 | 8d44 2408 
  0x000001641bf3b580: 4c89 6dc0 | 498b cfc5 | f877 4989 | afb0 0300 | 0049 8987 | a003 0000 | 4883 ec20 | 40f6 c40f 
  0x000001641bf3b5a0: 0f84 1900 | 0000 4883 | ec08 48b8 | 50be c439 | fb7f 0000 | ffd0 4883 | c408 e90c | 0000 0048 
  0x000001641bf3b5c0: b850 bec4 | 39fb 7f00 | 00ff d048 | 83c4 2049 | c787 a003 | 0000 0000 | 0000 49c7 | 87b0 0300 
  0x000001641bf3b5e0: 0000 0000 | 0049 c787 | a803 0000 | 0000 0000 | c5f8 7749 | 837f 0800 | 0f84 0500 | 0000 e9fd 
  0x000001641bf3b600: 58ff ff4c | 8b6d c04c | 8b75 c84e | 8d74 f500 | c3e9 cefe | ffff 4883 | 7a08 000f | 85d5 feff 
  0x000001641bf3b620: ff48 83c2 | 1048 3bd3 | 75ec 49ba | 9c30 4b3a | fb7f 0000 | 4180 3a00 | 0f84 3e00 | 0000 488b 
  0x000001641bf3b640: 55e8 498b | cf48 83ec | 2040 f6c4 | 0f0f 8419 | 0000 0048 | 83ec 0848 | b840 b5fb | 39fb 7f00 
  0x000001641bf3b660: 00ff d048 | 83c4 08e9 | 0c00 0000 | 48b8 40b5 | fb39 fb7f | 0000 ffd0 | 4883 c420 | 488b 5df8 
  0x000001641bf3b680: c95a 488b | e349 3ba7 | 4805 0000 | 720b 49c7 | 8748 0500 | 0000 0000 | 0049 8b87 | f803 0000 
  0x000001641bf3b6a0: 49c7 87f8 | 0300 0000 | 0000 0050 | 5249 8bcf | 4883 ec20 | 40f6 c40f | 0f84 1900 | 0000 4883 
  0x000001641bf3b6c0: ec08 48b8 | 00b6 fb39 | fb7f 0000 | ffd0 4883 | c408 e90c | 0000 0048 | b800 b6fb | 39fb 7f00 
  0x000001641bf3b6e0: 00ff d048 | 83c4 2048 | 8bd8 5a58 | ffe3 6690 
[/MachCode]

---------------  P R O C E S S  ---------------

Threads class SMR info:
_java_thread_list=0x000001646e400db0, length=10, elements={
0x000001640a3ce6d0, 0x0000016428e8eba0, 0x0000016428e8fac0, 0x0000016428e96f90,
0x0000016428e99c60, 0x0000016428e9cb60, 0x0000016428e9de90, 0x0000016428ea3a00,
0x0000016428ea8d90, 0x000001646e0f38a0
}

Java Threads: ( => current thread )
=>0x000001640a3ce6d0 JavaThread "main"                              [_thread_in_vm, id=16068, stack(0x0000001de1800000,0x0000001de1900000) (1024K)]
  0x0000016428e8eba0 JavaThread "Reference Handler"          daemon [_thread_blocked, id=14276, stack(0x0000001de2000000,0x0000001de2100000) (1024K)]
  0x0000016428e8fac0 JavaThread "Finalizer"                  daemon [_thread_blocked, id=7676, stack(0x0000001de2100000,0x0000001de2200000) (1024K)]
  0x0000016428e96f90 JavaThread "Signal Dispatcher"          daemon [_thread_blocked, id=10588, stack(0x0000001de2200000,0x0000001de2300000) (1024K)]
  0x0000016428e99c60 JavaThread "Attach Listener"            daemon [_thread_blocked, id=7852, stack(0x0000001de2300000,0x0000001de2400000) (1024K)]
  0x0000016428e9cb60 JavaThread "Service Thread"             daemon [_thread_blocked, id=12080, stack(0x0000001de2400000,0x0000001de2500000) (1024K)]
  0x0000016428e9de90 JavaThread "Monitor Deflation Thread"   daemon [_thread_blocked, id=9184, stack(0x0000001de2500000,0x0000001de2600000) (1024K)]
  0x0000016428ea3a00 JavaThread "C2 CompilerThread0"         daemon [_thread_blocked, id=5196, stack(0x0000001de2600000,0x0000001de2700000) (1024K)]
  0x0000016428ea8d90 JavaThread "C1 CompilerThread0"         daemon [_thread_blocked, id=15876, stack(0x0000001de2700000,0x0000001de2800000) (1024K)]
  0x000001646e0f38a0 JavaThread "Notification Thread"        daemon [_thread_blocked, id=5892, stack(0x0000001de2800000,0x0000001de2900000) (1024K)]
Total: 10

Other Threads:
  0x0000016428e73e90 VMThread "VM Thread"                           [id=11056, stack(0x0000001de1f00000,0x0000001de2000000) (1024K)]
  0x0000016428e5ad70 WatcherThread "VM Periodic Task Thread"        [id=16704, stack(0x0000001de1e00000,0x0000001de1f00000) (1024K)]
  0x000001640c70fb30 WorkerThread "GC Thread#0"                     [id=10224, stack(0x0000001de1900000,0x0000001de1a00000) (1024K)]
  0x000001640c720620 ConcurrentGCThread "G1 Main Marker"            [id=2968, stack(0x0000001de1a00000,0x0000001de1b00000) (1024K)]
  0x000001640c7212e0 WorkerThread "G1 Conc#0"                       [id=2076, stack(0x0000001de1b00000,0x0000001de1c00000) (1024K)]
  0x0000016428d2f140 ConcurrentGCThread "G1 Refine#0"               [id=16964, stack(0x0000001de1c00000,0x0000001de1d00000) (1024K)]
  0x0000016428d2fbd0 ConcurrentGCThread "G1 Service"                [id=13888, stack(0x0000001de1d00000,0x0000001de1e00000) (1024K)]
Total: 7

Threads with active compile tasks:
Total: 0

VM state: not at safepoint (normal execution)

VM Mutex/Monitor currently owned by a thread:  ([mutex/lock_event])
[0x00007ffb3a4d9b38] Metaspace_lock - owner thread: 0x000001640a3ce6d0

OutOfMemory and StackOverflow Exception counts:
OutOfMemoryError java_heap_errors=2

Heap address: 0x0000000082800000, size: 2008 MB, Compressed Oops mode: 32-bit

CDS archive(s) mapped at: [0x0000016429000000-0x0000016429c50000-0x0000016429c50000), size 12910592, SharedBaseAddress: 0x0000016429000000, ArchiveRelocationMode: 1.
Compressed class space mapped at: 0x000001642a000000-0x000001646a000000, reserved size: 1073741824
Narrow klass base: 0x0000016429000000, Narrow klass shift: 0, Narrow klass range: 0x41000000

GC Precious Log:
 CardTable entry size: 512
 Card Set container configuration: InlinePtr #cards 5 size 8 Array Of Cards #cards 12 size 40 Howl #buckets 4 coarsen threshold 1843 Howl Bitmap #cards 512 size 80 coarsen threshold 460 Card regions per heap region 1 cards per card region 2048
 CPUs: 8 total, 8 available
 Memory: 8029M
 Large Page Support: Disabled
 NUMA Support: Disabled
 Compressed Oops: Enabled (32-bit)
 Heap Region Size: 1M
 Heap Min Capacity: 8M
 Heap Initial Capacity: 126M
 Heap Max Capacity: 2008M
 Pre-touch: Disabled
 Parallel Workers: 8
 Concurrent Workers: 2
 Concurrent Refinement Workers: 8
 Periodic GC: Disabled

Heap:
 garbage-first heap   total reserved 2056192K, committed 129024K, used 1024K [0x0000000082800000, 0x0000000100000000)
  region size 1024K, 2 young (2048K), 0 survivors (0K)
 Metaspace       used 131K, committed 192K, reserved 1114112K
  class space    used 3K, committed 64K, reserved 1048576K

Heap Regions: E=young(eden), S=young(survivor), O=old, HS=humongous(starts), HC=humongous(continues), CS=collection set, F=free, TAMS=top-at-mark-start, PB=parsable bottom
|   0|0x0000000082800000, 0x0000000082800000, 0x0000000082900000|  0%| F|  |TAMS 0x0000000082800000| PB 0x0000000082800000| Untracked |  0
|   1|0x0000000082900000, 0x0000000082900000, 0x0000000082a00000|  0%| F|  |TAMS 0x0000000082900000| PB 0x0000000082900000| Untracked |  0
|   2|0x0000000082a00000, 0x0000000082a00000, 0x0000000082b00000|  0%| F|  |TAMS 0x0000000082a00000| PB 0x0000000082a00000| Untracked |  0
|   3|0x0000000082b00000, 0x0000000082b00000, 0x0000000082c00000|  0%| F|  |TAMS 0x0000000082b00000| PB 0x0000000082b00000| Untracked |  0
|   4|0x0000000082c00000, 0x0000000082c00000, 0x0000000082d00000|  0%| F|  |TAMS 0x0000000082c00000| PB 0x0000000082c00000| Untracked |  0
|   5|0x0000000082d00000, 0x0000000082d00000, 0x0000000082e00000|  0%| F|  |TAMS 0x0000000082d00000| PB 0x0000000082d00000| Untracked |  0
|   6|0x0000000082e00000, 0x0000000082e00000, 0x0000000082f00000|  0%| F|  |TAMS 0x0000000082e00000| PB 0x0000000082e00000| Untracked |  0
|   7|0x0000000082f00000, 0x0000000082f00000, 0x0000000083000000|  0%| F|  |TAMS 0x0000000082f00000| PB 0x0000000082f00000| Untracked |  0
|   8|0x0000000083000000, 0x0000000083000000, 0x0000000083100000|  0%| F|  |TAMS 0x0000000083000000| PB 0x0000000083000000| Untracked |  0
|   9|0x0000000083100000, 0x0000000083100000, 0x0000000083200000|  0%| F|  |TAMS 0x0000000083100000| PB 0x0000000083100000| Untracked |  0
|  10|0x0000000083200000, 0x0000000083200000, 0x0000000083300000|  0%| F|  |TAMS 0x0000000083200000| PB 0x0000000083200000| Untracked |  0
|  11|0x0000000083300000, 0x0000000083300000, 0x0000000083400000|  0%| F|  |TAMS 0x0000000083300000| PB 0x0000000083300000| Untracked |  0
|  12|0x0000000083400000, 0x0000000083400000, 0x0000000083500000|  0%| F|  |TAMS 0x0000000083400000| PB 0x0000000083400000| Untracked |  0
|  13|0x0000000083500000, 0x0000000083500000, 0x0000000083600000|  0%| F|  |TAMS 0x0000000083500000| PB 0x0000000083500000| Untracked |  0
|  14|0x0000000083600000, 0x0000000083600000, 0x0000000083700000|  0%| F|  |TAMS 0x0000000083600000| PB 0x0000000083600000| Untracked |  0
|  15|0x0000000083700000, 0x0000000083700000, 0x0000000083800000|  0%| F|  |TAMS 0x0000000083700000| PB 0x0000000083700000| Untracked |  0
|  16|0x0000000083800000, 0x0000000083800000, 0x0000000083900000|  0%| F|  |TAMS 0x0000000083800000| PB 0x0000000083800000| Untracked |  0
|  17|0x0000000083900000, 0x0000000083900000, 0x0000000083a00000|  0%| F|  |TAMS 0x0000000083900000| PB 0x0000000083900000| Untracked |  0
|  18|0x0000000083a00000, 0x0000000083a00000, 0x0000000083b00000|  0%| F|  |TAMS 0x0000000083a00000| PB 0x0000000083a00000| Untracked |  0
|  19|0x0000000083b00000, 0x0000000083b00000, 0x0000000083c00000|  0%| F|  |TAMS 0x0000000083b00000| PB 0x0000000083b00000| Untracked |  0
|  20|0x0000000083c00000, 0x0000000083c00000, 0x0000000083d00000|  0%| F|  |TAMS 0x0000000083c00000| PB 0x0000000083c00000| Untracked |  0
|  21|0x0000000083d00000, 0x0000000083d00000, 0x0000000083e00000|  0%| F|  |TAMS 0x0000000083d00000| PB 0x0000000083d00000| Untracked |  0
|  22|0x0000000083e00000, 0x0000000083e00000, 0x0000000083f00000|  0%| F|  |TAMS 0x0000000083e00000| PB 0x0000000083e00000| Untracked |  0
|  23|0x0000000083f00000, 0x0000000083f00000, 0x0000000084000000|  0%| F|  |TAMS 0x0000000083f00000| PB 0x0000000083f00000| Untracked |  0
|  24|0x0000000084000000, 0x0000000084000000, 0x0000000084100000|  0%| F|  |TAMS 0x0000000084000000| PB 0x0000000084000000| Untracked |  0
|  25|0x0000000084100000, 0x0000000084100000, 0x0000000084200000|  0%| F|  |TAMS 0x0000000084100000| PB 0x0000000084100000| Untracked |  0
|  26|0x0000000084200000, 0x0000000084200000, 0x0000000084300000|  0%| F|  |TAMS 0x0000000084200000| PB 0x0000000084200000| Untracked |  0
|  27|0x0000000084300000, 0x0000000084300000, 0x0000000084400000|  0%| F|  |TAMS 0x0000000084300000| PB 0x0000000084300000| Untracked |  0
|  28|0x0000000084400000, 0x0000000084400000, 0x0000000084500000|  0%| F|  |TAMS 0x0000000084400000| PB 0x0000000084400000| Untracked |  0
|  29|0x0000000084500000, 0x0000000084500000, 0x0000000084600000|  0%| F|  |TAMS 0x0000000084500000| PB 0x0000000084500000| Untracked |  0
|  30|0x0000000084600000, 0x0000000084600000, 0x0000000084700000|  0%| F|  |TAMS 0x0000000084600000| PB 0x0000000084600000| Untracked |  0
|  31|0x0000000084700000, 0x0000000084700000, 0x0000000084800000|  0%| F|  |TAMS 0x0000000084700000| PB 0x0000000084700000| Untracked |  0
|  32|0x0000000084800000, 0x0000000084800000, 0x0000000084900000|  0%| F|  |TAMS 0x0000000084800000| PB 0x0000000084800000| Untracked |  0
|  33|0x0000000084900000, 0x0000000084900000, 0x0000000084a00000|  0%| F|  |TAMS 0x0000000084900000| PB 0x0000000084900000| Untracked |  0
|  34|0x0000000084a00000, 0x0000000084a00000, 0x0000000084b00000|  0%| F|  |TAMS 0x0000000084a00000| PB 0x0000000084a00000| Untracked |  0
|  35|0x0000000084b00000, 0x0000000084b00000, 0x0000000084c00000|  0%| F|  |TAMS 0x0000000084b00000| PB 0x0000000084b00000| Untracked |  0
|  36|0x0000000084c00000, 0x0000000084c00000, 0x0000000084d00000|  0%| F|  |TAMS 0x0000000084c00000| PB 0x0000000084c00000| Untracked |  0
|  37|0x0000000084d00000, 0x0000000084d00000, 0x0000000084e00000|  0%| F|  |TAMS 0x0000000084d00000| PB 0x0000000084d00000| Untracked |  0
|  38|0x0000000084e00000, 0x0000000084e00000, 0x0000000084f00000|  0%| F|  |TAMS 0x0000000084e00000| PB 0x0000000084e00000| Untracked |  0
|  39|0x0000000084f00000, 0x0000000084f00000, 0x0000000085000000|  0%| F|  |TAMS 0x0000000084f00000| PB 0x0000000084f00000| Untracked |  0
|  40|0x0000000085000000, 0x0000000085000000, 0x0000000085100000|  0%| F|  |TAMS 0x0000000085000000| PB 0x0000000085000000| Untracked |  0
|  41|0x0000000085100000, 0x0000000085100000, 0x0000000085200000|  0%| F|  |TAMS 0x0000000085100000| PB 0x0000000085100000| Untracked |  0
|  42|0x0000000085200000, 0x0000000085200000, 0x0000000085300000|  0%| F|  |TAMS 0x0000000085200000| PB 0x0000000085200000| Untracked |  0
|  43|0x0000000085300000, 0x0000000085300000, 0x0000000085400000|  0%| F|  |TAMS 0x0000000085300000| PB 0x0000000085300000| Untracked |  0
|  44|0x0000000085400000, 0x0000000085400000, 0x0000000085500000|  0%| F|  |TAMS 0x0000000085400000| PB 0x0000000085400000| Untracked |  0
|  45|0x0000000085500000, 0x0000000085500000, 0x0000000085600000|  0%| F|  |TAMS 0x0000000085500000| PB 0x0000000085500000| Untracked |  0
|  46|0x0000000085600000, 0x0000000085600000, 0x0000000085700000|  0%| F|  |TAMS 0x0000000085600000| PB 0x0000000085600000| Untracked |  0
|  47|0x0000000085700000, 0x0000000085700000, 0x0000000085800000|  0%| F|  |TAMS 0x0000000085700000| PB 0x0000000085700000| Untracked |  0
|  48|0x0000000085800000, 0x0000000085800000, 0x0000000085900000|  0%| F|  |TAMS 0x0000000085800000| PB 0x0000000085800000| Untracked |  0
|  49|0x0000000085900000, 0x0000000085900000, 0x0000000085a00000|  0%| F|  |TAMS 0x0000000085900000| PB 0x0000000085900000| Untracked |  0
|  50|0x0000000085a00000, 0x0000000085a00000, 0x0000000085b00000|  0%| F|  |TAMS 0x0000000085a00000| PB 0x0000000085a00000| Untracked |  0
|  51|0x0000000085b00000, 0x0000000085b00000, 0x0000000085c00000|  0%| F|  |TAMS 0x0000000085b00000| PB 0x0000000085b00000| Untracked |  0
|  52|0x0000000085c00000, 0x0000000085c00000, 0x0000000085d00000|  0%| F|  |TAMS 0x0000000085c00000| PB 0x0000000085c00000| Untracked |  0
|  53|0x0000000085d00000, 0x0000000085d00000, 0x0000000085e00000|  0%| F|  |TAMS 0x0000000085d00000| PB 0x0000000085d00000| Untracked |  0
|  54|0x0000000085e00000, 0x0000000085e00000, 0x0000000085f00000|  0%| F|  |TAMS 0x0000000085e00000| PB 0x0000000085e00000| Untracked |  0
|  55|0x0000000085f00000, 0x0000000085f00000, 0x0000000086000000|  0%| F|  |TAMS 0x0000000085f00000| PB 0x0000000085f00000| Untracked |  0
|  56|0x0000000086000000, 0x0000000086000000, 0x0000000086100000|  0%| F|  |TAMS 0x0000000086000000| PB 0x0000000086000000| Untracked |  0
|  57|0x0000000086100000, 0x0000000086100000, 0x0000000086200000|  0%| F|  |TAMS 0x0000000086100000| PB 0x0000000086100000| Untracked |  0
|  58|0x0000000086200000, 0x0000000086200000, 0x0000000086300000|  0%| F|  |TAMS 0x0000000086200000| PB 0x0000000086200000| Untracked |  0
|  59|0x0000000086300000, 0x0000000086300000, 0x0000000086400000|  0%| F|  |TAMS 0x0000000086300000| PB 0x0000000086300000| Untracked |  0
|  60|0x0000000086400000, 0x0000000086400000, 0x0000000086500000|  0%| F|  |TAMS 0x0000000086400000| PB 0x0000000086400000| Untracked |  0
|  61|0x0000000086500000, 0x0000000086500000, 0x0000000086600000|  0%| F|  |TAMS 0x0000000086500000| PB 0x0000000086500000| Untracked |  0
|  62|0x0000000086600000, 0x0000000086600000, 0x0000000086700000|  0%| F|  |TAMS 0x0000000086600000| PB 0x0000000086600000| Untracked |  0
|  63|0x0000000086700000, 0x0000000086700000, 0x0000000086800000|  0%| F|  |TAMS 0x0000000086700000| PB 0x0000000086700000| Untracked |  0
|  64|0x0000000086800000, 0x0000000086800000, 0x0000000086900000|  0%| F|  |TAMS 0x0000000086800000| PB 0x0000000086800000| Untracked |  0
|  65|0x0000000086900000, 0x0000000086900000, 0x0000000086a00000|  0%| F|  |TAMS 0x0000000086900000| PB 0x0000000086900000| Untracked |  0
|  66|0x0000000086a00000, 0x0000000086a00000, 0x0000000086b00000|  0%| F|  |TAMS 0x0000000086a00000| PB 0x0000000086a00000| Untracked |  0
|  67|0x0000000086b00000, 0x0000000086b00000, 0x0000000086c00000|  0%| F|  |TAMS 0x0000000086b00000| PB 0x0000000086b00000| Untracked |  0
|  68|0x0000000086c00000, 0x0000000086c00000, 0x0000000086d00000|  0%| F|  |TAMS 0x0000000086c00000| PB 0x0000000086c00000| Untracked |  0
|  69|0x0000000086d00000, 0x0000000086d00000, 0x0000000086e00000|  0%| F|  |TAMS 0x0000000086d00000| PB 0x0000000086d00000| Untracked |  0
|  70|0x0000000086e00000, 0x0000000086e00000, 0x0000000086f00000|  0%| F|  |TAMS 0x0000000086e00000| PB 0x0000000086e00000| Untracked |  0
|  71|0x0000000086f00000, 0x0000000086f00000, 0x0000000087000000|  0%| F|  |TAMS 0x0000000086f00000| PB 0x0000000086f00000| Untracked |  0
|  72|0x0000000087000000, 0x0000000087000000, 0x0000000087100000|  0%| F|  |TAMS 0x0000000087000000| PB 0x0000000087000000| Untracked |  0
|  73|0x0000000087100000, 0x0000000087100000, 0x0000000087200000|  0%| F|  |TAMS 0x0000000087100000| PB 0x0000000087100000| Untracked |  0
|  74|0x0000000087200000, 0x0000000087200000, 0x0000000087300000|  0%| F|  |TAMS 0x0000000087200000| PB 0x0000000087200000| Untracked |  0
|  75|0x0000000087300000, 0x0000000087300000, 0x0000000087400000|  0%| F|  |TAMS 0x0000000087300000| PB 0x0000000087300000| Untracked |  0
|  76|0x0000000087400000, 0x0000000087400000, 0x0000000087500000|  0%| F|  |TAMS 0x0000000087400000| PB 0x0000000087400000| Untracked |  0
|  77|0x0000000087500000, 0x0000000087500000, 0x0000000087600000|  0%| F|  |TAMS 0x0000000087500000| PB 0x0000000087500000| Untracked |  0
|  78|0x0000000087600000, 0x0000000087600000, 0x0000000087700000|  0%| F|  |TAMS 0x0000000087600000| PB 0x0000000087600000| Untracked |  0
|  79|0x0000000087700000, 0x0000000087700000, 0x0000000087800000|  0%| F|  |TAMS 0x0000000087700000| PB 0x0000000087700000| Untracked |  0
|  80|0x0000000087800000, 0x0000000087800000, 0x0000000087900000|  0%| F|  |TAMS 0x0000000087800000| PB 0x0000000087800000| Untracked |  0
|  81|0x0000000087900000, 0x0000000087900000, 0x0000000087a00000|  0%| F|  |TAMS 0x0000000087900000| PB 0x0000000087900000| Untracked |  0
|  82|0x0000000087a00000, 0x0000000087a00000, 0x0000000087b00000|  0%| F|  |TAMS 0x0000000087a00000| PB 0x0000000087a00000| Untracked |  0
|  83|0x0000000087b00000, 0x0000000087b00000, 0x0000000087c00000|  0%| F|  |TAMS 0x0000000087b00000| PB 0x0000000087b00000| Untracked |  0
|  84|0x0000000087c00000, 0x0000000087c00000, 0x0000000087d00000|  0%| F|  |TAMS 0x0000000087c00000| PB 0x0000000087c00000| Untracked |  0
|  85|0x0000000087d00000, 0x0000000087d00000, 0x0000000087e00000|  0%| F|  |TAMS 0x0000000087d00000| PB 0x0000000087d00000| Untracked |  0
|  86|0x0000000087e00000, 0x0000000087e00000, 0x0000000087f00000|  0%| F|  |TAMS 0x0000000087e00000| PB 0x0000000087e00000| Untracked |  0
|  87|0x0000000087f00000, 0x0000000087f00000, 0x0000000088000000|  0%| F|  |TAMS 0x0000000087f00000| PB 0x0000000087f00000| Untracked |  0
|  88|0x0000000088000000, 0x0000000088000000, 0x0000000088100000|  0%| F|  |TAMS 0x0000000088000000| PB 0x0000000088000000| Untracked |  0
|  89|0x0000000088100000, 0x0000000088100000, 0x0000000088200000|  0%| F|  |TAMS 0x0000000088100000| PB 0x0000000088100000| Untracked |  0
|  90|0x0000000088200000, 0x0000000088200000, 0x0000000088300000|  0%| F|  |TAMS 0x0000000088200000| PB 0x0000000088200000| Untracked |  0
|  91|0x0000000088300000, 0x0000000088300000, 0x0000000088400000|  0%| F|  |TAMS 0x0000000088300000| PB 0x0000000088300000| Untracked |  0
|  92|0x0000000088400000, 0x0000000088400000, 0x0000000088500000|  0%| F|  |TAMS 0x0000000088400000| PB 0x0000000088400000| Untracked |  0
|  93|0x0000000088500000, 0x0000000088500000, 0x0000000088600000|  0%| F|  |TAMS 0x0000000088500000| PB 0x0000000088500000| Untracked |  0
|  94|0x0000000088600000, 0x0000000088600000, 0x0000000088700000|  0%| F|  |TAMS 0x0000000088600000| PB 0x0000000088600000| Untracked |  0
|  95|0x0000000088700000, 0x0000000088700000, 0x0000000088800000|  0%| F|  |TAMS 0x0000000088700000| PB 0x0000000088700000| Untracked |  0
|  96|0x0000000088800000, 0x0000000088800000, 0x0000000088900000|  0%| F|  |TAMS 0x0000000088800000| PB 0x0000000088800000| Untracked |  0
|  97|0x0000000088900000, 0x0000000088900000, 0x0000000088a00000|  0%| F|  |TAMS 0x0000000088900000| PB 0x0000000088900000| Untracked |  0
|  98|0x0000000088a00000, 0x0000000088a00000, 0x0000000088b00000|  0%| F|  |TAMS 0x0000000088a00000| PB 0x0000000088a00000| Untracked |  0
|  99|0x0000000088b00000, 0x0000000088b00000, 0x0000000088c00000|  0%| F|  |TAMS 0x0000000088b00000| PB 0x0000000088b00000| Untracked |  0
| 100|0x0000000088c00000, 0x0000000088c00000, 0x0000000088d00000|  0%| F|  |TAMS 0x0000000088c00000| PB 0x0000000088c00000| Untracked |  0
| 101|0x0000000088d00000, 0x0000000088d00000, 0x0000000088e00000|  0%| F|  |TAMS 0x0000000088d00000| PB 0x0000000088d00000| Untracked |  0
| 102|0x0000000088e00000, 0x0000000088e00000, 0x0000000088f00000|  0%| F|  |TAMS 0x0000000088e00000| PB 0x0000000088e00000| Untracked |  0
| 103|0x0000000088f00000, 0x0000000088f00000, 0x0000000089000000|  0%| F|  |TAMS 0x0000000088f00000| PB 0x0000000088f00000| Untracked |  0
| 104|0x0000000089000000, 0x0000000089000000, 0x0000000089100000|  0%| F|  |TAMS 0x0000000089000000| PB 0x0000000089000000| Untracked |  0
| 105|0x0000000089100000, 0x0000000089100000, 0x0000000089200000|  0%| F|  |TAMS 0x0000000089100000| PB 0x0000000089100000| Untracked |  0
| 106|0x0000000089200000, 0x0000000089200000, 0x0000000089300000|  0%| F|  |TAMS 0x0000000089200000| PB 0x0000000089200000| Untracked |  0
| 107|0x0000000089300000, 0x0000000089300000, 0x0000000089400000|  0%| F|  |TAMS 0x0000000089300000| PB 0x0000000089300000| Untracked |  0
| 108|0x0000000089400000, 0x0000000089400000, 0x0000000089500000|  0%| F|  |TAMS 0x0000000089400000| PB 0x0000000089400000| Untracked |  0
| 109|0x0000000089500000, 0x0000000089500000, 0x0000000089600000|  0%| F|  |TAMS 0x0000000089500000| PB 0x0000000089500000| Untracked |  0
| 110|0x0000000089600000, 0x0000000089600000, 0x0000000089700000|  0%| F|  |TAMS 0x0000000089600000| PB 0x0000000089600000| Untracked |  0
| 111|0x0000000089700000, 0x0000000089700000, 0x0000000089800000|  0%| F|  |TAMS 0x0000000089700000| PB 0x0000000089700000| Untracked |  0
| 112|0x0000000089800000, 0x0000000089800000, 0x0000000089900000|  0%| F|  |TAMS 0x0000000089800000| PB 0x0000000089800000| Untracked |  0
| 113|0x0000000089900000, 0x0000000089900000, 0x0000000089a00000|  0%| F|  |TAMS 0x0000000089900000| PB 0x0000000089900000| Untracked |  0
| 114|0x0000000089a00000, 0x0000000089a00000, 0x0000000089b00000|  0%| F|  |TAMS 0x0000000089a00000| PB 0x0000000089a00000| Untracked |  0
| 115|0x0000000089b00000, 0x0000000089b00000, 0x0000000089c00000|  0%| F|  |TAMS 0x0000000089b00000| PB 0x0000000089b00000| Untracked |  0
| 116|0x0000000089c00000, 0x0000000089c00000, 0x0000000089d00000|  0%| F|  |TAMS 0x0000000089c00000| PB 0x0000000089c00000| Untracked |  0
| 117|0x0000000089d00000, 0x0000000089d00000, 0x0000000089e00000|  0%| F|  |TAMS 0x0000000089d00000| PB 0x0000000089d00000| Untracked |  0
| 118|0x0000000089e00000, 0x0000000089e00000, 0x0000000089f00000|  0%| F|  |TAMS 0x0000000089e00000| PB 0x0000000089e00000| Untracked |  0
| 119|0x0000000089f00000, 0x0000000089f00000, 0x000000008a000000|  0%| F|  |TAMS 0x0000000089f00000| PB 0x0000000089f00000| Untracked |  0
| 120|0x000000008a000000, 0x000000008a000000, 0x000000008a100000|  0%| F|  |TAMS 0x000000008a000000| PB 0x000000008a000000| Untracked |  0
| 121|0x000000008a100000, 0x000000008a100000, 0x000000008a200000|  0%| F|  |TAMS 0x000000008a100000| PB 0x000000008a100000| Untracked |  0
| 122|0x000000008a200000, 0x000000008a200000, 0x000000008a300000|  0%| F|  |TAMS 0x000000008a200000| PB 0x000000008a200000| Untracked |  0
| 123|0x000000008a300000, 0x000000008a300000, 0x000000008a400000|  0%| F|  |TAMS 0x000000008a300000| PB 0x000000008a300000| Untracked |  0
| 124|0x000000008a400000, 0x000000008a4f5c88, 0x000000008a500000| 96%| E|  |TAMS 0x000000008a400000| PB 0x000000008a400000| Complete |  0
| 125|0x000000008a500000, 0x000000008a600000, 0x000000008a600000|100%| E|CS|TAMS 0x000000008a500000| PB 0x000000008a500000| Complete |  0

Card table byte_map: [0x0000016424120000,0x0000016424510000] _byte_map_base: 0x0000016423d0c000

Marking Bits: (CMBitMap*) 0x000001640c710240
 Bits: [0x0000016424510000, 0x0000016426470000)

Polling page: 0x000001640a5f0000

Metaspace:

Usage:
  Non-class:    127.94 KB used.
      Class:      3.73 KB used.
       Both:    131.66 KB used.

Virtual space:
  Non-class space:       64.00 MB reserved,     128.00 KB ( <1%) committed,  1 nodes.
      Class space:        1.00 GB reserved,      64.00 KB ( <1%) committed,  1 nodes.
             Both:        1.06 GB reserved,     192.00 KB ( <1%) committed. 

Chunk freelists:
   Non-Class:  12.00 MB
       Class:  15.75 MB
        Both:  27.75 MB

MaxMetaspaceSize: unlimited
CompressedClassSpaceSize: 1.00 GB
Initial GC threshold: 21.00 MB
Current GC threshold: 21.00 MB
CDS: on
 - commit_granule_bytes: 65536.
 - commit_granule_words: 8192.
 - virtual_space_node_default_size: 8388608.
 - enlarge_chunks_in_place: 1.
 - use_allocation_guard: 0.


Internal statistics:

num_allocs_failed_limit: 0.
num_arena_births: 2.
num_arena_deaths: 0.
num_vsnodes_births: 2.
num_vsnodes_deaths: 0.
num_space_committed: 3.
num_space_uncommitted: 0.
num_chunks_returned_to_freelist: 0.
num_chunks_taken_from_freelist: 3.
num_chunk_merges: 0.
num_chunk_splits: 2.
num_chunks_enlarged: 0.
num_inconsistent_stats: 0.

CodeHeap 'non-profiled nmethods': size=120000Kb used=13Kb max_used=13Kb free=119986Kb
 bounds [0x000001641c4d0000, 0x000001641c740000, 0x0000016423a00000]
CodeHeap 'profiled nmethods': size=120000Kb used=84Kb max_used=84Kb free=119915Kb
 bounds [0x0000016414a00000, 0x0000016414c70000, 0x000001641bf30000]
CodeHeap 'non-nmethods': size=5760Kb used=1180Kb max_used=1184Kb free=4579Kb
 bounds [0x000001641bf30000, 0x000001641c1a0000, 0x000001641c4d0000]
 total_blobs=376 nmethods=66 adapters=215
 compilation: enabled
              stopped_count=0, restarted_count=0
 full_count=0

Compilation events (20 events):
Event: 0.051 Thread 0x0000016428ea8d90   47       1       java.lang.module.ResolvedModule::reference (5 bytes)
Event: 0.051 Thread 0x0000016428ea8d90 nmethod 47 0x000001641c4d2690 code [0x000001641c4d2820, 0x000001641c4d28e8]
Event: 0.051 Thread 0x0000016428ea8d90   37       3       java.util.ImmutableCollections$SetN::iterator (9 bytes)
Event: 0.051 Thread 0x0000016428ea8d90 nmethod 37 0x0000016414a13d90 code [0x0000016414a13f40, 0x0000016414a140e8]
Event: 0.051 Thread 0x0000016428ea8d90   52       1       java.lang.module.ModuleDescriptor::isAutomatic (5 bytes)
Event: 0.051 Thread 0x0000016428ea8d90 nmethod 52 0x000001641c4d2990 code [0x000001641c4d2b20, 0x000001641c4d2bf0]
Event: 0.051 Thread 0x0000016428ea8d90   57       1       java.lang.module.ResolvedModule::configuration (5 bytes)
Event: 0.052 Thread 0x0000016428ea8d90 nmethod 57 0x000001641c4d2c90 code [0x000001641c4d2e20, 0x000001641c4d2ee8]
Event: 0.052 Thread 0x0000016428ea8d90   62       1       java.util.ImmutableCollections$Set12::isEmpty (2 bytes)
Event: 0.052 Thread 0x0000016428ea8d90 nmethod 62 0x000001641c4d2f90 code [0x000001641c4d3120, 0x000001641c4d31e8]
Event: 0.052 Thread 0x0000016428ea8d90   58       1       java.lang.module.ModuleDescriptor$Exports::targets (5 bytes)
Event: 0.052 Thread 0x0000016428ea8d90 nmethod 58 0x000001641c4d3290 code [0x000001641c4d3420, 0x000001641c4d34e8]
Event: 0.052 Thread 0x0000016428ea8d90   63       3       java.lang.Math::min (11 bytes)
Event: 0.052 Thread 0x0000016428ea8d90 nmethod 63 0x0000016414a14190 code [0x0000016414a14320, 0x0000016414a14458]
Event: 0.052 Thread 0x0000016428ea8d90   64       3       java.lang.AbstractStringBuilder::ensureCapacityInternal (39 bytes)
Event: 0.052 Thread 0x0000016428ea8d90 nmethod 64 0x0000016414a14510 code [0x0000016414a146c0, 0x0000016414a148e8]
Event: 0.052 Thread 0x0000016428ea8d90   65       3       java.lang.AbstractStringBuilder::isLatin1 (19 bytes)
Event: 0.052 Thread 0x0000016428ea8d90 nmethod 65 0x0000016414a14a10 code [0x0000016414a14ba0, 0x0000016414a14d10]
Event: 0.053 Thread 0x0000016428ea8d90   66       3       java.lang.StringLatin1::canEncode (13 bytes)
Event: 0.053 Thread 0x0000016428ea8d90 nmethod 66 0x0000016414a14d90 code [0x0000016414a14f20, 0x0000016414a15060]

GC Heap History (0 events):
No events

Dll operation events (2 events):
Event: 0.007 Loaded shared library C:\Users\Jacob\.jdks\openjdk-22.0.1\bin\java.dll
Event: 0.037 Loaded shared library C:\Users\Jacob\.jdks\openjdk-22.0.1\bin\jsvml.dll

Deoptimization events (0 events):
No events

Classes loaded (11 events):
Event: 0.051 Loading class jdk/internal/vm/PostVMInitHook
Event: 0.051 Loading class jdk/internal/vm/PostVMInitHook done
Event: 0.054 Loading class java/lang/ExceptionInInitializerError
Event: 0.054 Loading class java/lang/ExceptionInInitializerError done
Event: 0.054 Loading class java/lang/StackTraceElement$HashedModules
Event: 0.055 Loading class java/lang/StackTraceElement$HashedModules done
Event: 0.055 Loading class java/security/PrivilegedActionException
Event: 0.055 Loading class java/security/PrivilegedActionException done
Event: 0.055 Loading class java/io/IOException
Event: 0.055 Loading class java/io/IOException done
Event: 0.055 Loading class java/lang/SecurityException

Classes unloaded (0 events):
No events

Classes redefined (0 events):
No events

Internal exceptions (2 events):
Event: 0.054 Thread 0x000001640a3ce6d0 Exception <a 'java/lang/OutOfMemoryError'{0x000000008a48e170}: unable to create native thread: possibly out of memory or process/resource limits reached> (0x000000008a48e170) 
thrown [s\open\src\hotspot\share\prims\jvm.cpp, line 3032]
Event: 0.055 Thread 0x000001640a3ce6d0 Exception <a 'java/lang/OutOfMemoryError'{0x000000008a48e170}> (0x000000008a48e170) 
thrown [s\open\src\hotspot\share\oops\instanceKlass.cpp, line 1247]

ZGC Phase Switch (0 events):
No events

VM Operations (0 events):
No events

Events (10 events):
Event: 0.022 Thread 0x000001640a3ce6d0 Thread added: 0x000001640a3ce6d0
Event: 0.034 Thread 0x0000016428e8eba0 Thread added: 0x0000016428e8eba0
Event: 0.034 Thread 0x0000016428e8fac0 Thread added: 0x0000016428e8fac0
Event: 0.035 Thread 0x0000016428e96f90 Thread added: 0x0000016428e96f90
Event: 0.035 Thread 0x0000016428e99c60 Thread added: 0x0000016428e99c60
Event: 0.035 Thread 0x0000016428e9cb60 Thread added: 0x0000016428e9cb60
Event: 0.035 Thread 0x0000016428e9de90 Thread added: 0x0000016428e9de90
Event: 0.035 Thread 0x0000016428ea3a00 Thread added: 0x0000016428ea3a00
Event: 0.035 Thread 0x0000016428ea8d90 Thread added: 0x0000016428ea8d90
Event: 0.051 Thread 0x000001646e0f38a0 Thread added: 0x000001646e0f38a0


Dynamic libraries:
0x00007ff7d1ac0000 - 0x00007ff7d1ace000 	C:\Users\Jacob\.jdks\openjdk-22.0.1\bin\java.exe
0x00007ffbb16f0000 - 0x00007ffbb1907000 	C:\WINDOWS\SYSTEM32\ntdll.dll
0x00007ffbafba0000 - 0x00007ffbafc64000 	C:\WINDOWS\System32\KERNEL32.DLL
0x00007ffbaec90000 - 0x00007ffbaf047000 	C:\WINDOWS\System32\KERNELBASE.dll
0x00007ffbaf110000 - 0x00007ffbaf221000 	C:\WINDOWS\System32\ucrtbase.dll
0x00007ffbaa480000 - 0x00007ffbaa49b000 	C:\Users\Jacob\.jdks\openjdk-22.0.1\bin\VCRUNTIME140.dll
0x00007ffbaa4d0000 - 0x00007ffbaa4e7000 	C:\Users\Jacob\.jdks\openjdk-22.0.1\bin\jli.dll
0x00007ffbaf650000 - 0x00007ffbaf7ff000 	C:\WINDOWS\System32\USER32.dll
0x00007ffbaea00000 - 0x00007ffbaea26000 	C:\WINDOWS\System32\win32u.dll
0x00007ffb97df0000 - 0x00007ffb98083000 	C:\WINDOWS\WinSxS\amd64_microsoft.windows.common-controls_6595b64144ccf1df_6.0.22621.3672_none_2713b9d173822955\COMCTL32.dll
0x00007ffbb15e0000 - 0x00007ffbb1609000 	C:\WINDOWS\System32\GDI32.dll
0x00007ffbb0f80000 - 0x00007ffbb1027000 	C:\WINDOWS\System32\msvcrt.dll
0x00007ffbaf2d0000 - 0x00007ffbaf3e8000 	C:\WINDOWS\System32\gdi32full.dll
0x00007ffbaf230000 - 0x00007ffbaf2ca000 	C:\WINDOWS\System32\msvcp_win.dll
0x00007ffbafb10000 - 0x00007ffbafb41000 	C:\WINDOWS\System32\IMM32.DLL
0x00007ffbaa4c0000 - 0x00007ffbaa4cc000 	C:\Users\Jacob\.jdks\openjdk-22.0.1\bin\vcruntime140_1.dll
0x00007ffb957f0000 - 0x00007ffb9587e000 	C:\Users\Jacob\.jdks\openjdk-22.0.1\bin\msvcp140.dll
0x00007ffb39870000 - 0x00007ffb3a5b7000 	C:\Users\Jacob\.jdks\openjdk-22.0.1\bin\server\jvm.dll
0x00007ffbb1110000 - 0x00007ffbb11c2000 	C:\WINDOWS\System32\ADVAPI32.dll
0x00007ffbb0db0000 - 0x00007ffbb0e58000 	C:\WINDOWS\System32\sechost.dll
0x00007ffbaf3f0000 - 0x00007ffbaf418000 	C:\WINDOWS\System32\bcrypt.dll
0x00007ffbb0e60000 - 0x00007ffbb0f74000 	C:\WINDOWS\System32\RPCRT4.dll
0x00007ffbb13a0000 - 0x00007ffbb1411000 	C:\WINDOWS\System32\WS2_32.dll
0x00007ffbadbc0000 - 0x00007ffbadc0d000 	C:\WINDOWS\SYSTEM32\POWRPROF.dll
0x00007ffba7270000 - 0x00007ffba72a4000 	C:\WINDOWS\SYSTEM32\WINMM.dll
0x00007ffba68e0000 - 0x00007ffba68ea000 	C:\WINDOWS\SYSTEM32\VERSION.dll
0x00007ffbadba0000 - 0x00007ffbadbb3000 	C:\WINDOWS\SYSTEM32\UMPDC.dll
0x00007ffbada70000 - 0x00007ffbada88000 	C:\WINDOWS\SYSTEM32\kernel.appcore.dll
0x00007ffbaa470000 - 0x00007ffbaa47a000 	C:\Users\Jacob\.jdks\openjdk-22.0.1\bin\jimage.dll
0x00007ffbac2a0000 - 0x00007ffbac4d2000 	C:\WINDOWS\SYSTEM32\DBGHELP.DLL
0x00007ffbb00f0000 - 0x00007ffbb047e000 	C:\WINDOWS\System32\combase.dll
0x00007ffbb1030000 - 0x00007ffbb1107000 	C:\WINDOWS\System32\OLEAUT32.dll
0x00007ffb8de60000 - 0x00007ffb8de92000 	C:\WINDOWS\SYSTEM32\dbgcore.DLL
0x00007ffbaea30000 - 0x00007ffbaeaab000 	C:\WINDOWS\System32\bcryptPrimitives.dll
0x00007ffbaa450000 - 0x00007ffbaa46e000 	C:\Users\Jacob\.jdks\openjdk-22.0.1\bin\java.dll
0x00007ffbb0480000 - 0x00007ffbb0ce9000 	C:\WINDOWS\System32\SHELL32.dll
0x00007ffbaf4a0000 - 0x00007ffbaf645000 	C:\WINDOWS\System32\ole32.dll
0x00007ffbac920000 - 0x00007ffbad21f000 	C:\WINDOWS\SYSTEM32\windows.storage.dll
0x00007ffbac7e0000 - 0x00007ffbac91f000 	C:\WINDOWS\SYSTEM32\wintypes.dll
0x00007ffbaf800000 - 0x00007ffbaf8f9000 	C:\WINDOWS\System32\SHCORE.dll
0x00007ffbb1340000 - 0x00007ffbb139e000 	C:\WINDOWS\System32\shlwapi.dll
0x00007ffbae930000 - 0x00007ffbae957000 	C:\WINDOWS\SYSTEM32\profapi.dll
0x00007ffb93220000 - 0x00007ffb932f7000 	C:\Users\Jacob\.jdks\openjdk-22.0.1\bin\jsvml.dll

dbghelp: loaded successfully - version: 4.0.5 - missing functions: none
symbol engine: initialized successfully - sym options: 0x614 - pdb path: .;C:\Users\Jacob\.jdks\openjdk-22.0.1\bin;C:\WINDOWS\SYSTEM32;C:\WINDOWS\WinSxS\amd64_microsoft.windows.common-controls_6595b64144ccf1df_6.0.22621.3672_none_2713b9d173822955;C:\Users\Jacob\.jdks\openjdk-22.0.1\bin\server

VM Arguments:
jvm_args: -Dnet.bytebuddy.agent.attacher.dump= 
java_command: net.bytebuddy.agent.Attacher com.sun.tools.attach.VirtualMachine 11508 C:\Users\Jacob\.m2\repository\net\bytebuddy\byte-buddy-agent\1.14.19\byte-buddy-agent-1.14.19.jar false 
java_class_path (initial): C:\Users\Jacob\.m2\repository\net\bytebuddy\byte-buddy-agent\1.14.19\byte-buddy-agent-1.14.19.jar
Launcher Type: SUN_STANDARD

[Global flags]
     intx CICompilerCount                          = 4                                         {product} {ergonomic}
     uint ConcGCThreads                            = 2                                         {product} {ergonomic}
     uint G1ConcRefinementThreads                  = 8                                         {product} {ergonomic}
   size_t G1HeapRegionSize                         = 1048576                                   {product} {ergonomic}
   size_t InitialHeapSize                          = 132120576                                 {product} {ergonomic}
   size_t MarkStackSize                            = 4194304                                   {product} {ergonomic}
   size_t MaxHeapSize                              = 2105540608                                {product} {ergonomic}
   size_t MaxNewSize                               = 1262485504                                {product} {ergonomic}
   size_t MinHeapDeltaBytes                        = 1048576                                   {product} {ergonomic}
   size_t MinHeapSize                              = 8388608                                   {product} {ergonomic}
    uintx NonNMethodCodeHeapSize                   = 5839372                                {pd product} {ergonomic}
    uintx NonProfiledCodeHeapSize                  = 122909434                              {pd product} {ergonomic}
     bool PerfDisableSharedMem                     = true                                      {product} {ergonomic}
    uintx ProfiledCodeHeapSize                     = 122909434                              {pd product} {ergonomic}
    uintx ReservedCodeCacheSize                    = 251658240                              {pd product} {ergonomic}
     bool SegmentedCodeCache                       = true                                      {product} {ergonomic}
   size_t SoftMaxHeapSize                          = 2105540608                             {manageable} {ergonomic}
     bool UseCompressedOops                        = true                           {product lp64_product} {ergonomic}
     bool UseG1GC                                  = true                                      {product} {ergonomic}
     bool UseLargePagesIndividualAllocation        = false                                  {pd product} {ergonomic}

Logging:
Log output configuration:
 #0: stdout all=warning uptime,level,tags foldmultilines=false
 #1: stderr all=off uptime,level,tags foldmultilines=false

Environment Variables:
JAVA_HOME=C:\Users\Jacob\Documents\jdk-21_windows-x64_bin\jdk-21.0.4
PATH=C:\Program Files (x86)\Common Files\Oracle\Java\javapath;C:\Windows\system32;C:\Windows;C:\Windows\System32\Wbem;C:\Windows\System32\WindowsPowerShell\v1.0\;C:\Windows\System32\OpenSSH\;C:\Program Files (x86)\NVIDIA Corporation\PhysX\Common;C:\Program Files\NVIDIA Corporation\NVIDIA NvDLISR;C:\WINDOWS\system32;C:\WINDOWS;C:\WINDOWS\System32\Wbem;C:\WINDOWS\System32\WindowsPowerShell\v1.0\;C:\WINDOWS\System32\OpenSSH\;C:\TDM-GCC-64\bin;C:\Program Files\nodejs\;C:\Program Files\Git\cmd;C:\Program Files\Docker\Docker\resources\bin;C:\Users\Jacob\Documents\jdk-21_windows-x64_bin\jdk-21.0.4\bin;C:\Users\Jacob\AppData\Local\Microsoft\WindowsApps;;C:\Users\Jacob\AppData\Local\Programs\Microsoft VS Code\bin;C:\Users\Jacob\AppData\Roaming\npm;C:\Users\Jacob\Desktop\IntelliJ IDEA Community Edition 2024.1.3\bin;
USERNAME=Jacob
OS=Windows_NT
PROCESSOR_IDENTIFIER=Intel64 Family 6 Model 165 Stepping 2, GenuineIntel
TMP=C:\Users\Jacob\AppData\Local\Temp
TEMP=C:\Users\Jacob\AppData\Local\Temp




Periodic native trim disabled

---------------  S Y S T E M  ---------------

OS:
 Windows 11 , 64 bit Build 22621 (10.0.22621.3958)
OS uptime: 0 days 1:07 hours
Hyper-V role detected

CPU: total 8 (initial active 8) (4 cores per cpu, 2 threads per core) family 6 model 165 stepping 2 microcode 0xe0, cx8, cmov, fxsr, ht, mmx, 3dnowpref, sse, sse2, sse3, ssse3, sse4.1, sse4.2, popcnt, lzcnt, tsc, tscinvbit, avx, avx2, aes, erms, clmul, bmi1, bmi2, adx, fma, vzeroupper, clflush, clflushopt, hv, rdtscp, f16c
Processor Information for all 8 processors :
  Max Mhz: 2496, Current Mhz: 2496, Mhz Limit: 2496

Memory: 4k page, system-wide physical 8029M (1197M free)
TotalPageFile size 9928M (AvailPageFile size 363M)
current process WorkingSet (physical memory assigned to process): 34M, peak: 34M
current process commit charge ("private bytes"): 206M, peak: 206M

vm_info: OpenJDK 64-Bit Server VM (22.0.1+8-16) for windows-amd64 JRE (22.0.1+8-16), built on 2024-03-12T10:33:16Z by "mach5one" with MS VC++ 17.6 (VS2022)

END.
